<?xml version="1.0" encoding="UTF-8"?>
<coverage generated="1608357655404" clover="3.2.0">
  <project timestamp="1608357655404" name="All files">
    <metrics statements="217" coveredstatements="204" conditionals="436" coveredconditionals="320" methods="140" coveredmethods="121" elements="793" coveredelements="645" complexity="0" loc="217" ncloc="217" packages="5" files="15" classes="15"/>
    <package name="config">
      <metrics statements="4" coveredstatements="4" conditionals="4" coveredconditionals="3" methods="1" coveredmethods="1"/>
      <file name="Firebase.js" path="C:\Users\Anik Chowdhury\Desktop\ReactNativeProject\FundooNotes\config\Firebase.js">
        <metrics statements="4" coveredstatements="4" conditionals="4" coveredconditionals="3" methods="1" coveredmethods="1"/>
        <line num="1" count="6" type="cond" truecount="3" falsecount="1"/>
        <line num="13" count="6" type="stmt"/>
        <line num="24" count="6" type="stmt"/>
        <line num="26" count="6" type="stmt"/>
      </file>
    </package>
    <package name="services">
      <metrics statements="38" coveredstatements="27" conditionals="37" coveredconditionals="21" methods="26" coveredmethods="24"/>
      <file name="SocialServices.js" path="C:\Users\Anik Chowdhury\Desktop\ReactNativeProject\FundooNotes\services\SocialServices.js">
        <metrics statements="17" coveredstatements="6" conditionals="15" coveredconditionals="6" methods="8" coveredmethods="6"/>
        <line num="1" count="2" type="stmt"/>
        <line num="2" count="2" type="cond" truecount="4" falsecount="2"/>
        <line num="4" count="2" type="stmt"/>
        <line num="6" count="4" type="cond" truecount="2" falsecount="3"/>
        <line num="7" count="0" type="stmt"/>
        <line num="8" count="0" type="cond" truecount="0" falsecount="2"/>
        <line num="9" count="0" type="stmt"/>
        <line num="10" count="0" type="stmt"/>
        <line num="11" count="0" type="stmt"/>
        <line num="12" count="0" type="cond" truecount="0" falsecount="2"/>
        <line num="13" count="0" type="stmt"/>
        <line num="15" count="0" type="stmt"/>
        <line num="16" count="0" type="stmt"/>
        <line num="17" count="0" type="stmt"/>
        <line num="19" count="0" type="stmt"/>
        <line num="20" count="2" type="stmt"/>
        <line num="25" count="2" type="stmt"/>
      </file>
      <file name="UserServices.js" path="C:\Users\Anik Chowdhury\Desktop\ReactNativeProject\FundooNotes\services\UserServices.js">
        <metrics statements="21" coveredstatements="21" conditionals="22" coveredconditionals="15" methods="18" coveredmethods="18"/>
        <line num="1" count="18" type="cond" truecount="9" falsecount="5"/>
        <line num="3" count="6" type="stmt"/>
        <line num="5" count="4" type="stmt"/>
        <line num="6" count="4" type="stmt"/>
        <line num="7" count="1" type="stmt"/>
        <line num="9" count="3" type="cond" truecount="1" falsecount="1"/>
        <line num="10" count="3" type="stmt"/>
        <line num="18" count="6" type="stmt"/>
        <line num="19" count="6" type="stmt"/>
        <line num="20" count="2" type="stmt"/>
        <line num="22" count="4" type="cond" truecount="2" falsecount="0"/>
        <line num="23" count="2" type="stmt"/>
        <line num="25" count="4" type="cond" truecount="2" falsecount="0"/>
        <line num="26" count="2" type="stmt"/>
        <line num="34" count="4" type="stmt"/>
        <line num="35" count="4" type="stmt"/>
        <line num="36" count="2" type="stmt"/>
        <line num="38" count="2" type="cond" truecount="1" falsecount="1"/>
        <line num="39" count="2" type="stmt"/>
        <line num="44" count="6" type="stmt"/>
        <line num="47" count="6" type="stmt"/>
      </file>
    </package>
    <package name="src.assets">
      <metrics statements="3" coveredstatements="3" conditionals="0" coveredconditionals="0" methods="0" coveredmethods="0"/>
      <file name="app-logo.png" path="C:\Users\Anik Chowdhury\Desktop\ReactNativeProject\FundooNotes\src\assets\app-logo.png">
        <metrics statements="1" coveredstatements="1" conditionals="0" coveredconditionals="0" methods="0" coveredmethods="0"/>
        <line num="1" count="3" type="stmt"/>
      </file>
      <file name="eye-off.png" path="C:\Users\Anik Chowdhury\Desktop\ReactNativeProject\FundooNotes\src\assets\eye-off.png">
        <metrics statements="1" coveredstatements="1" conditionals="0" coveredconditionals="0" methods="0" coveredmethods="0"/>
        <line num="1" count="2" type="stmt"/>
      </file>
      <file name="eye.png" path="C:\Users\Anik Chowdhury\Desktop\ReactNativeProject\FundooNotes\src\assets\eye.png">
        <metrics statements="1" coveredstatements="1" conditionals="0" coveredconditionals="0" methods="0" coveredmethods="0"/>
        <line num="1" count="2" type="stmt"/>
      </file>
    </package>
    <package name="src.components">
      <metrics statements="163" coveredstatements="161" conditionals="395" coveredconditionals="296" methods="113" coveredmethods="96"/>
      <file name="ForgotPassword.js" path="C:\Users\Anik Chowdhury\Desktop\ReactNativeProject\FundooNotes\src\components\ForgotPassword.js">
        <metrics statements="20" coveredstatements="20" conditionals="92" coveredconditionals="61" methods="27" coveredmethods="22"/>
        <line num="1" count="2" type="stmt"/>
        <line num="2" count="2" type="stmt"/>
        <line num="3" count="2" type="stmt"/>
        <line num="4" count="56" type="cond" truecount="44" falsecount="29"/>
        <line num="6" count="2" type="stmt"/>
        <line num="7" count="5" type="stmt"/>
        <line num="8" count="5" type="stmt"/>
        <line num="17" count="6" type="cond" truecount="3" falsecount="0"/>
        <line num="21" count="5" type="stmt"/>
        <line num="25" count="9" type="cond" truecount="6" falsecount="0"/>
        <line num="26" count="3" type="cond" truecount="2" falsecount="0"/>
        <line num="27" count="2" type="stmt"/>
        <line num="31" count="1" type="stmt"/>
        <line num="34" count="1" type="cond" truecount="1" falsecount="1"/>
        <line num="35" count="1" type="stmt"/>
        <line num="39" count="2" type="cond" truecount="1" falsecount="1"/>
        <line num="42" count="1" type="stmt"/>
        <line num="48" count="5" type="stmt"/>
        <line num="52" count="10" type="stmt"/>
        <line num="85" count="2" type="stmt"/>
      </file>
      <file name="ForgotPasswordScreen.js" path="C:\Users\Anik Chowdhury\Desktop\ReactNativeProject\FundooNotes\src\components\ForgotPasswordScreen.js">
        <metrics statements="5" coveredstatements="5" conditionals="4" coveredconditionals="4" methods="2" coveredmethods="2"/>
        <line num="1" count="1" type="stmt"/>
        <line num="2" count="2" type="cond" truecount="4" falsecount="0"/>
        <line num="4" count="1" type="stmt"/>
        <line num="5" count="1" type="stmt"/>
        <line num="10" count="1" type="stmt"/>
      </file>
      <file name="Login.js" path="C:\Users\Anik Chowdhury\Desktop\ReactNativeProject\FundooNotes\src\components\Login.js">
        <metrics statements="48" coveredstatements="46" conditionals="118" coveredconditionals="86" methods="37" coveredmethods="30"/>
        <line num="1" count="2" type="stmt"/>
        <line num="2" count="2" type="stmt"/>
        <line num="3" count="2" type="stmt"/>
        <line num="4" count="2" type="stmt"/>
        <line num="5" count="2" type="stmt"/>
        <line num="6" count="56" type="cond" truecount="44" falsecount="29"/>
        <line num="8" count="2" type="stmt"/>
        <line num="9" count="11" type="stmt"/>
        <line num="10" count="11" type="stmt"/>
        <line num="23" count="8" type="cond" truecount="3" falsecount="0"/>
        <line num="28" count="11" type="stmt"/>
        <line num="32" count="8" type="cond" truecount="3" falsecount="0"/>
        <line num="37" count="11" type="stmt"/>
        <line num="42" count="2" type="stmt"/>
        <line num="43" count="2" type="cond" truecount="2" falsecount="0"/>
        <line num="44" count="1" type="stmt"/>
        <line num="49" count="1" type="stmt"/>
        <line num="53" count="2" type="cond" truecount="1" falsecount="1"/>
        <line num="54" count="11" type="stmt"/>
        <line num="56" count="1" type="cond" truecount="3" falsecount="0"/>
        <line num="57" count="1" type="stmt"/>
        <line num="58" count="1" type="stmt"/>
        <line num="59" count="11" type="stmt"/>
        <line num="62" count="13" type="cond" truecount="7" falsecount="0"/>
        <line num="63" count="4" type="cond" truecount="2" falsecount="0"/>
        <line num="64" count="3" type="cond" truecount="2" falsecount="0"/>
        <line num="68" count="1" type="stmt"/>
        <line num="71" count="2" type="cond" truecount="2" falsecount="0"/>
        <line num="72" count="1" type="stmt"/>
        <line num="76" count="2" type="cond" truecount="2" falsecount="0"/>
        <line num="77" count="1" type="stmt"/>
        <line num="81" count="3" type="cond" truecount="1" falsecount="1"/>
        <line num="84" count="1" type="stmt"/>
        <line num="86" count="1" type="cond" truecount="1" falsecount="1"/>
        <line num="89" count="1" type="stmt"/>
        <line num="95" count="11" type="stmt"/>
        <line num="99" count="1" type="stmt"/>
        <line num="100" count="1" type="stmt"/>
        <line num="101" count="1" type="stmt"/>
        <line num="102" count="11" type="stmt"/>
        <line num="104" count="1" type="cond" truecount="3" falsecount="0"/>
        <line num="105" count="1" type="stmt"/>
        <line num="106" count="1" type="stmt"/>
        <line num="107" count="0" type="stmt"/>
        <line num="109" count="0" type="stmt"/>
        <line num="111" count="11" type="stmt"/>
        <line num="115" count="25" type="stmt"/>
        <line num="200" count="2" type="stmt"/>
      </file>
      <file name="LoginScreen.js" path="C:\Users\Anik Chowdhury\Desktop\ReactNativeProject\FundooNotes\src\components\LoginScreen.js">
        <metrics statements="5" coveredstatements="5" conditionals="4" coveredconditionals="4" methods="2" coveredmethods="2"/>
        <line num="1" count="1" type="stmt"/>
        <line num="2" count="2" type="cond" truecount="4" falsecount="0"/>
        <line num="4" count="1" type="stmt"/>
        <line num="5" count="1" type="stmt"/>
        <line num="10" count="1" type="stmt"/>
      </file>
      <file name="Register.js" path="C:\Users\Anik Chowdhury\Desktop\ReactNativeProject\FundooNotes\src\components\Register.js">
        <metrics statements="80" coveredstatements="80" conditionals="173" coveredconditionals="137" methods="43" coveredmethods="38"/>
        <line num="1" count="2" type="stmt"/>
        <line num="2" count="2" type="stmt"/>
        <line num="3" count="2" type="stmt"/>
        <line num="4" count="2" type="stmt"/>
        <line num="5" count="56" type="cond" truecount="44" falsecount="29"/>
        <line num="7" count="2" type="stmt"/>
        <line num="8" count="23" type="stmt"/>
        <line num="9" count="23" type="stmt"/>
        <line num="33" count="6" type="cond" truecount="4" falsecount="0"/>
        <line num="38" count="23" type="stmt"/>
        <line num="41" count="6" type="cond" truecount="4" falsecount="0"/>
        <line num="46" count="23" type="stmt"/>
        <line num="49" count="6" type="cond" truecount="4" falsecount="0"/>
        <line num="55" count="23" type="stmt"/>
        <line num="58" count="10" type="cond" truecount="4" falsecount="0"/>
        <line num="63" count="5" type="stmt"/>
        <line num="64" count="5" type="cond" truecount="2" falsecount="0"/>
        <line num="65" count="4" type="stmt"/>
        <line num="66" count="23" type="stmt"/>
        <line num="69" count="8" type="cond" truecount="4" falsecount="0"/>
        <line num="74" count="23" type="stmt"/>
        <line num="78" count="5" type="stmt"/>
        <line num="79" count="5" type="cond" truecount="2" falsecount="0"/>
        <line num="80" count="4" type="stmt"/>
        <line num="85" count="1" type="stmt"/>
        <line num="89" count="23" type="stmt"/>
        <line num="92" count="5" type="stmt"/>
        <line num="93" count="5" type="cond" truecount="2" falsecount="0"/>
        <line num="94" count="4" type="stmt"/>
        <line num="99" count="1" type="stmt"/>
        <line num="103" count="23" type="stmt"/>
        <line num="106" count="5" type="stmt"/>
        <line num="107" count="5" type="cond" truecount="2" falsecount="0"/>
        <line num="108" count="4" type="stmt"/>
        <line num="113" count="1" type="stmt"/>
        <line num="117" count="23" type="stmt"/>
        <line num="120" count="7" type="stmt"/>
        <line num="121" count="7" type="cond" truecount="2" falsecount="0"/>
        <line num="122" count="6" type="stmt"/>
        <line num="127" count="1" type="stmt"/>
        <line num="131" count="23" type="stmt"/>
        <line num="134" count="10" type="cond" truecount="2" falsecount="0"/>
        <line num="135" count="8" type="stmt"/>
        <line num="140" count="2" type="stmt"/>
        <line num="144" count="23" type="stmt"/>
        <line num="147" count="2" type="stmt"/>
        <line num="148" count="2" type="cond" truecount="2" falsecount="0"/>
        <line num="149" count="1" type="stmt"/>
        <line num="154" count="1" type="stmt"/>
        <line num="158" count="2" type="cond" truecount="1" falsecount="1"/>
        <line num="159" count="23" type="stmt"/>
        <line num="162" count="2" type="stmt"/>
        <line num="163" count="2" type="cond" truecount="2" falsecount="0"/>
        <line num="164" count="1" type="stmt"/>
        <line num="169" count="1" type="stmt"/>
        <line num="173" count="2" type="cond" truecount="1" falsecount="1"/>
        <line num="174" count="23" type="stmt"/>
        <line num="177" count="1" type="stmt"/>
        <line num="178" count="1" type="stmt"/>
        <line num="179" count="1" type="stmt"/>
        <line num="180" count="23" type="stmt"/>
        <line num="182" count="13" type="cond" truecount="10" falsecount="0"/>
        <line num="183" count="3" type="cond" truecount="2" falsecount="0"/>
        <line num="193" count="2" type="stmt"/>
        <line num="198" count="1" type="stmt"/>
        <line num="201" count="2" type="cond" truecount="2" falsecount="0"/>
        <line num="202" count="1" type="stmt"/>
        <line num="206" count="2" type="cond" truecount="1" falsecount="1"/>
        <line num="209" count="1" type="stmt"/>
        <line num="211" count="1" type="cond" truecount="1" falsecount="1"/>
        <line num="214" count="1" type="stmt"/>
        <line num="216" count="1" type="cond" truecount="1" falsecount="1"/>
        <line num="219" count="1" type="stmt"/>
        <line num="221" count="1" type="cond" truecount="1" falsecount="1"/>
        <line num="224" count="1" type="stmt"/>
        <line num="226" count="1" type="cond" truecount="1" falsecount="1"/>
        <line num="229" count="1" type="stmt"/>
        <line num="235" count="23" type="stmt"/>
        <line num="247" count="95" type="stmt"/>
        <line num="363" count="2" type="stmt"/>
      </file>
      <file name="RegisterScreen.js" path="C:\Users\Anik Chowdhury\Desktop\ReactNativeProject\FundooNotes\src\components\RegisterScreen.js">
        <metrics statements="5" coveredstatements="5" conditionals="4" coveredconditionals="4" methods="2" coveredmethods="2"/>
        <line num="1" count="1" type="stmt"/>
        <line num="2" count="2" type="cond" truecount="4" falsecount="0"/>
        <line num="4" count="1" type="stmt"/>
        <line num="5" count="1" type="stmt"/>
        <line num="10" count="1" type="stmt"/>
      </file>
    </package>
    <package name="src.styles">
      <metrics statements="9" coveredstatements="9" conditionals="0" coveredconditionals="0" methods="0" coveredmethods="0"/>
      <file name="ForgotPassword.styles.js" path="C:\Users\Anik Chowdhury\Desktop\ReactNativeProject\FundooNotes\src\styles\ForgotPassword.styles.js">
        <metrics statements="3" coveredstatements="3" conditionals="0" coveredconditionals="0" methods="0" coveredmethods="0"/>
        <line num="1" count="2" type="stmt"/>
        <line num="3" count="2" type="stmt"/>
        <line num="88" count="2" type="stmt"/>
      </file>
      <file name="Login.styles.js" path="C:\Users\Anik Chowdhury\Desktop\ReactNativeProject\FundooNotes\src\styles\Login.styles.js">
        <metrics statements="3" coveredstatements="3" conditionals="0" coveredconditionals="0" methods="0" coveredmethods="0"/>
        <line num="1" count="2" type="stmt"/>
        <line num="3" count="2" type="stmt"/>
        <line num="145" count="2" type="stmt"/>
      </file>
      <file name="Register.styles.js" path="C:\Users\Anik Chowdhury\Desktop\ReactNativeProject\FundooNotes\src\styles\Register.styles.js">
        <metrics statements="3" coveredstatements="3" conditionals="0" coveredconditionals="0" methods="0" coveredmethods="0"/>
        <line num="1" count="2" type="stmt"/>
        <line num="3" count="2" type="stmt"/>
        <line num="114" count="2" type="stmt"/>
      </file>
    </package>
  </project>
</coverage>
