{"C:\\Users\\Anik Chowdhury\\Desktop\\ReactNativeProject\\FundooNotes\\config\\Firebase.js": {"path":"C:\\Users\\Anik Chowdhury\\Desktop\\ReactNativeProject\\FundooNotes\\config\\Firebase.js","statementMap":{"0":{"start":{"line":1,"column":13},"end":{"line":1,"column":75}},"1":{"start":{"line":1,"column":75},"end":{"line":1,"column":100}},"2":{"start":{"line":1,"column":116},"end":{"line":1,"column":159}},"3":{"start":{"line":1,"column":198},"end":{"line":1,"column":252}},"4":{"start":{"line":13,"column":21},"end":{"line":20,"column":58}},"5":{"start":{"line":24,"column":15},"end":{"line":24,"column":62}},"6":{"start":{"line":26,"column":0},"end":{"line":26,"column":8}},"7":{"start":{"line":26,"column":9},"end":{"line":26,"column":36}}},"fnMap":{"0":{"name":"_interopRequireDefault","decl":{"start":{"line":1,"column":169},"end":{"line":1,"column":191}},"loc":{"start":{"line":1,"column":197},"end":{"line":1,"column":253}},"line":1}},"branchMap":{"0":{"loc":{"start":{"line":1,"column":205},"end":{"line":1,"column":251}},"type":"cond-expr","locations":[{"start":{"line":1,"column":229},"end":{"line":1,"column":232}},{"start":{"line":1,"column":235},"end":{"line":1,"column":251}}],"line":1},"1":{"loc":{"start":{"line":1,"column":205},"end":{"line":1,"column":226}},"type":"binary-expr","locations":[{"start":{"line":1,"column":205},"end":{"line":1,"column":208}},{"start":{"line":1,"column":212},"end":{"line":1,"column":226}}],"line":1}},"s":{"0":12,"1":12,"2":12,"3":12,"4":12,"5":12,"6":12,"7":12},"f":{"0":12},"b":{"0":[12,0],"1":[12,12]},"inputSourceMap":null,"_coverageSchema":"1a1c01bbd47fc00a2c39e90264f33305004495a9","hash":"2695c49acc2da832162fc924fc101210d721e538"}
,"C:\\Users\\Anik Chowdhury\\Desktop\\ReactNativeProject\\FundooNotes\\services\\NoteDataController.js": {"path":"C:\\Users\\Anik Chowdhury\\Desktop\\ReactNativeProject\\FundooNotes\\services\\NoteDataController.js","statementMap":{"0":{"start":{"line":1,"column":13},"end":{"line":1,"column":75}},"1":{"start":{"line":1,"column":75},"end":{"line":1,"column":100}},"2":{"start":{"line":1,"column":127},"end":{"line":1,"column":183}},"3":{"start":{"line":2,"column":22},"end":{"line":2,"column":73}},"4":{"start":{"line":3,"column":25},"end":{"line":3,"column":79}},"5":{"start":{"line":4,"column":27},"end":{"line":4,"column":83}},"6":{"start":{"line":5,"column":24},"end":{"line":5,"column":77}},"7":{"start":{"line":5,"column":116},"end":{"line":5,"column":170}},"8":{"start":{"line":5,"column":220},"end":{"line":5,"column":319}},"9":{"start":{"line":5,"column":261},"end":{"line":5,"column":318}},"10":{"start":{"line":7,"column":21},"end":{"line":234,"column":5}},"11":{"start":{"line":7,"column":64},"end":{"line":7,"column":68}},"12":{"start":{"line":7,"column":69},"end":{"line":7,"column":111}},"13":{"start":{"line":7,"column":111},"end":{"line":17,"column":4}},"14":{"start":{"line":9,"column":4},"end":{"line":16,"column":7}},"15":{"start":{"line":10,"column":6},"end":{"line":12,"column":59}},"16":{"start":{"line":11,"column":24},"end":{"line":11,"column":50}},"17":{"start":{"line":12,"column":30},"end":{"line":12,"column":56}},"18":{"start":{"line":13,"column":6},"end":{"line":15,"column":59}},"19":{"start":{"line":14,"column":24},"end":{"line":14,"column":52}},"20":{"start":{"line":15,"column":30},"end":{"line":15,"column":56}},"21":{"start":{"line":17,"column":4},"end":{"line":28,"column":4}},"22":{"start":{"line":20,"column":4},"end":{"line":27,"column":7}},"23":{"start":{"line":21,"column":6},"end":{"line":23,"column":59}},"24":{"start":{"line":22,"column":24},"end":{"line":22,"column":50}},"25":{"start":{"line":23,"column":30},"end":{"line":23,"column":56}},"26":{"start":{"line":24,"column":6},"end":{"line":26,"column":59}},"27":{"start":{"line":25,"column":24},"end":{"line":25,"column":54}},"28":{"start":{"line":26,"column":30},"end":{"line":26,"column":56}},"29":{"start":{"line":28,"column":4},"end":{"line":39,"column":4}},"30":{"start":{"line":31,"column":4},"end":{"line":38,"column":7}},"31":{"start":{"line":32,"column":6},"end":{"line":34,"column":59}},"32":{"start":{"line":33,"column":24},"end":{"line":33,"column":50}},"33":{"start":{"line":34,"column":30},"end":{"line":34,"column":56}},"34":{"start":{"line":35,"column":6},"end":{"line":37,"column":59}},"35":{"start":{"line":36,"column":24},"end":{"line":36,"column":54}},"36":{"start":{"line":37,"column":30},"end":{"line":37,"column":56}},"37":{"start":{"line":39,"column":4},"end":{"line":50,"column":4}},"38":{"start":{"line":42,"column":4},"end":{"line":49,"column":7}},"39":{"start":{"line":43,"column":6},"end":{"line":45,"column":59}},"40":{"start":{"line":44,"column":24},"end":{"line":44,"column":50}},"41":{"start":{"line":45,"column":30},"end":{"line":45,"column":56}},"42":{"start":{"line":46,"column":6},"end":{"line":48,"column":59}},"43":{"start":{"line":47,"column":24},"end":{"line":47,"column":54}},"44":{"start":{"line":48,"column":30},"end":{"line":48,"column":56}},"45":{"start":{"line":50,"column":4},"end":{"line":61,"column":4}},"46":{"start":{"line":53,"column":4},"end":{"line":60,"column":7}},"47":{"start":{"line":54,"column":6},"end":{"line":56,"column":59}},"48":{"start":{"line":55,"column":24},"end":{"line":55,"column":50}},"49":{"start":{"line":56,"column":30},"end":{"line":56,"column":56}},"50":{"start":{"line":57,"column":6},"end":{"line":59,"column":59}},"51":{"start":{"line":58,"column":24},"end":{"line":58,"column":55}},"52":{"start":{"line":59,"column":30},"end":{"line":59,"column":56}},"53":{"start":{"line":61,"column":4},"end":{"line":80,"column":4}},"54":{"start":{"line":64,"column":16},"end":{"line":70,"column":26}},"55":{"start":{"line":72,"column":4},"end":{"line":79,"column":7}},"56":{"start":{"line":73,"column":6},"end":{"line":75,"column":59}},"57":{"start":{"line":74,"column":24},"end":{"line":74,"column":50}},"58":{"start":{"line":75,"column":30},"end":{"line":75,"column":56}},"59":{"start":{"line":76,"column":6},"end":{"line":78,"column":59}},"60":{"start":{"line":77,"column":24},"end":{"line":77,"column":55}},"61":{"start":{"line":78,"column":30},"end":{"line":78,"column":56}},"62":{"start":{"line":80,"column":4},"end":{"line":125,"column":90}},"63":{"start":{"line":82,"column":124},"end":{"line":125,"column":88}},"64":{"start":{"line":82,"column":185},"end":{"line":125,"column":58}},"65":{"start":{"line":82,"column":196},"end":{"line":125,"column":57}},"66":{"start":{"line":82,"column":243},"end":{"line":82,"column":261}},"67":{"start":{"line":82,"column":261},"end":{"line":88,"column":16}},"68":{"start":{"line":86,"column":14},"end":{"line":86,"column":39}},"69":{"start":{"line":87,"column":14},"end":{"line":87,"column":51}},"70":{"start":{"line":88,"column":23},"end":{"line":88,"column":41}},"71":{"start":{"line":88,"column":41},"end":{"line":96,"column":16}},"72":{"start":{"line":91,"column":14},"end":{"line":91,"column":33}},"73":{"start":{"line":92,"column":14},"end":{"line":95,"column":15}},"74":{"start":{"line":93,"column":16},"end":{"line":94,"column":67}},"75":{"start":{"line":93,"column":29},"end":{"line":93,"column":30}},"76":{"start":{"line":94,"column":18},"end":{"line":94,"column":66}},"77":{"start":{"line":97,"column":12},"end":{"line":120,"column":15}},"78":{"start":{"line":98,"column":14},"end":{"line":119,"column":15}},"79":{"start":{"line":99,"column":32},"end":{"line":105,"column":55}},"80":{"start":{"line":107,"column":16},"end":{"line":107,"column":89}},"81":{"start":{"line":110,"column":33},"end":{"line":116,"column":55}},"82":{"start":{"line":118,"column":16},"end":{"line":118,"column":91}},"83":{"start":{"line":121,"column":12},"end":{"line":125,"column":15}},"84":{"start":{"line":122,"column":14},"end":{"line":124,"column":15}},"85":{"start":{"line":123,"column":16},"end":{"line":123,"column":83}},"86":{"start":{"line":125,"column":33},"end":{"line":125,"column":56}},"87":{"start":{"line":125,"column":90},"end":{"line":137,"column":4}},"88":{"start":{"line":129,"column":4},"end":{"line":136,"column":7}},"89":{"start":{"line":130,"column":6},"end":{"line":132,"column":59}},"90":{"start":{"line":131,"column":24},"end":{"line":131,"column":50}},"91":{"start":{"line":132,"column":30},"end":{"line":132,"column":56}},"92":{"start":{"line":133,"column":6},"end":{"line":135,"column":59}},"93":{"start":{"line":134,"column":24},"end":{"line":134,"column":52}},"94":{"start":{"line":135,"column":30},"end":{"line":135,"column":56}},"95":{"start":{"line":137,"column":4},"end":{"line":148,"column":4}},"96":{"start":{"line":140,"column":4},"end":{"line":147,"column":7}},"97":{"start":{"line":141,"column":6},"end":{"line":143,"column":59}},"98":{"start":{"line":142,"column":24},"end":{"line":142,"column":50}},"99":{"start":{"line":143,"column":30},"end":{"line":143,"column":56}},"100":{"start":{"line":144,"column":6},"end":{"line":146,"column":59}},"101":{"start":{"line":145,"column":24},"end":{"line":145,"column":54}},"102":{"start":{"line":146,"column":30},"end":{"line":146,"column":56}},"103":{"start":{"line":148,"column":4},"end":{"line":159,"column":4}},"104":{"start":{"line":151,"column":4},"end":{"line":158,"column":7}},"105":{"start":{"line":152,"column":6},"end":{"line":154,"column":59}},"106":{"start":{"line":153,"column":24},"end":{"line":153,"column":50}},"107":{"start":{"line":154,"column":30},"end":{"line":154,"column":56}},"108":{"start":{"line":155,"column":6},"end":{"line":157,"column":59}},"109":{"start":{"line":156,"column":24},"end":{"line":156,"column":54}},"110":{"start":{"line":157,"column":30},"end":{"line":157,"column":56}},"111":{"start":{"line":159,"column":4},"end":{"line":196,"column":91}},"112":{"start":{"line":161,"column":112},"end":{"line":196,"column":89}},"113":{"start":{"line":161,"column":175},"end":{"line":196,"column":59}},"114":{"start":{"line":161,"column":186},"end":{"line":196,"column":58}},"115":{"start":{"line":161,"column":235},"end":{"line":161,"column":254}},"116":{"start":{"line":161,"column":254},"end":{"line":167,"column":16}},"117":{"start":{"line":165,"column":14},"end":{"line":165,"column":40}},"118":{"start":{"line":166,"column":14},"end":{"line":166,"column":53}},"119":{"start":{"line":167,"column":23},"end":{"line":167,"column":42}},"120":{"start":{"line":167,"column":42},"end":{"line":175,"column":16}},"121":{"start":{"line":170,"column":14},"end":{"line":170,"column":34}},"122":{"start":{"line":171,"column":14},"end":{"line":174,"column":15}},"123":{"start":{"line":172,"column":16},"end":{"line":173,"column":69}},"124":{"start":{"line":172,"column":29},"end":{"line":172,"column":30}},"125":{"start":{"line":173,"column":18},"end":{"line":173,"column":68}},"126":{"start":{"line":176,"column":12},"end":{"line":191,"column":15}},"127":{"start":{"line":177,"column":14},"end":{"line":190,"column":15}},"128":{"start":{"line":178,"column":29},"end":{"line":180,"column":52}},"129":{"start":{"line":182,"column":16},"end":{"line":182,"column":92}},"130":{"start":{"line":185,"column":30},"end":{"line":187,"column":52}},"131":{"start":{"line":189,"column":16},"end":{"line":189,"column":94}},"132":{"start":{"line":192,"column":12},"end":{"line":196,"column":15}},"133":{"start":{"line":193,"column":14},"end":{"line":195,"column":15}},"134":{"start":{"line":194,"column":16},"end":{"line":194,"column":90}},"135":{"start":{"line":196,"column":33},"end":{"line":196,"column":57}},"136":{"start":{"line":196,"column":91},"end":{"line":204,"column":4}},"137":{"start":{"line":200,"column":4},"end":{"line":200,"column":63}},"138":{"start":{"line":201,"column":4},"end":{"line":201,"column":46}},"139":{"start":{"line":202,"column":4},"end":{"line":202,"column":68}},"140":{"start":{"line":203,"column":4},"end":{"line":203,"column":47}},"141":{"start":{"line":204,"column":4},"end":{"line":215,"column":4}},"142":{"start":{"line":207,"column":4},"end":{"line":214,"column":7}},"143":{"start":{"line":208,"column":6},"end":{"line":210,"column":59}},"144":{"start":{"line":209,"column":24},"end":{"line":209,"column":50}},"145":{"start":{"line":210,"column":30},"end":{"line":210,"column":56}},"146":{"start":{"line":211,"column":6},"end":{"line":213,"column":59}},"147":{"start":{"line":212,"column":24},"end":{"line":212,"column":60}},"148":{"start":{"line":213,"column":30},"end":{"line":213,"column":56}},"149":{"start":{"line":215,"column":4},"end":{"line":234,"column":4}},"150":{"start":{"line":218,"column":16},"end":{"line":224,"column":36}},"151":{"start":{"line":226,"column":4},"end":{"line":233,"column":7}},"152":{"start":{"line":227,"column":6},"end":{"line":229,"column":59}},"153":{"start":{"line":228,"column":24},"end":{"line":228,"column":50}},"154":{"start":{"line":229,"column":30},"end":{"line":229,"column":56}},"155":{"start":{"line":230,"column":6},"end":{"line":232,"column":59}},"156":{"start":{"line":231,"column":24},"end":{"line":231,"column":54}},"157":{"start":{"line":232,"column":30},"end":{"line":232,"column":56}},"158":{"start":{"line":237,"column":0},"end":{"line":237,"column":24}},"159":{"start":{"line":237,"column":25},"end":{"line":237,"column":52}}},"fnMap":{"0":{"name":"_interopRequireDefault","decl":{"start":{"line":5,"column":87},"end":{"line":5,"column":109}},"loc":{"start":{"line":5,"column":115},"end":{"line":5,"column":171}},"line":5},"1":{"name":"_classCallCheck","decl":{"start":{"line":5,"column":180},"end":{"line":5,"column":195}},"loc":{"start":{"line":5,"column":219},"end":{"line":5,"column":320}},"line":5},"2":{"name":"NoteDataController","decl":{"start":{"line":7,"column":30},"end":{"line":7,"column":48}},"loc":{"start":{"line":7,"column":51},"end":{"line":234,"column":5}},"line":7},"3":{"name":"(anonymous_3)","decl":{"start":{"line":8,"column":14},"end":{"line":8,"column":15}},"loc":{"start":{"line":8,"column":47},"end":{"line":17,"column":3}},"line":8},"4":{"name":"(anonymous_4)","decl":{"start":{"line":9,"column":23},"end":{"line":9,"column":24}},"loc":{"start":{"line":9,"column":42},"end":{"line":16,"column":5}},"line":9},"5":{"name":"(anonymous_5)","decl":{"start":{"line":11,"column":11},"end":{"line":11,"column":12}},"loc":{"start":{"line":11,"column":23},"end":{"line":11,"column":51}},"line":11},"6":{"name":"(anonymous_6)","decl":{"start":{"line":12,"column":12},"end":{"line":12,"column":13}},"loc":{"start":{"line":12,"column":29},"end":{"line":12,"column":57}},"line":12},"7":{"name":"(anonymous_7)","decl":{"start":{"line":14,"column":11},"end":{"line":14,"column":12}},"loc":{"start":{"line":14,"column":23},"end":{"line":14,"column":53}},"line":14},"8":{"name":"(anonymous_8)","decl":{"start":{"line":15,"column":12},"end":{"line":15,"column":13}},"loc":{"start":{"line":15,"column":29},"end":{"line":15,"column":57}},"line":15},"9":{"name":"(anonymous_9)","decl":{"start":{"line":19,"column":15},"end":{"line":19,"column":16}},"loc":{"start":{"line":19,"column":48},"end":{"line":28,"column":3}},"line":19},"10":{"name":"(anonymous_10)","decl":{"start":{"line":20,"column":23},"end":{"line":20,"column":24}},"loc":{"start":{"line":20,"column":42},"end":{"line":27,"column":5}},"line":20},"11":{"name":"(anonymous_11)","decl":{"start":{"line":22,"column":11},"end":{"line":22,"column":12}},"loc":{"start":{"line":22,"column":23},"end":{"line":22,"column":51}},"line":22},"12":{"name":"(anonymous_12)","decl":{"start":{"line":23,"column":12},"end":{"line":23,"column":13}},"loc":{"start":{"line":23,"column":29},"end":{"line":23,"column":57}},"line":23},"13":{"name":"(anonymous_13)","decl":{"start":{"line":25,"column":11},"end":{"line":25,"column":12}},"loc":{"start":{"line":25,"column":23},"end":{"line":25,"column":55}},"line":25},"14":{"name":"(anonymous_14)","decl":{"start":{"line":26,"column":12},"end":{"line":26,"column":13}},"loc":{"start":{"line":26,"column":29},"end":{"line":26,"column":57}},"line":26},"15":{"name":"(anonymous_15)","decl":{"start":{"line":30,"column":15},"end":{"line":30,"column":16}},"loc":{"start":{"line":30,"column":42},"end":{"line":39,"column":3}},"line":30},"16":{"name":"(anonymous_16)","decl":{"start":{"line":31,"column":23},"end":{"line":31,"column":24}},"loc":{"start":{"line":31,"column":42},"end":{"line":38,"column":5}},"line":31},"17":{"name":"(anonymous_17)","decl":{"start":{"line":33,"column":11},"end":{"line":33,"column":12}},"loc":{"start":{"line":33,"column":23},"end":{"line":33,"column":51}},"line":33},"18":{"name":"(anonymous_18)","decl":{"start":{"line":34,"column":12},"end":{"line":34,"column":13}},"loc":{"start":{"line":34,"column":29},"end":{"line":34,"column":57}},"line":34},"19":{"name":"(anonymous_19)","decl":{"start":{"line":36,"column":11},"end":{"line":36,"column":12}},"loc":{"start":{"line":36,"column":23},"end":{"line":36,"column":55}},"line":36},"20":{"name":"(anonymous_20)","decl":{"start":{"line":37,"column":12},"end":{"line":37,"column":13}},"loc":{"start":{"line":37,"column":29},"end":{"line":37,"column":57}},"line":37},"21":{"name":"(anonymous_21)","decl":{"start":{"line":41,"column":15},"end":{"line":41,"column":16}},"loc":{"start":{"line":41,"column":49},"end":{"line":50,"column":3}},"line":41},"22":{"name":"(anonymous_22)","decl":{"start":{"line":42,"column":23},"end":{"line":42,"column":24}},"loc":{"start":{"line":42,"column":42},"end":{"line":49,"column":5}},"line":42},"23":{"name":"(anonymous_23)","decl":{"start":{"line":44,"column":11},"end":{"line":44,"column":12}},"loc":{"start":{"line":44,"column":23},"end":{"line":44,"column":51}},"line":44},"24":{"name":"(anonymous_24)","decl":{"start":{"line":45,"column":12},"end":{"line":45,"column":13}},"loc":{"start":{"line":45,"column":29},"end":{"line":45,"column":57}},"line":45},"25":{"name":"(anonymous_25)","decl":{"start":{"line":47,"column":11},"end":{"line":47,"column":12}},"loc":{"start":{"line":47,"column":23},"end":{"line":47,"column":55}},"line":47},"26":{"name":"(anonymous_26)","decl":{"start":{"line":48,"column":12},"end":{"line":48,"column":13}},"loc":{"start":{"line":48,"column":29},"end":{"line":48,"column":57}},"line":48},"27":{"name":"(anonymous_27)","decl":{"start":{"line":52,"column":16},"end":{"line":52,"column":17}},"loc":{"start":{"line":52,"column":43},"end":{"line":61,"column":3}},"line":52},"28":{"name":"(anonymous_28)","decl":{"start":{"line":53,"column":23},"end":{"line":53,"column":24}},"loc":{"start":{"line":53,"column":42},"end":{"line":60,"column":5}},"line":53},"29":{"name":"(anonymous_29)","decl":{"start":{"line":55,"column":11},"end":{"line":55,"column":12}},"loc":{"start":{"line":55,"column":23},"end":{"line":55,"column":51}},"line":55},"30":{"name":"(anonymous_30)","decl":{"start":{"line":56,"column":12},"end":{"line":56,"column":13}},"loc":{"start":{"line":56,"column":29},"end":{"line":56,"column":57}},"line":56},"31":{"name":"(anonymous_31)","decl":{"start":{"line":58,"column":11},"end":{"line":58,"column":12}},"loc":{"start":{"line":58,"column":23},"end":{"line":58,"column":56}},"line":58},"32":{"name":"(anonymous_32)","decl":{"start":{"line":59,"column":12},"end":{"line":59,"column":13}},"loc":{"start":{"line":59,"column":29},"end":{"line":59,"column":57}},"line":59},"33":{"name":"(anonymous_33)","decl":{"start":{"line":63,"column":24},"end":{"line":63,"column":25}},"loc":{"start":{"line":63,"column":72},"end":{"line":80,"column":3}},"line":63},"34":{"name":"(anonymous_34)","decl":{"start":{"line":72,"column":23},"end":{"line":72,"column":24}},"loc":{"start":{"line":72,"column":42},"end":{"line":79,"column":5}},"line":72},"35":{"name":"(anonymous_35)","decl":{"start":{"line":74,"column":11},"end":{"line":74,"column":12}},"loc":{"start":{"line":74,"column":23},"end":{"line":74,"column":51}},"line":74},"36":{"name":"(anonymous_36)","decl":{"start":{"line":75,"column":12},"end":{"line":75,"column":13}},"loc":{"start":{"line":75,"column":29},"end":{"line":75,"column":57}},"line":75},"37":{"name":"(anonymous_37)","decl":{"start":{"line":77,"column":11},"end":{"line":77,"column":12}},"loc":{"start":{"line":77,"column":23},"end":{"line":77,"column":56}},"line":77},"38":{"name":"(anonymous_38)","decl":{"start":{"line":78,"column":12},"end":{"line":78,"column":13}},"loc":{"start":{"line":78,"column":29},"end":{"line":78,"column":57}},"line":78},"39":{"name":"_callee","decl":{"start":{"line":82,"column":41},"end":{"line":82,"column":48}},"loc":{"start":{"line":82,"column":57},"end":{"line":125,"column":89}},"line":82},"40":{"name":"_callee$","decl":{"start":{"line":82,"column":165},"end":{"line":82,"column":173}},"loc":{"start":{"line":82,"column":184},"end":{"line":125,"column":59}},"line":82},"41":{"name":"(anonymous_41)","decl":{"start":{"line":85,"column":17},"end":{"line":85,"column":18}},"loc":{"start":{"line":85,"column":33},"end":{"line":88,"column":13}},"line":85},"42":{"name":"(anonymous_42)","decl":{"start":{"line":90,"column":17},"end":{"line":90,"column":18}},"loc":{"start":{"line":90,"column":35},"end":{"line":96,"column":13}},"line":90},"43":{"name":"(anonymous_43)","decl":{"start":{"line":97,"column":32},"end":{"line":97,"column":33}},"loc":{"start":{"line":97,"column":47},"end":{"line":120,"column":13}},"line":97},"44":{"name":"(anonymous_44)","decl":{"start":{"line":121,"column":34},"end":{"line":121,"column":35}},"loc":{"start":{"line":121,"column":53},"end":{"line":125,"column":13}},"line":121},"45":{"name":"(anonymous_45)","decl":{"start":{"line":128,"column":15},"end":{"line":128,"column":16}},"loc":{"start":{"line":128,"column":49},"end":{"line":137,"column":3}},"line":128},"46":{"name":"(anonymous_46)","decl":{"start":{"line":129,"column":23},"end":{"line":129,"column":24}},"loc":{"start":{"line":129,"column":42},"end":{"line":136,"column":5}},"line":129},"47":{"name":"(anonymous_47)","decl":{"start":{"line":131,"column":11},"end":{"line":131,"column":12}},"loc":{"start":{"line":131,"column":23},"end":{"line":131,"column":51}},"line":131},"48":{"name":"(anonymous_48)","decl":{"start":{"line":132,"column":12},"end":{"line":132,"column":13}},"loc":{"start":{"line":132,"column":29},"end":{"line":132,"column":57}},"line":132},"49":{"name":"(anonymous_49)","decl":{"start":{"line":134,"column":11},"end":{"line":134,"column":12}},"loc":{"start":{"line":134,"column":23},"end":{"line":134,"column":53}},"line":134},"50":{"name":"(anonymous_50)","decl":{"start":{"line":135,"column":12},"end":{"line":135,"column":13}},"loc":{"start":{"line":135,"column":29},"end":{"line":135,"column":57}},"line":135},"51":{"name":"(anonymous_51)","decl":{"start":{"line":139,"column":16},"end":{"line":139,"column":17}},"loc":{"start":{"line":139,"column":50},"end":{"line":148,"column":3}},"line":139},"52":{"name":"(anonymous_52)","decl":{"start":{"line":140,"column":23},"end":{"line":140,"column":24}},"loc":{"start":{"line":140,"column":42},"end":{"line":147,"column":5}},"line":140},"53":{"name":"(anonymous_53)","decl":{"start":{"line":142,"column":11},"end":{"line":142,"column":12}},"loc":{"start":{"line":142,"column":23},"end":{"line":142,"column":51}},"line":142},"54":{"name":"(anonymous_54)","decl":{"start":{"line":143,"column":12},"end":{"line":143,"column":13}},"loc":{"start":{"line":143,"column":29},"end":{"line":143,"column":57}},"line":143},"55":{"name":"(anonymous_55)","decl":{"start":{"line":145,"column":11},"end":{"line":145,"column":12}},"loc":{"start":{"line":145,"column":23},"end":{"line":145,"column":55}},"line":145},"56":{"name":"(anonymous_56)","decl":{"start":{"line":146,"column":12},"end":{"line":146,"column":13}},"loc":{"start":{"line":146,"column":29},"end":{"line":146,"column":57}},"line":146},"57":{"name":"(anonymous_57)","decl":{"start":{"line":150,"column":16},"end":{"line":150,"column":17}},"loc":{"start":{"line":150,"column":43},"end":{"line":159,"column":3}},"line":150},"58":{"name":"(anonymous_58)","decl":{"start":{"line":151,"column":23},"end":{"line":151,"column":24}},"loc":{"start":{"line":151,"column":42},"end":{"line":158,"column":5}},"line":151},"59":{"name":"(anonymous_59)","decl":{"start":{"line":153,"column":11},"end":{"line":153,"column":12}},"loc":{"start":{"line":153,"column":23},"end":{"line":153,"column":51}},"line":153},"60":{"name":"(anonymous_60)","decl":{"start":{"line":154,"column":12},"end":{"line":154,"column":13}},"loc":{"start":{"line":154,"column":29},"end":{"line":154,"column":57}},"line":154},"61":{"name":"(anonymous_61)","decl":{"start":{"line":156,"column":11},"end":{"line":156,"column":12}},"loc":{"start":{"line":156,"column":23},"end":{"line":156,"column":55}},"line":156},"62":{"name":"(anonymous_62)","decl":{"start":{"line":157,"column":12},"end":{"line":157,"column":13}},"loc":{"start":{"line":157,"column":29},"end":{"line":157,"column":57}},"line":157},"63":{"name":"_callee2","decl":{"start":{"line":161,"column":42},"end":{"line":161,"column":50}},"loc":{"start":{"line":161,"column":59},"end":{"line":196,"column":90}},"line":161},"64":{"name":"_callee2$","decl":{"start":{"line":161,"column":153},"end":{"line":161,"column":162}},"loc":{"start":{"line":161,"column":174},"end":{"line":196,"column":60}},"line":161},"65":{"name":"(anonymous_65)","decl":{"start":{"line":164,"column":17},"end":{"line":164,"column":18}},"loc":{"start":{"line":164,"column":33},"end":{"line":167,"column":13}},"line":164},"66":{"name":"(anonymous_66)","decl":{"start":{"line":169,"column":17},"end":{"line":169,"column":18}},"loc":{"start":{"line":169,"column":35},"end":{"line":175,"column":13}},"line":169},"67":{"name":"(anonymous_67)","decl":{"start":{"line":176,"column":33},"end":{"line":176,"column":34}},"loc":{"start":{"line":176,"column":48},"end":{"line":191,"column":13}},"line":176},"68":{"name":"(anonymous_68)","decl":{"start":{"line":192,"column":35},"end":{"line":192,"column":36}},"loc":{"start":{"line":192,"column":55},"end":{"line":196,"column":13}},"line":192},"69":{"name":"(anonymous_69)","decl":{"start":{"line":199,"column":29},"end":{"line":199,"column":30}},"loc":{"start":{"line":199,"column":47},"end":{"line":204,"column":3}},"line":199},"70":{"name":"(anonymous_70)","decl":{"start":{"line":206,"column":20},"end":{"line":206,"column":21}},"loc":{"start":{"line":206,"column":56},"end":{"line":215,"column":3}},"line":206},"71":{"name":"(anonymous_71)","decl":{"start":{"line":207,"column":23},"end":{"line":207,"column":24}},"loc":{"start":{"line":207,"column":42},"end":{"line":214,"column":5}},"line":207},"72":{"name":"(anonymous_72)","decl":{"start":{"line":209,"column":11},"end":{"line":209,"column":12}},"loc":{"start":{"line":209,"column":23},"end":{"line":209,"column":51}},"line":209},"73":{"name":"(anonymous_73)","decl":{"start":{"line":210,"column":12},"end":{"line":210,"column":13}},"loc":{"start":{"line":210,"column":29},"end":{"line":210,"column":57}},"line":210},"74":{"name":"(anonymous_74)","decl":{"start":{"line":212,"column":11},"end":{"line":212,"column":12}},"loc":{"start":{"line":212,"column":23},"end":{"line":212,"column":61}},"line":212},"75":{"name":"(anonymous_75)","decl":{"start":{"line":213,"column":12},"end":{"line":213,"column":13}},"loc":{"start":{"line":213,"column":29},"end":{"line":213,"column":57}},"line":213},"76":{"name":"(anonymous_76)","decl":{"start":{"line":217,"column":22},"end":{"line":217,"column":23}},"loc":{"start":{"line":217,"column":59},"end":{"line":234,"column":3}},"line":217},"77":{"name":"(anonymous_77)","decl":{"start":{"line":226,"column":23},"end":{"line":226,"column":24}},"loc":{"start":{"line":226,"column":42},"end":{"line":233,"column":5}},"line":226},"78":{"name":"(anonymous_78)","decl":{"start":{"line":228,"column":11},"end":{"line":228,"column":12}},"loc":{"start":{"line":228,"column":23},"end":{"line":228,"column":51}},"line":228},"79":{"name":"(anonymous_79)","decl":{"start":{"line":229,"column":12},"end":{"line":229,"column":13}},"loc":{"start":{"line":229,"column":29},"end":{"line":229,"column":57}},"line":229},"80":{"name":"(anonymous_80)","decl":{"start":{"line":231,"column":11},"end":{"line":231,"column":12}},"loc":{"start":{"line":231,"column":23},"end":{"line":231,"column":55}},"line":231},"81":{"name":"(anonymous_81)","decl":{"start":{"line":232,"column":12},"end":{"line":232,"column":13}},"loc":{"start":{"line":232,"column":29},"end":{"line":232,"column":57}},"line":232}},"branchMap":{"0":{"loc":{"start":{"line":5,"column":123},"end":{"line":5,"column":169}},"type":"cond-expr","locations":[{"start":{"line":5,"column":147},"end":{"line":5,"column":150}},{"start":{"line":5,"column":153},"end":{"line":5,"column":169}}],"line":5},"1":{"loc":{"start":{"line":5,"column":123},"end":{"line":5,"column":144}},"type":"binary-expr","locations":[{"start":{"line":5,"column":123},"end":{"line":5,"column":126}},{"start":{"line":5,"column":130},"end":{"line":5,"column":144}}],"line":5},"2":{"loc":{"start":{"line":5,"column":220},"end":{"line":5,"column":319}},"type":"if","locations":[{"start":{"line":5,"column":220},"end":{"line":5,"column":319}},{"start":{"line":5,"column":220},"end":{"line":5,"column":319}}],"line":5},"3":{"loc":{"start":{"line":82,"column":196},"end":{"line":125,"column":57}},"type":"switch","locations":[{"start":{"line":82,"column":236},"end":{"line":88,"column":16}},{"start":{"line":88,"column":16},"end":{"line":96,"column":16}},{"start":{"line":96,"column":16},"end":{"line":125,"column":15}},{"start":{"line":125,"column":15},"end":{"line":125,"column":22}},{"start":{"line":125,"column":22},"end":{"line":125,"column":56}}],"line":82},"4":{"loc":{"start":{"line":86,"column":22},"end":{"line":86,"column":38}},"type":"cond-expr","locations":[{"start":{"line":86,"column":29},"end":{"line":86,"column":33}},{"start":{"line":86,"column":36},"end":{"line":86,"column":38}}],"line":86},"5":{"loc":{"start":{"line":92,"column":14},"end":{"line":95,"column":15}},"type":"if","locations":[{"start":{"line":92,"column":14},"end":{"line":95,"column":15}},{"start":{"line":92,"column":14},"end":{"line":95,"column":15}}],"line":92},"6":{"loc":{"start":{"line":98,"column":14},"end":{"line":119,"column":15}},"type":"if","locations":[{"start":{"line":98,"column":14},"end":{"line":119,"column":15}},{"start":{"line":98,"column":14},"end":{"line":119,"column":15}}],"line":98},"7":{"loc":{"start":{"line":122,"column":14},"end":{"line":124,"column":15}},"type":"if","locations":[{"start":{"line":122,"column":14},"end":{"line":124,"column":15}},{"start":{"line":122,"column":14},"end":{"line":124,"column":15}}],"line":122},"8":{"loc":{"start":{"line":161,"column":186},"end":{"line":196,"column":58}},"type":"switch","locations":[{"start":{"line":161,"column":228},"end":{"line":167,"column":16}},{"start":{"line":167,"column":16},"end":{"line":175,"column":16}},{"start":{"line":175,"column":16},"end":{"line":196,"column":15}},{"start":{"line":196,"column":15},"end":{"line":196,"column":22}},{"start":{"line":196,"column":22},"end":{"line":196,"column":57}}],"line":161},"9":{"loc":{"start":{"line":165,"column":23},"end":{"line":165,"column":39}},"type":"cond-expr","locations":[{"start":{"line":165,"column":30},"end":{"line":165,"column":34}},{"start":{"line":165,"column":37},"end":{"line":165,"column":39}}],"line":165},"10":{"loc":{"start":{"line":171,"column":14},"end":{"line":174,"column":15}},"type":"if","locations":[{"start":{"line":171,"column":14},"end":{"line":174,"column":15}},{"start":{"line":171,"column":14},"end":{"line":174,"column":15}}],"line":171},"11":{"loc":{"start":{"line":177,"column":14},"end":{"line":190,"column":15}},"type":"if","locations":[{"start":{"line":177,"column":14},"end":{"line":190,"column":15}},{"start":{"line":177,"column":14},"end":{"line":190,"column":15}}],"line":177},"12":{"loc":{"start":{"line":193,"column":14},"end":{"line":195,"column":15}},"type":"if","locations":[{"start":{"line":193,"column":14},"end":{"line":195,"column":15}},{"start":{"line":193,"column":14},"end":{"line":195,"column":15}}],"line":193}},"s":{"0":7,"1":7,"2":7,"3":7,"4":7,"5":7,"6":7,"7":35,"8":7,"9":0,"10":7,"11":7,"12":7,"13":7,"14":0,"15":0,"16":0,"17":0,"18":0,"19":0,"20":0,"21":7,"22":0,"23":0,"24":0,"25":0,"26":0,"27":0,"28":0,"29":7,"30":0,"31":0,"32":0,"33":0,"34":0,"35":0,"36":0,"37":7,"38":0,"39":0,"40":0,"41":0,"42":0,"43":0,"44":0,"45":7,"46":0,"47":0,"48":0,"49":0,"50":0,"51":0,"52":0,"53":7,"54":0,"55":0,"56":0,"57":0,"58":0,"59":0,"60":0,"61":0,"62":7,"63":0,"64":0,"65":0,"66":0,"67":0,"68":0,"69":0,"70":0,"71":0,"72":0,"73":0,"74":0,"75":0,"76":0,"77":0,"78":0,"79":0,"80":0,"81":0,"82":0,"83":0,"84":0,"85":0,"86":0,"87":7,"88":0,"89":0,"90":0,"91":0,"92":0,"93":0,"94":0,"95":7,"96":0,"97":0,"98":0,"99":0,"100":0,"101":0,"102":0,"103":7,"104":0,"105":0,"106":0,"107":0,"108":0,"109":0,"110":0,"111":7,"112":0,"113":0,"114":0,"115":0,"116":0,"117":0,"118":0,"119":0,"120":0,"121":0,"122":0,"123":0,"124":0,"125":0,"126":0,"127":0,"128":0,"129":0,"130":0,"131":0,"132":0,"133":0,"134":0,"135":0,"136":7,"137":0,"138":0,"139":0,"140":0,"141":7,"142":0,"143":0,"144":0,"145":0,"146":0,"147":0,"148":0,"149":7,"150":0,"151":0,"152":0,"153":0,"154":0,"155":0,"156":0,"157":0,"158":7,"159":7},"f":{"0":35,"1":7,"2":7,"3":0,"4":0,"5":0,"6":0,"7":0,"8":0,"9":0,"10":0,"11":0,"12":0,"13":0,"14":0,"15":0,"16":0,"17":0,"18":0,"19":0,"20":0,"21":0,"22":0,"23":0,"24":0,"25":0,"26":0,"27":0,"28":0,"29":0,"30":0,"31":0,"32":0,"33":0,"34":0,"35":0,"36":0,"37":0,"38":0,"39":0,"40":0,"41":0,"42":0,"43":0,"44":0,"45":0,"46":0,"47":0,"48":0,"49":0,"50":0,"51":0,"52":0,"53":0,"54":0,"55":0,"56":0,"57":0,"58":0,"59":0,"60":0,"61":0,"62":0,"63":0,"64":0,"65":0,"66":0,"67":0,"68":0,"69":0,"70":0,"71":0,"72":0,"73":0,"74":0,"75":0,"76":0,"77":0,"78":0,"79":0,"80":0,"81":0},"b":{"0":[35,0],"1":[35,35],"2":[0,7],"3":[0,0,0,0,0],"4":[0,0],"5":[0,0],"6":[0,0],"7":[0,0],"8":[0,0,0,0,0],"9":[0,0],"10":[0,0],"11":[0,0],"12":[0,0]},"inputSourceMap":null,"_coverageSchema":"1a1c01bbd47fc00a2c39e90264f33305004495a9","hash":"b818cea2dc56a046e169e1bee49909b47e705e8a"}
,"C:\\Users\\Anik Chowdhury\\Desktop\\ReactNativeProject\\FundooNotes\\services\\SQLiteLabelServices.js": {"path":"C:\\Users\\Anik Chowdhury\\Desktop\\ReactNativeProject\\FundooNotes\\services\\SQLiteLabelServices.js","statementMap":{"0":{"start":{"line":1,"column":13},"end":{"line":1,"column":75}},"1":{"start":{"line":1,"column":75},"end":{"line":1,"column":100}},"2":{"start":{"line":1,"column":132},"end":{"line":1,"column":170}},"3":{"start":{"line":1,"column":220},"end":{"line":1,"column":319}},"4":{"start":{"line":1,"column":261},"end":{"line":1,"column":318}},"5":{"start":{"line":3,"column":9},"end":{"line":3,"column":102}},"6":{"start":{"line":5,"column":22},"end":{"line":78,"column":5}},"7":{"start":{"line":5,"column":54},"end":{"line":5,"column":97}},"8":{"start":{"line":5,"column":97},"end":{"line":15,"column":4}},"9":{"start":{"line":7,"column":4},"end":{"line":14,"column":7}},"10":{"start":{"line":8,"column":6},"end":{"line":12,"column":53}},"11":{"start":{"line":11,"column":30},"end":{"line":11,"column":60}},"12":{"start":{"line":12,"column":24},"end":{"line":12,"column":50}},"13":{"start":{"line":15,"column":4},"end":{"line":28,"column":4}},"14":{"start":{"line":18,"column":4},"end":{"line":27,"column":7}},"15":{"start":{"line":19,"column":6},"end":{"line":26,"column":9}},"16":{"start":{"line":20,"column":8},"end":{"line":24,"column":50}},"17":{"start":{"line":23,"column":32},"end":{"line":23,"column":56}},"18":{"start":{"line":24,"column":26},"end":{"line":24,"column":47}},"19":{"start":{"line":28,"column":4},"end":{"line":41,"column":4}},"20":{"start":{"line":31,"column":4},"end":{"line":40,"column":7}},"21":{"start":{"line":32,"column":6},"end":{"line":39,"column":9}},"22":{"start":{"line":33,"column":8},"end":{"line":37,"column":50}},"23":{"start":{"line":36,"column":32},"end":{"line":36,"column":58}},"24":{"start":{"line":37,"column":26},"end":{"line":37,"column":47}},"25":{"start":{"line":41,"column":4},"end":{"line":54,"column":4}},"26":{"start":{"line":44,"column":4},"end":{"line":53,"column":7}},"27":{"start":{"line":45,"column":6},"end":{"line":52,"column":9}},"28":{"start":{"line":46,"column":8},"end":{"line":50,"column":50}},"29":{"start":{"line":49,"column":32},"end":{"line":49,"column":58}},"30":{"start":{"line":50,"column":26},"end":{"line":50,"column":47}},"31":{"start":{"line":54,"column":4},"end":{"line":67,"column":4}},"32":{"start":{"line":57,"column":4},"end":{"line":66,"column":7}},"33":{"start":{"line":58,"column":6},"end":{"line":65,"column":9}},"34":{"start":{"line":59,"column":8},"end":{"line":63,"column":50}},"35":{"start":{"line":62,"column":32},"end":{"line":62,"column":58}},"36":{"start":{"line":63,"column":26},"end":{"line":63,"column":47}},"37":{"start":{"line":67,"column":4},"end":{"line":78,"column":4}},"38":{"start":{"line":70,"column":4},"end":{"line":77,"column":7}},"39":{"start":{"line":71,"column":6},"end":{"line":75,"column":53}},"40":{"start":{"line":74,"column":30},"end":{"line":74,"column":66}},"41":{"start":{"line":75,"column":24},"end":{"line":75,"column":50}},"42":{"start":{"line":81,"column":0},"end":{"line":81,"column":25}},"43":{"start":{"line":81,"column":26},"end":{"line":81,"column":53}}},"fnMap":{"0":{"name":"_classCallCheck","decl":{"start":{"line":1,"column":180},"end":{"line":1,"column":195}},"loc":{"start":{"line":1,"column":219},"end":{"line":1,"column":320}},"line":1},"1":{"name":"SQLiteLabelServices","decl":{"start":{"line":5,"column":31},"end":{"line":5,"column":50}},"loc":{"start":{"line":5,"column":53},"end":{"line":78,"column":5}},"line":5},"2":{"name":"(anonymous_2)","decl":{"start":{"line":6,"column":31},"end":{"line":6,"column":32}},"loc":{"start":{"line":6,"column":49},"end":{"line":15,"column":3}},"line":6},"3":{"name":"(anonymous_3)","decl":{"start":{"line":7,"column":19},"end":{"line":7,"column":20}},"loc":{"start":{"line":7,"column":33},"end":{"line":14,"column":5}},"line":7},"4":{"name":"(anonymous_4)","decl":{"start":{"line":11,"column":6},"end":{"line":11,"column":7}},"loc":{"start":{"line":11,"column":29},"end":{"line":11,"column":61}},"line":11},"5":{"name":"(anonymous_5)","decl":{"start":{"line":12,"column":6},"end":{"line":12,"column":7}},"loc":{"start":{"line":12,"column":23},"end":{"line":12,"column":51}},"line":12},"6":{"name":"(anonymous_6)","decl":{"start":{"line":17,"column":33},"end":{"line":17,"column":34}},"loc":{"start":{"line":17,"column":51},"end":{"line":28,"column":3}},"line":17},"7":{"name":"(anonymous_7)","decl":{"start":{"line":18,"column":23},"end":{"line":18,"column":24}},"loc":{"start":{"line":18,"column":50},"end":{"line":27,"column":5}},"line":18},"8":{"name":"(anonymous_8)","decl":{"start":{"line":19,"column":21},"end":{"line":19,"column":22}},"loc":{"start":{"line":19,"column":35},"end":{"line":26,"column":7}},"line":19},"9":{"name":"(anonymous_9)","decl":{"start":{"line":23,"column":8},"end":{"line":23,"column":9}},"loc":{"start":{"line":23,"column":31},"end":{"line":23,"column":57}},"line":23},"10":{"name":"(anonymous_10)","decl":{"start":{"line":24,"column":8},"end":{"line":24,"column":9}},"loc":{"start":{"line":24,"column":25},"end":{"line":24,"column":48}},"line":24},"11":{"name":"(anonymous_11)","decl":{"start":{"line":30,"column":30},"end":{"line":30,"column":31}},"loc":{"start":{"line":30,"column":64},"end":{"line":41,"column":3}},"line":30},"12":{"name":"(anonymous_12)","decl":{"start":{"line":31,"column":23},"end":{"line":31,"column":24}},"loc":{"start":{"line":31,"column":50},"end":{"line":40,"column":5}},"line":31},"13":{"name":"(anonymous_13)","decl":{"start":{"line":32,"column":21},"end":{"line":32,"column":22}},"loc":{"start":{"line":32,"column":35},"end":{"line":39,"column":7}},"line":32},"14":{"name":"(anonymous_14)","decl":{"start":{"line":36,"column":8},"end":{"line":36,"column":9}},"loc":{"start":{"line":36,"column":31},"end":{"line":36,"column":59}},"line":36},"15":{"name":"(anonymous_15)","decl":{"start":{"line":37,"column":8},"end":{"line":37,"column":9}},"loc":{"start":{"line":37,"column":25},"end":{"line":37,"column":48}},"line":37},"16":{"name":"(anonymous_16)","decl":{"start":{"line":43,"column":31},"end":{"line":43,"column":32}},"loc":{"start":{"line":43,"column":65},"end":{"line":54,"column":3}},"line":43},"17":{"name":"(anonymous_17)","decl":{"start":{"line":44,"column":23},"end":{"line":44,"column":24}},"loc":{"start":{"line":44,"column":50},"end":{"line":53,"column":5}},"line":44},"18":{"name":"(anonymous_18)","decl":{"start":{"line":45,"column":21},"end":{"line":45,"column":22}},"loc":{"start":{"line":45,"column":35},"end":{"line":52,"column":7}},"line":45},"19":{"name":"(anonymous_19)","decl":{"start":{"line":49,"column":8},"end":{"line":49,"column":9}},"loc":{"start":{"line":49,"column":31},"end":{"line":49,"column":59}},"line":49},"20":{"name":"(anonymous_20)","decl":{"start":{"line":50,"column":8},"end":{"line":50,"column":9}},"loc":{"start":{"line":50,"column":25},"end":{"line":50,"column":48}},"line":50},"21":{"name":"(anonymous_21)","decl":{"start":{"line":56,"column":31},"end":{"line":56,"column":32}},"loc":{"start":{"line":56,"column":58},"end":{"line":67,"column":3}},"line":56},"22":{"name":"(anonymous_22)","decl":{"start":{"line":57,"column":23},"end":{"line":57,"column":24}},"loc":{"start":{"line":57,"column":50},"end":{"line":66,"column":5}},"line":57},"23":{"name":"(anonymous_23)","decl":{"start":{"line":58,"column":21},"end":{"line":58,"column":22}},"loc":{"start":{"line":58,"column":35},"end":{"line":65,"column":7}},"line":58},"24":{"name":"(anonymous_24)","decl":{"start":{"line":62,"column":8},"end":{"line":62,"column":9}},"loc":{"start":{"line":62,"column":31},"end":{"line":62,"column":59}},"line":62},"25":{"name":"(anonymous_25)","decl":{"start":{"line":63,"column":8},"end":{"line":63,"column":9}},"loc":{"start":{"line":63,"column":25},"end":{"line":63,"column":48}},"line":63},"26":{"name":"(anonymous_26)","decl":{"start":{"line":69,"column":31},"end":{"line":69,"column":32}},"loc":{"start":{"line":69,"column":49},"end":{"line":78,"column":3}},"line":69},"27":{"name":"(anonymous_27)","decl":{"start":{"line":70,"column":19},"end":{"line":70,"column":20}},"loc":{"start":{"line":70,"column":33},"end":{"line":77,"column":5}},"line":70},"28":{"name":"(anonymous_28)","decl":{"start":{"line":74,"column":6},"end":{"line":74,"column":7}},"loc":{"start":{"line":74,"column":29},"end":{"line":74,"column":67}},"line":74},"29":{"name":"(anonymous_29)","decl":{"start":{"line":75,"column":6},"end":{"line":75,"column":7}},"loc":{"start":{"line":75,"column":23},"end":{"line":75,"column":51}},"line":75}},"branchMap":{"0":{"loc":{"start":{"line":1,"column":220},"end":{"line":1,"column":319}},"type":"if","locations":[{"start":{"line":1,"column":220},"end":{"line":1,"column":319}},{"start":{"line":1,"column":220},"end":{"line":1,"column":319}}],"line":1}},"s":{"0":7,"1":7,"2":7,"3":7,"4":0,"5":7,"6":7,"7":7,"8":7,"9":0,"10":0,"11":0,"12":0,"13":7,"14":0,"15":0,"16":0,"17":0,"18":0,"19":7,"20":0,"21":0,"22":0,"23":0,"24":0,"25":7,"26":0,"27":0,"28":0,"29":0,"30":0,"31":7,"32":0,"33":0,"34":0,"35":0,"36":0,"37":7,"38":0,"39":0,"40":0,"41":0,"42":7,"43":7},"f":{"0":7,"1":7,"2":0,"3":0,"4":0,"5":0,"6":0,"7":0,"8":0,"9":0,"10":0,"11":0,"12":0,"13":0,"14":0,"15":0,"16":0,"17":0,"18":0,"19":0,"20":0,"21":0,"22":0,"23":0,"24":0,"25":0,"26":0,"27":0,"28":0,"29":0},"b":{"0":[0,7]},"inputSourceMap":null,"_coverageSchema":"1a1c01bbd47fc00a2c39e90264f33305004495a9","hash":"6d9e0f85d7b44fa314d24ae090eb2161ee80fdef"}
,"C:\\Users\\Anik Chowdhury\\Desktop\\ReactNativeProject\\FundooNotes\\services\\SQLiteServices.js": {"path":"C:\\Users\\Anik Chowdhury\\Desktop\\ReactNativeProject\\FundooNotes\\services\\SQLiteServices.js","statementMap":{"0":{"start":{"line":1,"column":13},"end":{"line":1,"column":75}},"1":{"start":{"line":1,"column":75},"end":{"line":1,"column":100}},"2":{"start":{"line":1,"column":132},"end":{"line":1,"column":170}},"3":{"start":{"line":1,"column":220},"end":{"line":1,"column":319}},"4":{"start":{"line":1,"column":261},"end":{"line":1,"column":318}},"5":{"start":{"line":3,"column":9},"end":{"line":3,"column":102}},"6":{"start":{"line":5,"column":17},"end":{"line":149,"column":5}},"7":{"start":{"line":5,"column":44},"end":{"line":5,"column":82}},"8":{"start":{"line":5,"column":82},"end":{"line":15,"column":4}},"9":{"start":{"line":7,"column":4},"end":{"line":14,"column":7}},"10":{"start":{"line":8,"column":6},"end":{"line":12,"column":53}},"11":{"start":{"line":11,"column":30},"end":{"line":11,"column":60}},"12":{"start":{"line":12,"column":24},"end":{"line":12,"column":50}},"13":{"start":{"line":15,"column":4},"end":{"line":28,"column":4}},"14":{"start":{"line":18,"column":4},"end":{"line":27,"column":7}},"15":{"start":{"line":19,"column":6},"end":{"line":26,"column":9}},"16":{"start":{"line":20,"column":8},"end":{"line":24,"column":50}},"17":{"start":{"line":23,"column":32},"end":{"line":23,"column":58}},"18":{"start":{"line":24,"column":26},"end":{"line":24,"column":47}},"19":{"start":{"line":28,"column":4},"end":{"line":41,"column":4}},"20":{"start":{"line":31,"column":4},"end":{"line":40,"column":7}},"21":{"start":{"line":32,"column":6},"end":{"line":39,"column":9}},"22":{"start":{"line":33,"column":8},"end":{"line":37,"column":50}},"23":{"start":{"line":36,"column":32},"end":{"line":36,"column":58}},"24":{"start":{"line":37,"column":26},"end":{"line":37,"column":47}},"25":{"start":{"line":41,"column":4},"end":{"line":54,"column":4}},"26":{"start":{"line":44,"column":4},"end":{"line":53,"column":7}},"27":{"start":{"line":45,"column":6},"end":{"line":52,"column":9}},"28":{"start":{"line":46,"column":8},"end":{"line":50,"column":50}},"29":{"start":{"line":49,"column":32},"end":{"line":49,"column":58}},"30":{"start":{"line":50,"column":26},"end":{"line":50,"column":47}},"31":{"start":{"line":54,"column":4},"end":{"line":67,"column":4}},"32":{"start":{"line":57,"column":4},"end":{"line":66,"column":7}},"33":{"start":{"line":58,"column":6},"end":{"line":65,"column":9}},"34":{"start":{"line":59,"column":8},"end":{"line":63,"column":50}},"35":{"start":{"line":62,"column":32},"end":{"line":62,"column":58}},"36":{"start":{"line":63,"column":26},"end":{"line":63,"column":47}},"37":{"start":{"line":67,"column":4},"end":{"line":80,"column":4}},"38":{"start":{"line":70,"column":4},"end":{"line":79,"column":7}},"39":{"start":{"line":71,"column":6},"end":{"line":78,"column":9}},"40":{"start":{"line":72,"column":8},"end":{"line":76,"column":50}},"41":{"start":{"line":75,"column":32},"end":{"line":75,"column":58}},"42":{"start":{"line":76,"column":26},"end":{"line":76,"column":47}},"43":{"start":{"line":80,"column":4},"end":{"line":95,"column":4}},"44":{"start":{"line":83,"column":4},"end":{"line":94,"column":7}},"45":{"start":{"line":84,"column":6},"end":{"line":93,"column":9}},"46":{"start":{"line":85,"column":8},"end":{"line":91,"column":50}},"47":{"start":{"line":89,"column":10},"end":{"line":89,"column":27}},"48":{"start":{"line":91,"column":26},"end":{"line":91,"column":47}},"49":{"start":{"line":95,"column":4},"end":{"line":106,"column":4}},"50":{"start":{"line":98,"column":4},"end":{"line":105,"column":7}},"51":{"start":{"line":99,"column":6},"end":{"line":103,"column":53}},"52":{"start":{"line":102,"column":30},"end":{"line":102,"column":66}},"53":{"start":{"line":103,"column":24},"end":{"line":103,"column":50}},"54":{"start":{"line":106,"column":4},"end":{"line":119,"column":4}},"55":{"start":{"line":109,"column":4},"end":{"line":118,"column":7}},"56":{"start":{"line":110,"column":6},"end":{"line":117,"column":9}},"57":{"start":{"line":111,"column":8},"end":{"line":115,"column":50}},"58":{"start":{"line":114,"column":32},"end":{"line":114,"column":58}},"59":{"start":{"line":115,"column":26},"end":{"line":115,"column":47}},"60":{"start":{"line":119,"column":4},"end":{"line":134,"column":4}},"61":{"start":{"line":122,"column":4},"end":{"line":133,"column":7}},"62":{"start":{"line":123,"column":6},"end":{"line":132,"column":9}},"63":{"start":{"line":124,"column":8},"end":{"line":130,"column":50}},"64":{"start":{"line":128,"column":10},"end":{"line":128,"column":27}},"65":{"start":{"line":130,"column":26},"end":{"line":130,"column":47}},"66":{"start":{"line":134,"column":4},"end":{"line":149,"column":4}},"67":{"start":{"line":137,"column":4},"end":{"line":148,"column":7}},"68":{"start":{"line":138,"column":6},"end":{"line":147,"column":9}},"69":{"start":{"line":139,"column":8},"end":{"line":145,"column":50}},"70":{"start":{"line":143,"column":10},"end":{"line":143,"column":27}},"71":{"start":{"line":145,"column":26},"end":{"line":145,"column":47}},"72":{"start":{"line":152,"column":0},"end":{"line":152,"column":20}},"73":{"start":{"line":152,"column":21},"end":{"line":152,"column":48}}},"fnMap":{"0":{"name":"_classCallCheck","decl":{"start":{"line":1,"column":180},"end":{"line":1,"column":195}},"loc":{"start":{"line":1,"column":219},"end":{"line":1,"column":320}},"line":1},"1":{"name":"SQLiteServices","decl":{"start":{"line":5,"column":26},"end":{"line":5,"column":40}},"loc":{"start":{"line":5,"column":43},"end":{"line":149,"column":5}},"line":5},"2":{"name":"(anonymous_2)","decl":{"start":{"line":6,"column":31},"end":{"line":6,"column":32}},"loc":{"start":{"line":6,"column":49},"end":{"line":15,"column":3}},"line":6},"3":{"name":"(anonymous_3)","decl":{"start":{"line":7,"column":19},"end":{"line":7,"column":20}},"loc":{"start":{"line":7,"column":33},"end":{"line":14,"column":5}},"line":7},"4":{"name":"(anonymous_4)","decl":{"start":{"line":11,"column":6},"end":{"line":11,"column":7}},"loc":{"start":{"line":11,"column":29},"end":{"line":11,"column":61}},"line":11},"5":{"name":"(anonymous_5)","decl":{"start":{"line":12,"column":6},"end":{"line":12,"column":7}},"loc":{"start":{"line":12,"column":23},"end":{"line":12,"column":51}},"line":12},"6":{"name":"(anonymous_6)","decl":{"start":{"line":17,"column":29},"end":{"line":17,"column":30}},"loc":{"start":{"line":17,"column":62},"end":{"line":28,"column":3}},"line":17},"7":{"name":"(anonymous_7)","decl":{"start":{"line":18,"column":23},"end":{"line":18,"column":24}},"loc":{"start":{"line":18,"column":50},"end":{"line":27,"column":5}},"line":18},"8":{"name":"(anonymous_8)","decl":{"start":{"line":19,"column":21},"end":{"line":19,"column":22}},"loc":{"start":{"line":19,"column":35},"end":{"line":26,"column":7}},"line":19},"9":{"name":"(anonymous_9)","decl":{"start":{"line":23,"column":8},"end":{"line":23,"column":9}},"loc":{"start":{"line":23,"column":31},"end":{"line":23,"column":59}},"line":23},"10":{"name":"(anonymous_10)","decl":{"start":{"line":24,"column":8},"end":{"line":24,"column":9}},"loc":{"start":{"line":24,"column":25},"end":{"line":24,"column":48}},"line":24},"11":{"name":"(anonymous_11)","decl":{"start":{"line":30,"column":30},"end":{"line":30,"column":31}},"loc":{"start":{"line":30,"column":63},"end":{"line":41,"column":3}},"line":30},"12":{"name":"(anonymous_12)","decl":{"start":{"line":31,"column":23},"end":{"line":31,"column":24}},"loc":{"start":{"line":31,"column":50},"end":{"line":40,"column":5}},"line":31},"13":{"name":"(anonymous_13)","decl":{"start":{"line":32,"column":21},"end":{"line":32,"column":22}},"loc":{"start":{"line":32,"column":35},"end":{"line":39,"column":7}},"line":32},"14":{"name":"(anonymous_14)","decl":{"start":{"line":36,"column":8},"end":{"line":36,"column":9}},"loc":{"start":{"line":36,"column":31},"end":{"line":36,"column":59}},"line":36},"15":{"name":"(anonymous_15)","decl":{"start":{"line":37,"column":8},"end":{"line":37,"column":9}},"loc":{"start":{"line":37,"column":25},"end":{"line":37,"column":48}},"line":37},"16":{"name":"(anonymous_16)","decl":{"start":{"line":43,"column":30},"end":{"line":43,"column":31}},"loc":{"start":{"line":43,"column":63},"end":{"line":54,"column":3}},"line":43},"17":{"name":"(anonymous_17)","decl":{"start":{"line":44,"column":23},"end":{"line":44,"column":24}},"loc":{"start":{"line":44,"column":50},"end":{"line":53,"column":5}},"line":44},"18":{"name":"(anonymous_18)","decl":{"start":{"line":45,"column":21},"end":{"line":45,"column":22}},"loc":{"start":{"line":45,"column":35},"end":{"line":52,"column":7}},"line":45},"19":{"name":"(anonymous_19)","decl":{"start":{"line":49,"column":8},"end":{"line":49,"column":9}},"loc":{"start":{"line":49,"column":31},"end":{"line":49,"column":59}},"line":49},"20":{"name":"(anonymous_20)","decl":{"start":{"line":50,"column":8},"end":{"line":50,"column":9}},"loc":{"start":{"line":50,"column":25},"end":{"line":50,"column":48}},"line":50},"21":{"name":"(anonymous_21)","decl":{"start":{"line":56,"column":31},"end":{"line":56,"column":32}},"loc":{"start":{"line":56,"column":57},"end":{"line":67,"column":3}},"line":56},"22":{"name":"(anonymous_22)","decl":{"start":{"line":57,"column":23},"end":{"line":57,"column":24}},"loc":{"start":{"line":57,"column":50},"end":{"line":66,"column":5}},"line":57},"23":{"name":"(anonymous_23)","decl":{"start":{"line":58,"column":21},"end":{"line":58,"column":22}},"loc":{"start":{"line":58,"column":35},"end":{"line":65,"column":7}},"line":58},"24":{"name":"(anonymous_24)","decl":{"start":{"line":62,"column":8},"end":{"line":62,"column":9}},"loc":{"start":{"line":62,"column":31},"end":{"line":62,"column":59}},"line":62},"25":{"name":"(anonymous_25)","decl":{"start":{"line":63,"column":8},"end":{"line":63,"column":9}},"loc":{"start":{"line":63,"column":25},"end":{"line":63,"column":48}},"line":63},"26":{"name":"(anonymous_26)","decl":{"start":{"line":69,"column":30},"end":{"line":69,"column":31}},"loc":{"start":{"line":69,"column":56},"end":{"line":80,"column":3}},"line":69},"27":{"name":"(anonymous_27)","decl":{"start":{"line":70,"column":23},"end":{"line":70,"column":24}},"loc":{"start":{"line":70,"column":50},"end":{"line":79,"column":5}},"line":70},"28":{"name":"(anonymous_28)","decl":{"start":{"line":71,"column":21},"end":{"line":71,"column":22}},"loc":{"start":{"line":71,"column":35},"end":{"line":78,"column":7}},"line":71},"29":{"name":"(anonymous_29)","decl":{"start":{"line":75,"column":8},"end":{"line":75,"column":9}},"loc":{"start":{"line":75,"column":31},"end":{"line":75,"column":59}},"line":75},"30":{"name":"(anonymous_30)","decl":{"start":{"line":76,"column":8},"end":{"line":76,"column":9}},"loc":{"start":{"line":76,"column":25},"end":{"line":76,"column":48}},"line":76},"31":{"name":"(anonymous_31)","decl":{"start":{"line":82,"column":32},"end":{"line":82,"column":33}},"loc":{"start":{"line":82,"column":50},"end":{"line":95,"column":3}},"line":82},"32":{"name":"(anonymous_32)","decl":{"start":{"line":83,"column":23},"end":{"line":83,"column":24}},"loc":{"start":{"line":83,"column":50},"end":{"line":94,"column":5}},"line":83},"33":{"name":"(anonymous_33)","decl":{"start":{"line":84,"column":21},"end":{"line":84,"column":22}},"loc":{"start":{"line":84,"column":35},"end":{"line":93,"column":7}},"line":84},"34":{"name":"(anonymous_34)","decl":{"start":{"line":88,"column":8},"end":{"line":88,"column":9}},"loc":{"start":{"line":88,"column":31},"end":{"line":90,"column":9}},"line":88},"35":{"name":"(anonymous_35)","decl":{"start":{"line":91,"column":8},"end":{"line":91,"column":9}},"loc":{"start":{"line":91,"column":25},"end":{"line":91,"column":48}},"line":91},"36":{"name":"(anonymous_36)","decl":{"start":{"line":97,"column":31},"end":{"line":97,"column":32}},"loc":{"start":{"line":97,"column":49},"end":{"line":106,"column":3}},"line":97},"37":{"name":"(anonymous_37)","decl":{"start":{"line":98,"column":19},"end":{"line":98,"column":20}},"loc":{"start":{"line":98,"column":33},"end":{"line":105,"column":5}},"line":98},"38":{"name":"(anonymous_38)","decl":{"start":{"line":102,"column":6},"end":{"line":102,"column":7}},"loc":{"start":{"line":102,"column":29},"end":{"line":102,"column":67}},"line":102},"39":{"name":"(anonymous_39)","decl":{"start":{"line":103,"column":6},"end":{"line":103,"column":7}},"loc":{"start":{"line":103,"column":23},"end":{"line":103,"column":51}},"line":103},"40":{"name":"(anonymous_40)","decl":{"start":{"line":108,"column":35},"end":{"line":108,"column":36}},"loc":{"start":{"line":108,"column":70},"end":{"line":119,"column":3}},"line":108},"41":{"name":"(anonymous_41)","decl":{"start":{"line":109,"column":23},"end":{"line":109,"column":24}},"loc":{"start":{"line":109,"column":50},"end":{"line":118,"column":5}},"line":109},"42":{"name":"(anonymous_42)","decl":{"start":{"line":110,"column":21},"end":{"line":110,"column":22}},"loc":{"start":{"line":110,"column":35},"end":{"line":117,"column":7}},"line":110},"43":{"name":"(anonymous_43)","decl":{"start":{"line":114,"column":8},"end":{"line":114,"column":9}},"loc":{"start":{"line":114,"column":31},"end":{"line":114,"column":59}},"line":114},"44":{"name":"(anonymous_44)","decl":{"start":{"line":115,"column":8},"end":{"line":115,"column":9}},"loc":{"start":{"line":115,"column":25},"end":{"line":115,"column":48}},"line":115},"45":{"name":"(anonymous_45)","decl":{"start":{"line":121,"column":41},"end":{"line":121,"column":42}},"loc":{"start":{"line":121,"column":70},"end":{"line":134,"column":3}},"line":121},"46":{"name":"(anonymous_46)","decl":{"start":{"line":122,"column":23},"end":{"line":122,"column":24}},"loc":{"start":{"line":122,"column":50},"end":{"line":133,"column":5}},"line":122},"47":{"name":"(anonymous_47)","decl":{"start":{"line":123,"column":21},"end":{"line":123,"column":22}},"loc":{"start":{"line":123,"column":35},"end":{"line":132,"column":7}},"line":123},"48":{"name":"(anonymous_48)","decl":{"start":{"line":127,"column":8},"end":{"line":127,"column":9}},"loc":{"start":{"line":127,"column":31},"end":{"line":129,"column":9}},"line":127},"49":{"name":"(anonymous_49)","decl":{"start":{"line":130,"column":8},"end":{"line":130,"column":9}},"loc":{"start":{"line":130,"column":25},"end":{"line":130,"column":48}},"line":130},"50":{"name":"(anonymous_50)","decl":{"start":{"line":136,"column":41},"end":{"line":136,"column":42}},"loc":{"start":{"line":136,"column":82},"end":{"line":149,"column":3}},"line":136},"51":{"name":"(anonymous_51)","decl":{"start":{"line":137,"column":23},"end":{"line":137,"column":24}},"loc":{"start":{"line":137,"column":50},"end":{"line":148,"column":5}},"line":137},"52":{"name":"(anonymous_52)","decl":{"start":{"line":138,"column":21},"end":{"line":138,"column":22}},"loc":{"start":{"line":138,"column":35},"end":{"line":147,"column":7}},"line":138},"53":{"name":"(anonymous_53)","decl":{"start":{"line":142,"column":8},"end":{"line":142,"column":9}},"loc":{"start":{"line":142,"column":31},"end":{"line":144,"column":9}},"line":142},"54":{"name":"(anonymous_54)","decl":{"start":{"line":145,"column":8},"end":{"line":145,"column":9}},"loc":{"start":{"line":145,"column":25},"end":{"line":145,"column":48}},"line":145}},"branchMap":{"0":{"loc":{"start":{"line":1,"column":220},"end":{"line":1,"column":319}},"type":"if","locations":[{"start":{"line":1,"column":220},"end":{"line":1,"column":319}},{"start":{"line":1,"column":220},"end":{"line":1,"column":319}}],"line":1}},"s":{"0":9,"1":9,"2":9,"3":9,"4":0,"5":9,"6":9,"7":9,"8":9,"9":0,"10":0,"11":0,"12":0,"13":9,"14":0,"15":0,"16":0,"17":0,"18":0,"19":9,"20":0,"21":0,"22":0,"23":0,"24":0,"25":9,"26":0,"27":0,"28":0,"29":0,"30":0,"31":9,"32":0,"33":0,"34":0,"35":0,"36":0,"37":9,"38":0,"39":0,"40":0,"41":0,"42":0,"43":9,"44":0,"45":0,"46":0,"47":0,"48":0,"49":9,"50":0,"51":0,"52":0,"53":0,"54":9,"55":0,"56":0,"57":0,"58":0,"59":0,"60":9,"61":0,"62":0,"63":0,"64":0,"65":0,"66":9,"67":0,"68":0,"69":0,"70":0,"71":0,"72":9,"73":9},"f":{"0":9,"1":9,"2":0,"3":0,"4":0,"5":0,"6":0,"7":0,"8":0,"9":0,"10":0,"11":0,"12":0,"13":0,"14":0,"15":0,"16":0,"17":0,"18":0,"19":0,"20":0,"21":0,"22":0,"23":0,"24":0,"25":0,"26":0,"27":0,"28":0,"29":0,"30":0,"31":0,"32":0,"33":0,"34":0,"35":0,"36":0,"37":0,"38":0,"39":0,"40":0,"41":0,"42":0,"43":0,"44":0,"45":0,"46":0,"47":0,"48":0,"49":0,"50":0,"51":0,"52":0,"53":0,"54":0},"b":{"0":[0,9]},"inputSourceMap":null,"_coverageSchema":"1a1c01bbd47fc00a2c39e90264f33305004495a9","hash":"23d116316b5de66f35e77898f204d2ba9376ffec"}
,"C:\\Users\\Anik Chowdhury\\Desktop\\ReactNativeProject\\FundooNotes\\services\\SocialServices.js": {"path":"C:\\Users\\Anik Chowdhury\\Desktop\\ReactNativeProject\\FundooNotes\\services\\SocialServices.js","statementMap":{"0":{"start":{"line":1,"column":13},"end":{"line":1,"column":75}},"1":{"start":{"line":1,"column":75},"end":{"line":1,"column":100}},"2":{"start":{"line":1,"column":116},"end":{"line":1,"column":159}},"3":{"start":{"line":2,"column":24},"end":{"line":2,"column":53}},"4":{"start":{"line":2,"column":92},"end":{"line":2,"column":146}},"5":{"start":{"line":2,"column":196},"end":{"line":2,"column":295}},"6":{"start":{"line":2,"column":237},"end":{"line":2,"column":294}},"7":{"start":{"line":4,"column":17},"end":{"line":24,"column":5}},"8":{"start":{"line":4,"column":44},"end":{"line":4,"column":82}},"9":{"start":{"line":4,"column":82},"end":{"line":24,"column":4}},"10":{"start":{"line":6,"column":4},"end":{"line":22,"column":94}},"11":{"start":{"line":6,"column":95},"end":{"line":22,"column":91}},"12":{"start":{"line":6,"column":156},"end":{"line":22,"column":61}},"13":{"start":{"line":6,"column":167},"end":{"line":22,"column":60}},"14":{"start":{"line":6,"column":214},"end":{"line":6,"column":232}},"15":{"start":{"line":6,"column":232},"end":{"line":7,"column":96}},"16":{"start":{"line":7,"column":103},"end":{"line":7,"column":126}},"17":{"start":{"line":8,"column":14},"end":{"line":10,"column":15}},"18":{"start":{"line":9,"column":16},"end":{"line":9,"column":46}},"19":{"start":{"line":10,"column":15},"end":{"line":10,"column":33}},"20":{"start":{"line":10,"column":33},"end":{"line":11,"column":69}},"21":{"start":{"line":11,"column":76},"end":{"line":11,"column":97}},"22":{"start":{"line":12,"column":14},"end":{"line":14,"column":15}},"23":{"start":{"line":13,"column":16},"end":{"line":13,"column":70}},"24":{"start":{"line":15,"column":14},"end":{"line":15,"column":108}},"25":{"start":{"line":16,"column":14},"end":{"line":22,"column":17}},"26":{"start":{"line":18,"column":16},"end":{"line":18,"column":40}},"27":{"start":{"line":21,"column":16},"end":{"line":21,"column":35}},"28":{"start":{"line":22,"column":36},"end":{"line":22,"column":59}},"29":{"start":{"line":28,"column":0},"end":{"line":28,"column":20}},"30":{"start":{"line":28,"column":21},"end":{"line":28,"column":48}}},"fnMap":{"0":{"name":"_interopRequireDefault","decl":{"start":{"line":2,"column":63},"end":{"line":2,"column":85}},"loc":{"start":{"line":2,"column":91},"end":{"line":2,"column":147}},"line":2},"1":{"name":"_classCallCheck","decl":{"start":{"line":2,"column":156},"end":{"line":2,"column":171}},"loc":{"start":{"line":2,"column":195},"end":{"line":2,"column":296}},"line":2},"2":{"name":"SocialServices","decl":{"start":{"line":4,"column":26},"end":{"line":4,"column":40}},"loc":{"start":{"line":4,"column":43},"end":{"line":24,"column":5}},"line":4},"3":{"name":"(anonymous_3)","decl":{"start":{"line":5,"column":18},"end":{"line":5,"column":19}},"loc":{"start":{"line":5,"column":30},"end":{"line":24,"column":3}},"line":5},"4":{"name":"_callee","decl":{"start":{"line":6,"column":32},"end":{"line":6,"column":39}},"loc":{"start":{"line":6,"column":57},"end":{"line":22,"column":92}},"line":6},"5":{"name":"_callee$","decl":{"start":{"line":6,"column":136},"end":{"line":6,"column":144}},"loc":{"start":{"line":6,"column":155},"end":{"line":22,"column":62}},"line":6},"6":{"name":"(anonymous_6)","decl":{"start":{"line":17,"column":19},"end":{"line":17,"column":20}},"loc":{"start":{"line":17,"column":45},"end":{"line":19,"column":15}},"line":17},"7":{"name":"(anonymous_7)","decl":{"start":{"line":20,"column":20},"end":{"line":20,"column":21}},"loc":{"start":{"line":20,"column":37},"end":{"line":22,"column":15}},"line":20}},"branchMap":{"0":{"loc":{"start":{"line":2,"column":99},"end":{"line":2,"column":145}},"type":"cond-expr","locations":[{"start":{"line":2,"column":123},"end":{"line":2,"column":126}},{"start":{"line":2,"column":129},"end":{"line":2,"column":145}}],"line":2},"1":{"loc":{"start":{"line":2,"column":99},"end":{"line":2,"column":120}},"type":"binary-expr","locations":[{"start":{"line":2,"column":99},"end":{"line":2,"column":102}},{"start":{"line":2,"column":106},"end":{"line":2,"column":120}}],"line":2},"2":{"loc":{"start":{"line":2,"column":196},"end":{"line":2,"column":295}},"type":"if","locations":[{"start":{"line":2,"column":196},"end":{"line":2,"column":295}},{"start":{"line":2,"column":196},"end":{"line":2,"column":295}}],"line":2},"3":{"loc":{"start":{"line":6,"column":167},"end":{"line":22,"column":60}},"type":"switch","locations":[{"start":{"line":6,"column":207},"end":{"line":7,"column":96}},{"start":{"line":7,"column":96},"end":{"line":11,"column":69}},{"start":{"line":11,"column":69},"end":{"line":22,"column":17}},{"start":{"line":22,"column":17},"end":{"line":22,"column":25}},{"start":{"line":22,"column":25},"end":{"line":22,"column":59}}],"line":6},"4":{"loc":{"start":{"line":8,"column":14},"end":{"line":10,"column":15}},"type":"if","locations":[{"start":{"line":8,"column":14},"end":{"line":10,"column":15}},{"start":{"line":8,"column":14},"end":{"line":10,"column":15}}],"line":8},"5":{"loc":{"start":{"line":12,"column":14},"end":{"line":14,"column":15}},"type":"if","locations":[{"start":{"line":12,"column":14},"end":{"line":14,"column":15}},{"start":{"line":12,"column":14},"end":{"line":14,"column":15}}],"line":12}},"s":{"0":1,"1":1,"2":1,"3":1,"4":1,"5":1,"6":0,"7":1,"8":1,"9":1,"10":0,"11":0,"12":0,"13":0,"14":0,"15":0,"16":0,"17":0,"18":0,"19":0,"20":0,"21":0,"22":0,"23":0,"24":0,"25":0,"26":0,"27":0,"28":0,"29":1,"30":1},"f":{"0":1,"1":1,"2":1,"3":0,"4":0,"5":0,"6":0,"7":0},"b":{"0":[1,0],"1":[1,1],"2":[0,1],"3":[0,0,0,0,0],"4":[0,0],"5":[0,0]},"inputSourceMap":null,"_coverageSchema":"1a1c01bbd47fc00a2c39e90264f33305004495a9","hash":"41886597f861c8e6e1125df8dbae1710c3ba866f"}
,"C:\\Users\\Anik Chowdhury\\Desktop\\ReactNativeProject\\FundooNotes\\services\\UserLabelServices.js": {"path":"C:\\Users\\Anik Chowdhury\\Desktop\\ReactNativeProject\\FundooNotes\\services\\UserLabelServices.js","statementMap":{"0":{"start":{"line":1,"column":13},"end":{"line":1,"column":75}},"1":{"start":{"line":1,"column":75},"end":{"line":1,"column":100}},"2":{"start":{"line":1,"column":116},"end":{"line":1,"column":169}},"3":{"start":{"line":1,"column":208},"end":{"line":1,"column":262}},"4":{"start":{"line":1,"column":312},"end":{"line":1,"column":411}},"5":{"start":{"line":1,"column":353},"end":{"line":1,"column":410}},"6":{"start":{"line":3,"column":20},"end":{"line":38,"column":5}},"7":{"start":{"line":3,"column":50},"end":{"line":3,"column":91}},"8":{"start":{"line":3,"column":91},"end":{"line":12,"column":4}},"9":{"start":{"line":5,"column":4},"end":{"line":11,"column":7}},"10":{"start":{"line":6,"column":6},"end":{"line":10,"column":54}},"11":{"start":{"line":9,"column":24},"end":{"line":9,"column":50}},"12":{"start":{"line":10,"column":30},"end":{"line":10,"column":51}},"13":{"start":{"line":12,"column":4},"end":{"line":20,"column":4}},"14":{"start":{"line":15,"column":4},"end":{"line":19,"column":7}},"15":{"start":{"line":16,"column":6},"end":{"line":18,"column":54}},"16":{"start":{"line":17,"column":32},"end":{"line":17,"column":63}},"17":{"start":{"line":18,"column":30},"end":{"line":18,"column":51}},"18":{"start":{"line":20,"column":4},"end":{"line":30,"column":4}},"19":{"start":{"line":23,"column":4},"end":{"line":29,"column":7}},"20":{"start":{"line":24,"column":6},"end":{"line":28,"column":54}},"21":{"start":{"line":27,"column":24},"end":{"line":27,"column":50}},"22":{"start":{"line":28,"column":30},"end":{"line":28,"column":51}},"23":{"start":{"line":30,"column":4},"end":{"line":38,"column":4}},"24":{"start":{"line":33,"column":4},"end":{"line":37,"column":7}},"25":{"start":{"line":34,"column":6},"end":{"line":36,"column":54}},"26":{"start":{"line":35,"column":24},"end":{"line":35,"column":50}},"27":{"start":{"line":36,"column":30},"end":{"line":36,"column":51}},"28":{"start":{"line":41,"column":0},"end":{"line":41,"column":23}},"29":{"start":{"line":41,"column":24},"end":{"line":41,"column":51}}},"fnMap":{"0":{"name":"_interopRequireDefault","decl":{"start":{"line":1,"column":179},"end":{"line":1,"column":201}},"loc":{"start":{"line":1,"column":207},"end":{"line":1,"column":263}},"line":1},"1":{"name":"_classCallCheck","decl":{"start":{"line":1,"column":272},"end":{"line":1,"column":287}},"loc":{"start":{"line":1,"column":311},"end":{"line":1,"column":412}},"line":1},"2":{"name":"UserLabelServices","decl":{"start":{"line":3,"column":29},"end":{"line":3,"column":46}},"loc":{"start":{"line":3,"column":49},"end":{"line":38,"column":5}},"line":3},"3":{"name":"(anonymous_3)","decl":{"start":{"line":4,"column":23},"end":{"line":4,"column":24}},"loc":{"start":{"line":4,"column":57},"end":{"line":12,"column":3}},"line":4},"4":{"name":"(anonymous_4)","decl":{"start":{"line":5,"column":23},"end":{"line":5,"column":24}},"loc":{"start":{"line":5,"column":50},"end":{"line":11,"column":5}},"line":5},"5":{"name":"(anonymous_5)","decl":{"start":{"line":9,"column":11},"end":{"line":9,"column":12}},"loc":{"start":{"line":9,"column":23},"end":{"line":9,"column":51}},"line":9},"6":{"name":"(anonymous_6)","decl":{"start":{"line":10,"column":12},"end":{"line":10,"column":13}},"loc":{"start":{"line":10,"column":29},"end":{"line":10,"column":52}},"line":10},"7":{"name":"(anonymous_7)","decl":{"start":{"line":14,"column":25},"end":{"line":14,"column":26}},"loc":{"start":{"line":14,"column":43},"end":{"line":20,"column":3}},"line":14},"8":{"name":"(anonymous_8)","decl":{"start":{"line":15,"column":23},"end":{"line":15,"column":24}},"loc":{"start":{"line":15,"column":50},"end":{"line":19,"column":5}},"line":15},"9":{"name":"(anonymous_9)","decl":{"start":{"line":17,"column":11},"end":{"line":17,"column":12}},"loc":{"start":{"line":17,"column":31},"end":{"line":17,"column":64}},"line":17},"10":{"name":"(anonymous_10)","decl":{"start":{"line":18,"column":12},"end":{"line":18,"column":13}},"loc":{"start":{"line":18,"column":29},"end":{"line":18,"column":52}},"line":18},"11":{"name":"(anonymous_11)","decl":{"start":{"line":22,"column":26},"end":{"line":22,"column":27}},"loc":{"start":{"line":22,"column":61},"end":{"line":30,"column":3}},"line":22},"12":{"name":"(anonymous_12)","decl":{"start":{"line":23,"column":23},"end":{"line":23,"column":24}},"loc":{"start":{"line":23,"column":50},"end":{"line":29,"column":5}},"line":23},"13":{"name":"(anonymous_13)","decl":{"start":{"line":27,"column":11},"end":{"line":27,"column":12}},"loc":{"start":{"line":27,"column":23},"end":{"line":27,"column":51}},"line":27},"14":{"name":"(anonymous_14)","decl":{"start":{"line":28,"column":12},"end":{"line":28,"column":13}},"loc":{"start":{"line":28,"column":29},"end":{"line":28,"column":52}},"line":28},"15":{"name":"(anonymous_15)","decl":{"start":{"line":32,"column":26},"end":{"line":32,"column":27}},"loc":{"start":{"line":32,"column":54},"end":{"line":38,"column":3}},"line":32},"16":{"name":"(anonymous_16)","decl":{"start":{"line":33,"column":23},"end":{"line":33,"column":24}},"loc":{"start":{"line":33,"column":50},"end":{"line":37,"column":5}},"line":33},"17":{"name":"(anonymous_17)","decl":{"start":{"line":35,"column":11},"end":{"line":35,"column":12}},"loc":{"start":{"line":35,"column":23},"end":{"line":35,"column":51}},"line":35},"18":{"name":"(anonymous_18)","decl":{"start":{"line":36,"column":12},"end":{"line":36,"column":13}},"loc":{"start":{"line":36,"column":29},"end":{"line":36,"column":52}},"line":36}},"branchMap":{"0":{"loc":{"start":{"line":1,"column":215},"end":{"line":1,"column":261}},"type":"cond-expr","locations":[{"start":{"line":1,"column":239},"end":{"line":1,"column":242}},{"start":{"line":1,"column":245},"end":{"line":1,"column":261}}],"line":1},"1":{"loc":{"start":{"line":1,"column":215},"end":{"line":1,"column":236}},"type":"binary-expr","locations":[{"start":{"line":1,"column":215},"end":{"line":1,"column":218}},{"start":{"line":1,"column":222},"end":{"line":1,"column":236}}],"line":1},"2":{"loc":{"start":{"line":1,"column":312},"end":{"line":1,"column":411}},"type":"if","locations":[{"start":{"line":1,"column":312},"end":{"line":1,"column":411}},{"start":{"line":1,"column":312},"end":{"line":1,"column":411}}],"line":1}},"s":{"0":7,"1":7,"2":7,"3":7,"4":7,"5":0,"6":7,"7":7,"8":7,"9":0,"10":0,"11":0,"12":0,"13":7,"14":0,"15":0,"16":0,"17":0,"18":7,"19":0,"20":0,"21":0,"22":0,"23":7,"24":0,"25":0,"26":0,"27":0,"28":7,"29":7},"f":{"0":7,"1":7,"2":7,"3":0,"4":0,"5":0,"6":0,"7":0,"8":0,"9":0,"10":0,"11":0,"12":0,"13":0,"14":0,"15":0,"16":0,"17":0,"18":0},"b":{"0":[7,0],"1":[7,7],"2":[0,7]},"inputSourceMap":null,"_coverageSchema":"1a1c01bbd47fc00a2c39e90264f33305004495a9","hash":"012592102b4c35cba2974d542fe059428bbb03e1"}
,"C:\\Users\\Anik Chowdhury\\Desktop\\ReactNativeProject\\FundooNotes\\services\\UserNoteApiServices.js": {"path":"C:\\Users\\Anik Chowdhury\\Desktop\\ReactNativeProject\\FundooNotes\\services\\UserNoteApiServices.js","statementMap":{"0":{"start":{"line":1,"column":13},"end":{"line":1,"column":75}},"1":{"start":{"line":1,"column":75},"end":{"line":1,"column":100}},"2":{"start":{"line":1,"column":149},"end":{"line":1,"column":248}},"3":{"start":{"line":1,"column":190},"end":{"line":1,"column":247}},"4":{"start":{"line":1,"column":275},"end":{"line":26,"column":5}},"5":{"start":{"line":1,"column":307},"end":{"line":1,"column":350}},"6":{"start":{"line":1,"column":350},"end":{"line":16,"column":4}},"7":{"start":{"line":3,"column":4},"end":{"line":15,"column":7}},"8":{"start":{"line":4,"column":6},"end":{"line":14,"column":54}},"9":{"start":{"line":13,"column":24},"end":{"line":13,"column":50}},"10":{"start":{"line":14,"column":30},"end":{"line":14,"column":51}},"11":{"start":{"line":16,"column":4},"end":{"line":26,"column":4}},"12":{"start":{"line":19,"column":4},"end":{"line":25,"column":7}},"13":{"start":{"line":20,"column":6},"end":{"line":24,"column":54}},"14":{"start":{"line":23,"column":24},"end":{"line":23,"column":50}},"15":{"start":{"line":24,"column":30},"end":{"line":24,"column":51}},"16":{"start":{"line":29,"column":0},"end":{"line":29,"column":25}},"17":{"start":{"line":29,"column":26},"end":{"line":29,"column":53}}},"fnMap":{"0":{"name":"_classCallCheck","decl":{"start":{"line":1,"column":109},"end":{"line":1,"column":124}},"loc":{"start":{"line":1,"column":148},"end":{"line":1,"column":249}},"line":1},"1":{"name":"UserNoteApiServices","decl":{"start":{"line":1,"column":284},"end":{"line":1,"column":303}},"loc":{"start":{"line":1,"column":306},"end":{"line":26,"column":5}},"line":1},"2":{"name":"(anonymous_2)","decl":{"start":{"line":2,"column":27},"end":{"line":2,"column":28}},"loc":{"start":{"line":2,"column":61},"end":{"line":16,"column":3}},"line":2},"3":{"name":"(anonymous_3)","decl":{"start":{"line":3,"column":23},"end":{"line":3,"column":24}},"loc":{"start":{"line":3,"column":50},"end":{"line":15,"column":5}},"line":3},"4":{"name":"(anonymous_4)","decl":{"start":{"line":13,"column":11},"end":{"line":13,"column":12}},"loc":{"start":{"line":13,"column":23},"end":{"line":13,"column":51}},"line":13},"5":{"name":"(anonymous_5)","decl":{"start":{"line":14,"column":12},"end":{"line":14,"column":13}},"loc":{"start":{"line":14,"column":29},"end":{"line":14,"column":52}},"line":14},"6":{"name":"(anonymous_6)","decl":{"start":{"line":18,"column":28},"end":{"line":18,"column":29}},"loc":{"start":{"line":18,"column":55},"end":{"line":26,"column":3}},"line":18},"7":{"name":"(anonymous_7)","decl":{"start":{"line":19,"column":23},"end":{"line":19,"column":24}},"loc":{"start":{"line":19,"column":50},"end":{"line":25,"column":5}},"line":19},"8":{"name":"(anonymous_8)","decl":{"start":{"line":23,"column":11},"end":{"line":23,"column":12}},"loc":{"start":{"line":23,"column":23},"end":{"line":23,"column":51}},"line":23},"9":{"name":"(anonymous_9)","decl":{"start":{"line":24,"column":12},"end":{"line":24,"column":13}},"loc":{"start":{"line":24,"column":29},"end":{"line":24,"column":52}},"line":24}},"branchMap":{"0":{"loc":{"start":{"line":1,"column":149},"end":{"line":1,"column":248}},"type":"if","locations":[{"start":{"line":1,"column":149},"end":{"line":1,"column":248}},{"start":{"line":1,"column":149},"end":{"line":1,"column":248}}],"line":1}},"s":{"0":7,"1":7,"2":7,"3":0,"4":7,"5":7,"6":7,"7":0,"8":0,"9":0,"10":0,"11":7,"12":0,"13":0,"14":0,"15":0,"16":7,"17":7},"f":{"0":7,"1":7,"2":0,"3":0,"4":0,"5":0,"6":0,"7":0,"8":0,"9":0},"b":{"0":[0,7]},"inputSourceMap":null,"_coverageSchema":"1a1c01bbd47fc00a2c39e90264f33305004495a9","hash":"cf7ac5b3fbef108f51ac70db97be773cf51bc588"}
,"C:\\Users\\Anik Chowdhury\\Desktop\\ReactNativeProject\\FundooNotes\\services\\UserNoteServices.js": {"path":"C:\\Users\\Anik Chowdhury\\Desktop\\ReactNativeProject\\FundooNotes\\services\\UserNoteServices.js","statementMap":{"0":{"start":{"line":1,"column":13},"end":{"line":1,"column":75}},"1":{"start":{"line":1,"column":75},"end":{"line":1,"column":100}},"2":{"start":{"line":1,"column":116},"end":{"line":1,"column":169}},"3":{"start":{"line":1,"column":208},"end":{"line":1,"column":262}},"4":{"start":{"line":1,"column":312},"end":{"line":1,"column":411}},"5":{"start":{"line":1,"column":353},"end":{"line":1,"column":410}},"6":{"start":{"line":3,"column":19},"end":{"line":68,"column":5}},"7":{"start":{"line":3,"column":48},"end":{"line":3,"column":88}},"8":{"start":{"line":3,"column":88},"end":{"line":12,"column":4}},"9":{"start":{"line":5,"column":4},"end":{"line":11,"column":7}},"10":{"start":{"line":6,"column":6},"end":{"line":10,"column":54}},"11":{"start":{"line":9,"column":24},"end":{"line":9,"column":50}},"12":{"start":{"line":10,"column":30},"end":{"line":10,"column":51}},"13":{"start":{"line":12,"column":4},"end":{"line":20,"column":4}},"14":{"start":{"line":15,"column":4},"end":{"line":19,"column":7}},"15":{"start":{"line":16,"column":6},"end":{"line":18,"column":54}},"16":{"start":{"line":17,"column":32},"end":{"line":17,"column":63}},"17":{"start":{"line":18,"column":30},"end":{"line":18,"column":51}},"18":{"start":{"line":20,"column":4},"end":{"line":30,"column":4}},"19":{"start":{"line":23,"column":4},"end":{"line":29,"column":7}},"20":{"start":{"line":24,"column":6},"end":{"line":28,"column":54}},"21":{"start":{"line":27,"column":24},"end":{"line":27,"column":50}},"22":{"start":{"line":28,"column":30},"end":{"line":28,"column":51}},"23":{"start":{"line":30,"column":4},"end":{"line":40,"column":4}},"24":{"start":{"line":33,"column":4},"end":{"line":39,"column":7}},"25":{"start":{"line":34,"column":6},"end":{"line":38,"column":54}},"26":{"start":{"line":37,"column":24},"end":{"line":37,"column":50}},"27":{"start":{"line":38,"column":30},"end":{"line":38,"column":51}},"28":{"start":{"line":40,"column":4},"end":{"line":50,"column":4}},"29":{"start":{"line":43,"column":4},"end":{"line":49,"column":7}},"30":{"start":{"line":44,"column":6},"end":{"line":48,"column":54}},"31":{"start":{"line":47,"column":24},"end":{"line":47,"column":50}},"32":{"start":{"line":48,"column":30},"end":{"line":48,"column":51}},"33":{"start":{"line":50,"column":4},"end":{"line":58,"column":4}},"34":{"start":{"line":53,"column":4},"end":{"line":57,"column":7}},"35":{"start":{"line":54,"column":6},"end":{"line":56,"column":54}},"36":{"start":{"line":55,"column":24},"end":{"line":55,"column":50}},"37":{"start":{"line":56,"column":30},"end":{"line":56,"column":51}},"38":{"start":{"line":58,"column":4},"end":{"line":68,"column":4}},"39":{"start":{"line":61,"column":4},"end":{"line":67,"column":7}},"40":{"start":{"line":62,"column":6},"end":{"line":66,"column":54}},"41":{"start":{"line":65,"column":24},"end":{"line":65,"column":50}},"42":{"start":{"line":66,"column":30},"end":{"line":66,"column":51}},"43":{"start":{"line":72,"column":0},"end":{"line":72,"column":22}},"44":{"start":{"line":72,"column":23},"end":{"line":72,"column":50}}},"fnMap":{"0":{"name":"_interopRequireDefault","decl":{"start":{"line":1,"column":179},"end":{"line":1,"col
[...]
,"C:\\Users\\Anik Chowdhury\\Desktop\\ReactNativeProject\\FundooNotes\\src\\components\\pages\\RegisterScreen.js": {"path":"C:\\Users\\Anik Chowdhury\\Desktop\\ReactNativeProject\\FundooNotes\\src\\components\\pages\\RegisterScreen.js","statementMap":{"0":{"start":{"line":1,"column":13},"end":{"line":1,"column":75}},"1":{"start":{"line":1,"column":75},"end":{"line":1,"column":100}},"2":{"start":{"line":1,"column":113},"end":{"line":1,"column":153}},"3":{"start":{"line":2,"column":16},"end":{"line":2,"column":61}},"4":{"start":{"line":2,"column":74},"end":{"line":2,"column":78}},"5":{"start":{"line":2,"column":94},"end":{"line":2,"column":206}},"6":{"start":{"line":2,"column":245},"end":{"line":2,"column":299}},"7":{"start":{"line":4,"column":21},"end":{"line":8,"column":1}},"8":{"start":{"line":4,"column":69},"end":{"line":4,"column":84}},"9":{"start":{"line":5,"column":2},"end":{"line":6,"column":166}},"10":{"start":{"line":10,"column":0},"end":{"line":10,"column":14}},"11":{"start":{"line":10,"column":15},"end":{"line":10,"column":42}}},"fnMap":{"0":{"name":"_interopRequireDefault","decl":{"start":{"line":2,"column":216},"end":{"line":2,"column":238}},"loc":{"start":{"line":2,"column":244},"end":{"line":2,"column":300}},"line":2},"1":{"name":"RegisterScreen","decl":{"start":{"line":4,"column":30},"end":{"line":4,"column":44}},"loc":{"start":{"line":4,"column":51},"end":{"line":8,"column":1}},"line":4}},"branchMap":{"0":{"loc":{"start":{"line":2,"column":252},"end":{"line":2,"column":298}},"type":"cond-expr","locations":[{"start":{"line":2,"column":276},"end":{"line":2,"column":279}},{"start":{"line":2,"column":282},"end":{"line":2,"column":298}}],"line":2},"1":{"loc":{"start":{"line":2,"column":252},"end":{"line":2,"column":273}},"type":"binary-expr","locations":[{"start":{"line":2,"column":252},"end":{"line":2,"column":255}},{"start":{"line":2,"column":259},"end":{"line":2,"column":273}}],"line":2}},"s":{"0":1,"1":1,"2":1,"3":1,"4":1,"5":1,"6":2,"7":1,"8":1,"9":1,"10":1,"11":1},"f":{"0":2,"1":1},"b":{"0":[1,1],"1":[2,2]},"inputSourceMap":null,"_coverageSchema":"1a1c01bbd47fc00a2c39e90264f33305004495a9","hash":"bbb23542eff83af4151556422e8b5f9bb214962f"}
,"C:\\Users\\Anik Chowdhury\\Desktop\\ReactNativeProject\\FundooNotes\\src\\redux\\actions\\CreateNewLabelActions.js": {"path":"C:\\Users\\Anik Chowdhury\\Desktop\\ReactNativeProject\\FundooNotes\\src\\redux\\actions\\CreateNewLabelActions.js","statementMap":{"0":{"start":{"line":1,"column":13},"end":{"line":1,"column":75}},"1":{"start":{"line":1,"column":75},"end":{"line":1,"column":184}},"2":{"start":{"line":1,"column":210},"end":{"line":1,"column":241}},"3":{"start":{"line":2,"column":18},"end":{"line":7,"column":1}},"4":{"start":{"line":3,"column":2},"end":{"line":5,"column":22}},"5":{"start":{"line":7,"column":2},"end":{"line":7,"column":36}},"6":{"start":{"line":9,"column":21},"end":{"line":14,"column":1}},"7":{"start":{"line":10,"column":2},"end":{"line":12,"column":25}},"8":{"start":{"line":14,"column":2},"end":{"line":14,"column":42}},"9":{"start":{"line":16,"column":28},"end":{"line":21,"column":1}},"10":{"start":{"line":17,"column":2},"end":{"line":19,"column":26}},"11":{"start":{"line":21,"column":2},"end":{"line":21,"column":56}},"12":{"start":{"line":23,"column":19},"end":{"line":28,"column":1}},"13":{"start":{"line":24,"column":2},"end":{"line":26,"column":23}},"14":{"start":{"line":28,"column":2},"end":{"line":28,"column":38}}},"fnMap":{"0":{"name":"storeUserID","decl":{"start":{"line":2,"column":27},"end":{"line":2,"column":38}},"loc":{"start":{"line":2,"column":47},"end":{"line":7,"column":1}},"line":2},"1":{"name":"storeUserLabel","decl":{"start":{"line":9,"column":30},"end":{"line":9,"column":44}},"loc":{"start":{"line":9,"column":56},"end":{"line":14,"column":1}},"line":9},"2":{"name":"storeNavigationScreen","decl":{"start":{"line":16,"column":37},"end":{"line":16,"column":58}},"loc":{"start":{"line":16,"column":71},"end":{"line":21,"column":1}},"line":16},"3":{"name":"storeLabelId","decl":{"start":{"line":23,"column":28},"end":{"line":23,"column":40}},"loc":{"start":{"line":23,"column":50},"end":{"line":28,"column":1}},"line":23}},"branchMap":{},"s":{"0":7,"1":7,"2":7,"3":7,"4":0,"5":7,"6":7,"7":0,"8":7,"9":7,"10":0,"11":7,"12":7,"13":0,"14":7},"f":{"0":0,"1":0,"2":0,"3":0},"b":{},"inputSourceMap":null,"_coverageSchema":"1a1c01bbd47fc00a2c39e90264f33305004495a9","hash":"76ab97a6698205f314997b1a2cd388653b7a6874"}
,"C:\\Users\\Anik Chowdhury\\Desktop\\ReactNativeProject\\FundooNotes\\src\\redux\\actions\\CreateNewLabelType.js": {"path":"C:\\Users\\Anik Chowdhury\\Desktop\\ReactNativeProject\\FundooNotes\\src\\redux\\actions\\CreateNewLabelType.js","statementMap":{"0":{"start":{"line":1,"column":13},"end":{"line":1,"column":75}},"1":{"start":{"line":1,"column":75},"end":{"line":1,"column":190}},"2":{"start":{"line":1,"column":209},"end":{"line":1,"column":223}},"3":{"start":{"line":1,"column":224},"end":{"line":1,"column":260}},"4":{"start":{"line":2,"column":23},"end":{"line":2,"column":41}},"5":{"start":{"line":2,"column":42},"end":{"line":2,"column":86}},"6":{"start":{"line":3,"column":30},"end":{"line":3,"column":55}},"7":{"start":{"line":3,"column":56},"end":{"line":3,"column":114}},"8":{"start":{"line":4,"column":20},"end":{"line":4,"column":35}},"9":{"start":{"line":4,"column":36},"end":{"line":4,"column":74}}},"fnMap":{},"branchMap":{},"s":{"0":7,"1":7,"2":7,"3":7,"4":7,"5":7,"6":7,"7":7,"8":7,"9":7},"f":{},"b":{},"inputSourceMap":null,"_coverageSchema":"1a1c01bbd47fc00a2c39e90264f33305004495a9","hash":"40051c45679e588b3cba22a445f33f32578aae40"}
,"C:\\Users\\Anik Chowdhury\\Desktop\\ReactNativeProject\\FundooNotes\\src\\styles\\ArchiveNoteScreen.styles.js": {"path":"C:\\Users\\Anik Chowdhury\\Desktop\\ReactNativeProject\\FundooNotes\\src\\styles\\ArchiveNoteScreen.styles.js","statementMap":{"0":{"start":{"line":1,"column":13},"end":{"line":1,"column":75}},"1":{"start":{"line":1,"column":75},"end":{"line":1,"column":100}},"2":{"start":{"line":1,"column":119},"end":{"line":1,"column":142}},"3":{"start":{"line":3,"column":29},"end":{"line":15,"column":25}},"4":{"start":{"line":19,"column":0},"end":{"line":19,"column":22}},"5":{"start":{"line":19,"column":23},"end":{"line":19,"column":50}}},"fnMap":{},"branchMap":{},"s":{"0":1,"1":1,"2":1,"3":1,"4":1,"5":1},"f":{},"b":{},"inputSourceMap":null,"_coverageSchema":"1a1c01bbd47fc00a2c39e90264f33305004495a9","hash":"fcad25654729a9aaee950560966f2f5ba6b6e95d"}
,"C:\\Users\\Anik Chowdhury\\Desktop\\ReactNativeProject\\FundooNotes\\src\\styles\\BottomBar.styles.js": {"path":"C:\\Users\\Anik Chowdhury\\Desktop\\ReactNativeProject\\FundooNotes\\src\\styles\\BottomBar.styles.js","statementMap":{"0":{"start":{"line":1,"column":13},"end":{"line":1,"column":75}},"1":{"start":{"line":1,"column":75},"end":{"line":1,"column":100}},"2":{"start":{"line":1,"column":119},"end":{"line":1,"column":142}},"3":{"start":{"line":3,"column":21},"end":{"line":37,"column":24}},"4":{"start":{"line":42,"column":0},"end":{"line":42,"column":14}},"5":{"start":{"line":42,"column":15},"end":{"line":42,"column":42}}},"fnMap":{},"branchMap":{},"s":{"0":3,"1":3,"2":3,"3":3,"4":3,"5":3},"f":{},"b":{},"inputSourceMap":null,"_coverageSchema":"1a1c01bbd47fc00a2c39e90264f33305004495a9","hash":"3351ab85bca14ceabd3a0102200f5708e28ea17a"}
,"C:\\Users\\Anik Chowdhury\\Desktop\\ReactNativeProject\\FundooNotes\\src\\styles\\CreateNewLabel.styles.js": {"path":"C:\\Users\\Anik Chowdhury\\Desktop\\ReactNativeProject\\FundooNotes\\src\\styles\\CreateNewLabel.styles.js","statementMap":{"0":{"start":{"line":1,"column":13},"end":{"line":1,"column":75}},"1":{"start":{"line":1,"column":75},"end":{"line":1,"column":100}},"2":{"start":{"line":1,"column":119},"end":{"line":1,"column":142}},"3":{"start":{"line":3,"column":26},"end":{"line":41,"column":24}},"4":{"start":{"line":45,"column":0},"end":{"line":45,"column":19}},"5":{"start":{"line":45,"column":20},"end":{"line":45,"column":47}}},"fnMap":{},"branchMap":{},"s":{"0":1,"1":1,"2":1,"3":1,"4":1,"5":1},"f":{},"b":{},"inputSourceMap":null,"_coverageSchema":"1a1c01bbd47fc00a2c39e90264f33305004495a9","hash":"50aecba42dbed6398156fe85218e2840518c9cd2"}
,"C:\\Users\\Anik Chowdhury\\Desktop\\ReactNativeProject\\FundooNotes\\src\\styles\\DeletedScreen.style.js": {"path":"C:\\Users\\Anik Chowdhury\\Desktop\\ReactNativeProject\\FundooNotes\\src\\styles\\DeletedScreen.style.js","statementMap":{"0":{"start":{"line":1,"column":13},"end":{"line":1,"column":75}},"1":{"start":{"line":1,"column":75},"end":{"line":1,"column":100}},"2":{"start":{"line":1,"column":119},"end":{"line":1,"column":142}},"3":{"start":{"line":3,"column":25},"end":{"line":20,"column":21}},"4":{"start":{"line":24,"column":0},"end":{"line":24,"column":18}},"5":{"start":{"line":24,"column":19},"end":{"line":24,"column":46}}},"fnMap":{},"branchMap":{},"s":{"0":1,"1":1,"2":1,"3":1,"4":1,"5":1},"f":{},"b":{},"inputSourceMap":null,"_coverageSchema":"1a1c01bbd47fc00a2c39e90264f33305004495a9","hash":"246539b16384661bef76ab76f63bba97ee08507e"}
,"C:\\Users\\Anik Chowdhury\\Desktop\\ReactNativeProject\\FundooNotes\\src\\styles\\DrawerContent.styles.js": {"path":"C:\\Users\\Anik Chowdhury\\Desktop\\ReactNativeProject\\FundooNotes\\src\\styles\\DrawerContent.styles.js","statementMap":{"0":{"start":{"line":1,"column":13},"end":{"line":1,"column":75}},"1":{"start":{"line":1,"column":75},"end":{"line":1,"column":100}},"2":{"start":{"line":1,"column":119},"end":{"line":1,"column":142}},"3":{"start":{"line":3,"column":25},"end":{"line":28,"column":25}},"4":{"start":{"line":32,"column":0},"end":{"line":32,"column":18}},"5":{"start":{"line":32,"column":19},"end":{"line":32,"column":46}}},"fnMap":{},"branchMap":{},"s":{"0":1,"1":1,"2":1,"3":1,"4":1,"5":1},"f":{},"b":{},"inputSourceMap":null,"_coverageSchema":"1a1c01bbd47fc00a2c39e90264f33305004495a9","hash":"0c9f8aa312940e2f6318f50e7f993b8271f536dd"}
,"C:\\Users\\Anik Chowdhury\\Desktop\\ReactNativeProject\\FundooNotes\\src\\styles\\ForgotPassword.styles.js": {"path":"C:\\Users\\Anik Chowdhury\\Desktop\\ReactNativeProject\\FundooNotes\\src\\styles\\ForgotPassword.styles.js","statementMap":{"0":{"start":{"line":1,"column":13},"end":{"line":1,"column":75}},"1":{"start":{"line":1,"column":75},"end":{"line":1,"column":100}},"2":{"start":{"line":1,"column":119},"end":{"line":1,"column":142}},"3":{"start":{"line":3,"column":26},"end":{"line":83,"column":19}},"4":{"start":{"line":88,"column":0},"end":{"line":88,"column":19}},"5":{"start":{"line":88,"column":20},"end":{"line":88,"column":47}}},"fnMap":{},"branchMap":{},"s":{"0":2,"1":2,"2":2,"3":2,"4":2,"5":2},"f":{},"b":{},"inputSourceMap":null,"_coverageSchema":"1a1c01bbd47fc00a2c39e90264f33305004495a9","hash":"232b60e1620e6ab3fca08172f7fa4e4e0b71672c"}
,"C:\\Users\\Anik Chowdhury\\Desktop\\ReactNativeProject\\FundooNotes\\src\\styles\\LabelAppbar.styles.js": {"path":"C:\\Users\\Anik Chowdhury\\Desktop\\ReactNativeProject\\FundooNotes\\src\\styles\\LabelAppbar.styles.js","statementMap":{"0":{"start":{"line":1,"column":13},"end":{"line":1,"column":75}},"1":{"start":{"line":1,"column":75},"end":{"line":1,"column":100}},"2":{"start":{"line":1,"column":119},"end":{"line":1,"column":142}},"3":{"start":{"line":3,"column":23},"end":{"line":26,"column":24}},"4":{"start":{"line":30,"column":0},"end":{"line":30,"column":16}},"5":{"start":{"line":30,"column":17},"end":{"line":30,"column":44}}},"fnMap":{},"branchMap":{},"s":{"0":2,"1":2,"2":2,"3":2,"4":2,"5":2},"f":{},"b":{},"inputSourceMap":null,"_coverageSchema":"1a1c01bbd47fc00a2c39e90264f33305004495a9","hash":"bb1de0477cdbcb0f1439eb128aedbfa8d45dbd9f"}
,"C:\\Users\\Anik Chowdhury\\Desktop\\ReactNativeProject\\FundooNotes\\src\\styles\\LabelNoteScreen.styles.js": {"path":"C:\\Users\\Anik Chowdhury\\Desktop\\ReactNativeProject\\FundooNotes\\src\\styles\\LabelNoteScreen.styles.js","statementMap":{"0":{"start":{"line":1,"column":13},"end":{"line":1,"column":75}},"1":{"start":{"line":1,"column":75},"end":{"line":1,"column":100}},"2":{"start":{"line":1,"column":119},"end":{"line":1,"column":142}},"3":{"start":{"line":3,"column":27},"end":{"line":55,"column":25}},"4":{"start":{"line":59,"column":0},"end":{"line":59,"column":20}},"5":{"start":{"line":59,"column":21},"end":{"line":59,"column":48}}},"fnMap":{},"branchMap":{},"s":{"0":1,"1":1,"2":1,"3":1,"4":1,"5":1},"f":{},"b":{},"inputSourceMap":null,"_coverageSchema":"1a1c01bbd47fc00a2c39e90264f33305004495a9","hash":"c946548ac71819f998de2dca5f17be761708b9d0"}
,"C:\\Users\\Anik Chowdhury\\Desktop\\ReactNativeProject\\FundooNotes\\src\\styles\\Login.styles.js": {"path":"C:\\Users\\Anik Chowdhury\\Desktop\\ReactNativeProject\\FundooNotes\\src\\styles\\Login.styles.js","statementMap":{"0":{"start":{"line":1,"column":13},"end":{"line":1,"column":75}},"1":{"start":{"line":1,"column":75},"end":{"line":1,"column":100}},"2":{"start":{"line":1,"column":119},"end":{"line":1,"column":142}},"3":{"start":{"line":3,"column":17},"end":{"line":139,"column":27}},"4":{"start":{"line":143,"column":0},"end":{"line":143,"column":10}},"5":{"start":{"line":143,"column":11},"end":{"line":143,"column":38}}},"fnMap":{},"branchMap":{},"s":{"0":1,"1":1,"2":1,"3":1,"4":1,"5":1},"f":{},"b":{},"inputSourceMap":null,"_coverageSchema":"1a1c01bbd47fc00a2c39e90264f33305004495a9","hash":"a947749af9beb8a172e02e07e80deba2186cdef0"}
,"C:\\Users\\Anik Chowdhury\\Desktop\\ReactNativeProject\\FundooNotes\\src\\styles\\NoteCard.style.js": {"path":"C:\\Users\\Anik Chowdhury\\Desktop\\ReactNativeProject\\FundooNotes\\src\\styles\\NoteCard.style.js","statementMap":{"0":{"start":{"line":1,"column":13},"end":{"line":1,"column":75}},"1":{"start":{"line":1,"column":75},"end":{"line":1,"column":100}},"2":{"start":{"line":1,"column":119},"end":{"line":1,"column":142}},"3":{"start":{"line":3,"column":20},"end":{"line":95,"column":28}},"4":{"start":{"line":99,"column":0},"end":{"line":99,"column":13}},"5":{"start":{"line":99,"column":14},"end":{"line":99,"column":41}}},"fnMap":{},"branchMap":{},"s":{"0":6,"1":6,"2":6,"3":6,"4":6,"5":6},"f":{},"b":{},"inputSourceMap":null,"_coverageSchema":"1a1c01bbd47fc00a2c39e90264f33305004495a9","hash":"8cd9dc9f0abaef87b4af0ae043ea713b08e21f1e"}
,"C:\\Users\\Anik Chowdhury\\Desktop\\ReactNativeProject\\FundooNotes\\src\\styles\\RBSheetProfileOption.styles.js": {"path":"C:\\Users\\Anik Chowdhury\\Desktop\\ReactNativeProject\\FundooNotes\\src\\styles\\RBSheetProfileOption.styles.js","statementMap":{"0":{"start":{"line":1,"column":13},"end":{"line":1,"column":75}},"1":{"start":{"line":1,"column":75},"end":{"line":1,"column":100}},"2":{"start":{"line":1,"column":119},"end":{"line":1,"column":142}},"3":{"start":{"line":3,"column":32},"end":{"line":12,"column":25}},"4":{"start":{"line":16,"column":0},"end":{"line":16,"column":25}},"5":{"start":{"line":16,"column":26},"end":{"line":16,"column":53}}},"fnMap":{},"branchMap":{},"s":{"0":1,"1":1,"2":1,"3":1,"4":1,"5":1},"f":{},"b":{},"inputSourceMap":null,"_coverageSchema":"1a1c01bbd47fc00a2c39e90264f33305004495a9","hash":"77b4344fa1532522e02e55ab47f3ecf2c9a68d73"}
,"C:\\Users\\Anik Chowdhury\\Desktop\\ReactNativeProject\\FundooNotes\\src\\styles\\Register.styles.js": {"path":"C:\\Users\\Anik Chowdhury\\Desktop\\ReactNativeProject\\FundooNotes\\src\\styles\\Register.styles.js","statementMap":{"0":{"start":{"line":1,"column":13},"end":{"line":1,"column":75}},"1":{"start":{"line":1,"column":75},"end":{"line":1,"column":100}},"2":{"start":{"line":1,"column":119},"end":{"line":1,"column":142}},"3":{"start":{"line":3,"column":20},"end":{"line":110,"column":27}},"4":{"start":{"line":114,"column":0},"end":{"line":114,"column":13}},"5":{"start":{"line":114,"column":14},"end":{"line":114,"column":41}}},"fnMap":{},"branchMap":{},"s":{"0":2,"1":2,"2":2,"3":2,"4":2,"5":2},"f":{},"b":{},"inputSourceMap":null,"_coverageSchema":"1a1c01bbd47fc00a2c39e90264f33305004495a9","hash":"6c622d12b896d42c2973e29ba83555263f1b9f85"}
,"C:\\Users\\Anik Chowdhury\\Desktop\\ReactNativeProject\\FundooNotes\\src\\styles\\ReminderScreen.styles.js": {"path":"C:\\Users\\Anik Chowdhury\\Desktop\\ReactNativeProject\\FundooNotes\\src\\styles\\ReminderScreen.styles.js","statementMap":{"0":{"start":{"line":1,"column":13},"end":{"line":1,"column":75}},"1":{"start":{"line":1,"column":75},"end":{"line":1,"column":100}},"2":{"start":{"line":1,"column":119},"end":{"line":1,"column":142}},"3":{"start":{"line":3,"column":26},"end":{"line":10,"column":39}},"4":{"start":{"line":14,"column":0},"end":{"line":14,"column":19}},"5":{"start":{"line":14,"column":20},"end":{"line":14,"column":47}}},"fnMap":{},"branchMap":{},"s":{"0":1,"1":1,"2":1,"3":1,"4":1,"5":1},"f":{},"b":{},"inputSourceMap":null,"_coverageSchema":"1a1c01bbd47fc00a2c39e90264f33305004495a9","hash":"9d3b5616133b4418796f466110b9dd5125b9bda2"}
,"C:\\Users\\Anik Chowdhury\\Desktop\\ReactNativeProject\\FundooNotes\\src\\styles\\SearchNoteScreen.styles.js": {"path":"C:\\Users\\Anik Chowdhury\\Desktop\\ReactNativeProject\\FundooNotes\\src\\styles\\SearchNoteScreen.styles.js","statementMap":{"0":{"start":{"line":1,"column":13},"end":{"line":1,"column":75}},"1":{"start":{"line":1,"column":75},"end":{"line":1,"column":100}},"2":{"start":{"line":1,"column":119},"end":{"line":1,"column":142}},"3":{"start":{"line":3,"column":28},"end":{"line":86,"column":23}},"4":{"start":{"line":90,"column":0},"end":{"line":90,"column":21}},"5":{"start":{"line":90,"column":22},"end":{"line":90,"column":49}}},"fnMap":{},"branchMap":{},"s":{"0":1,"1":1,"2":1,"3":1,"4":1,"5":1},"f":{},"b":{},"inputSourceMap":null,"_coverageSchema":"1a1c01bbd47fc00a2c39e90264f33305004495a9","hash":"4d8cbe47ab4f9cf2c6f1990745ebd2f75c52b87f"}
,"C:\\Users\\Anik Chowdhury\\Desktop\\ReactNativeProject\\FundooNotes\\src\\styles\\SelectLabelScreen.styles.js": {"path":"C:\\Users\\Anik Chowdhury\\Desktop\\ReactNativeProject\\FundooNotes\\src\\styles\\SelectLabelScreen.styles.js","statementMap":{"0":{"start":{"line":1,"column":13},"end":{"line":1,"column":75}},"1":{"start":{"line":1,"column":75},"end":{"line":1,"column":100}},"2":{"start":{"line":1,"column":119},"end":{"line":1,"column":142}},"3":{"start":{"line":3,"column":29},"end":{"line":22,"column":21}},"4":{"start":{"line":26,"column":0},"end":{"line":26,"column":22}},"5":{"start":{"line":26,"column":23},"end":{"line":26,"column":50}}},"fnMap":{},"branchMap":{},"s":{"0":1,"1":1,"2":1,"3":1,"4":1,"5":1},"f":{},"b":{},"inputSourceMap":null,"_coverageSchema":"1a1c01bbd47fc00a2c39e90264f33305004495a9","hash":"70cea949914bc2ef8c6567d5a02019c5fa5ba96f"}
,"C:\\Users\\Anik Chowdhury\\Desktop\\ReactNativeProject\\FundooNotes\\src\\styles\\TopBar.style.js": {"path":"C:\\Users\\Anik Chowdhury\\Desktop\\ReactNativeProject\\FundooNotes\\src\\styles\\TopBar.style.js","statementMap":{"0":{"start":{"line":1,"column":13},"end":{"line":1,"column":75}},"1":{"start":{"line":1,"column":75},"end":{"line":1,"column":100}},"2":{"start":{"line":1,"column":119},"end":{"line":1,"column":142}},"3":{"start":{"line":3,"column":18},"end":{"line":23,"column":22}},"4":{"start":{"line":28,"column":0},"end":{"line":28,"column":11}},"5":{"start":{"line":28,"column":12},"end":{"line":28,"column":39}}},"fnMap":{},"branchMap":{},"s":{"0":1,"1":1,"2":1,"3":1,"4":1,"5":1},"f":{},"b":{},"inputSourceMap":null,"_coverageSchema":"1a1c01bbd47fc00a2c39e90264f33305004495a9","hash":"d56ac989ddbcd45deda2756df172c169c6aa7661"}
}
