{"C:\\Users\\Anik Chowdhury\\Desktop\\ReactNativeProject\\FundooNotes\\config\\Firebase.js": {"path":"C:\\Users\\Anik Chowdhury\\Desktop\\ReactNativeProject\\FundooNotes\\config\\Firebase.js","statementMap":{"0":{"start":{"line":1,"column":13},"end":{"line":1,"column":75}},"1":{"start":{"line":1,"column":75},"end":{"line":1,"column":100}},"2":{"start":{"line":1,"column":116},"end":{"line":1,"column":159}},"3":{"start":{"line":1,"column":198},"end":{"line":1,"column":252}},"4":{"start":{"line":13,"column":21},"end":{"line":20,"column":58}},"5":{"start":{"line":24,"column":15},"end":{"line":24,"column":62}},"6":{"start":{"line":26,"column":0},"end":{"line":26,"column":8}},"7":{"start":{"line":26,"column":9},"end":{"line":26,"column":36}}},"fnMap":{"0":{"name":"_interopRequireDefault","decl":{"start":{"line":1,"column":169},"end":{"line":1,"column":191}},"loc":{"start":{"line":1,"column":197},"end":{"line":1,"column":253}},"line":1}},"branchMap":{"0":{"loc":{"start":{"line":1,"column":205},"end":{"line":1,"column":251}},"type":"cond-expr","locations":[{"start":{"line":1,"column":229},"end":{"line":1,"column":232}},{"start":{"line":1,"column":235},"end":{"line":1,"column":251}}],"line":1},"1":{"loc":{"start":{"line":1,"column":205},"end":{"line":1,"column":226}},"type":"binary-expr","locations":[{"start":{"line":1,"column":205},"end":{"line":1,"column":208}},{"start":{"line":1,"column":212},"end":{"line":1,"column":226}}],"line":1}},"s":{"0":6,"1":6,"2":6,"3":6,"4":6,"5":6,"6":6,"7":6},"f":{"0":6},"b":{"0":[6,0],"1":[6,6]},"inputSourceMap":null,"_coverageSchema":"1a1c01bbd47fc00a2c39e90264f33305004495a9","hash":"2695c49acc2da832162fc924fc101210d721e538"}
,"C:\\Users\\Anik Chowdhury\\Desktop\\ReactNativeProject\\FundooNotes\\services\\SocialServices.js": {"path":"C:\\Users\\Anik Chowdhury\\Desktop\\ReactNativeProject\\FundooNotes\\services\\SocialServices.js","statementMap":{"0":{"start":{"line":1,"column":13},"end":{"line":1,"column":75}},"1":{"start":{"line":1,"column":75},"end":{"line":1,"column":100}},"2":{"start":{"line":1,"column":116},"end":{"line":1,"column":159}},"3":{"start":{"line":2,"column":24},"end":{"line":2,"column":53}},"4":{"start":{"line":2,"column":92},"end":{"line":2,"column":146}},"5":{"start":{"line":2,"column":196},"end":{"line":2,"column":295}},"6":{"start":{"line":2,"column":237},"end":{"line":2,"column":294}},"7":{"start":{"line":4,"column":17},"end":{"line":22,"column":5}},"8":{"start":{"line":4,"column":44},"end":{"line":4,"column":82}},"9":{"start":{"line":4,"column":82},"end":{"line":22,"column":4}},"10":{"start":{"line":6,"column":4},"end":{"line":20,"column":94}},"11":{"start":{"line":6,"column":95},"end":{"line":20,"column":91}},"12":{"start":{"line":6,"column":156},"end":{"line":20,"column":61}},"13":{"start":{"line":6,"column":167},"end":{"line":20,"column":60}},"14":{"start":{"line":6,"column":214},"end":{"line":6,"column":232}},"15":{"start":{"line":6,"column":232},"end":{"line":7,"column":96}},"16":{"start":{"line":7,"column":103},"end":{"line":7,"column":126}},"17":{"start":{"line":8,"column":14},"end":{"line":10,"column":15}},"18":{"start":{"line":9,"column":16},"end":{"line":9,"column":46}},"19":{"start":{"line":10,"column":15},"end":{"line":10,"column":33}},"20":{"start":{"line":10,"column":33},"end":{"line":11,"column":69}},"21":{"start":{"line":11,"column":76},"end":{"line":11,"column":97}},"22":{"start":{"line":12,"column":14},"end":{"line":14,"column":15}},"23":{"start":{"line":13,"column":16},"end":{"line":13,"column":70}},"24":{"start":{"line":15,"column":14},"end":{"line":15,"column":108}},"25":{"start":{"line":16,"column":14},"end":{"line":20,"column":17}},"26":{"start":{"line":17,"column":46},"end":{"line":17,"column":77}},"27":{"start":{"line":19,"column":16},"end":{"line":19,"column":35}},"28":{"start":{"line":20,"column":36},"end":{"line":20,"column":59}},"29":{"start":{"line":25,"column":0},"end":{"line":25,"column":20}},"30":{"start":{"line":25,"column":21},"end":{"line":25,"column":48}}},"fnMap":{"0":{"name":"_interopRequireDefault","decl":{"start":{"line":2,"column":63},"end":{"line":2,"column":85}},"loc":{"start":{"line":2,"column":91},"end":{"line":2,"column":147}},"line":2},"1":{"name":"_classCallCheck","decl":{"start":{"line":2,"column":156},"end":{"line":2,"column":171}},"loc":{"start":{"line":2,"column":195},"end":{"line":2,"column":296}},"line":2},"2":{"name":"SocialServices","decl":{"start":{"line":4,"column":26},"end":{"line":4,"column":40}},"loc":{"start":{"line":4,"column":43},"end":{"line":22,"column":5}},"line":4},"3":{"name":"(anonymous_3)","decl":{"start":{"line":5,"column":18},"end":{"line":5,"column":19}},"loc":{"start":{"line":5,"column":30},"end":{"line":22,"column":3}},"line":5},"4":{"name":"_callee","decl":{"start":{"line":6,"column":32},"end":{"line":6,"column":39}},"loc":{"start":{"line":6,"column":57},"end":{"line":20,"column":92}},"line":6},"5":{"name":"_callee$","decl":{"start":{"line":6,"column":136},"end":{"line":6,"column":144}},"loc":{"start":{"line":6,"column":155},"end":{"line":20,"column":62}},"line":6},"6":{"name":"(anonymous_6)","decl":{"start":{"line":17,"column":19},"end":{"line":17,"column":20}},"loc":{"start":{"line":17,"column":45},"end":{"line":17,"column":78}},"line":17},"7":{"name":"(anonymous_7)","decl":{"start":{"line":18,"column":20},"end":{"line":18,"column":21}},"loc":{"start":{"line":18,"column":37},"end":{"line":20,"column":15}},"line":18}},"branchMap":{"0":{"loc":{"start":{"line":2,"column":99},"end":{"line":2,"column":145}},"type":"cond-expr","locations":[{"start":{"line":2,"column":123},"end":{"line":2,"column":126}},{"start":{"line":2,"column":129},"end":{"line":2,"column":145}}],"line":2},"1":{"loc":{"start":{"line":2,"column":99},"end":{"line":2,"column":120}},"type":"binary-expr","locations":[{"start":{"line":2,"column":99},"end":{"line":2,"column":102}},{"start":{"line":2,"column":106},"end":{"line":2,"column":120}}],"line":2},"2":{"loc":{"start":{"line":2,"column":196},"end":{"line":2,"column":295}},"type":"if","locations":[{"start":{"line":2,"column":196},"end":{"line":2,"column":295}},{"start":{"line":2,"column":196},"end":{"line":2,"column":295}}],"line":2},"3":{"loc":{"start":{"line":6,"column":167},"end":{"line":20,"column":60}},"type":"switch","locations":[{"start":{"line":6,"column":207},"end":{"line":7,"column":96}},{"start":{"line":7,"column":96},"end":{"line":11,"column":69}},{"start":{"line":11,"column":69},"end":{"line":20,"column":17}},{"start":{"line":20,"column":17},"end":{"line":20,"column":25}},{"start":{"line":20,"column":25},"end":{"line":20,"column":59}}],"line":6},"4":{"loc":{"start":{"line":8,"column":14},"end":{"line":10,"column":15}},"type":"if","locations":[{"start":{"line":8,"column":14},"end":{"line":10,"column":15}},{"start":{"line":8,"column":14},"end":{"line":10,"column":15}}],"line":8},"5":{"loc":{"start":{"line":12,"column":14},"end":{"line":14,"column":15}},"type":"if","locations":[{"start":{"line":12,"column":14},"end":{"line":14,"column":15}},{"start":{"line":12,"column":14},"end":{"line":14,"column":15}}],"line":12}},"s":{"0":2,"1":2,"2":2,"3":2,"4":2,"5":2,"6":0,"7":2,"8":2,"9":2,"10":2,"11":2,"12":4,"13":4,"14":2,"15":2,"16":0,"17":0,"18":0,"19":0,"20":0,"21":0,"22":0,"23":0,"24":0,"25":0,"26":0,"27":0,"28":2,"29":2,"30":2},"f":{"0":2,"1":2,"2":2,"3":2,"4":2,"5":4,"6":0,"7":0},"b":{"0":[2,0],"1":[2,2],"2":[0,2],"3":[2,0,0,0,2],"4":[0,0],"5":[0,0]},"inputSourceMap":null,"_coverageSchema":"1a1c01bbd47fc00a2c39e90264f33305004495a9","hash":"bfe22d168e4a9cc06e0d81e8d1175b015957a8d7"}
,"C:\\Users\\Anik Chowdhury\\Desktop\\ReactNativeProject\\FundooNotes\\services\\UserServices.js": {"path":"C:\\Users\\Anik Chowdhury\\Desktop\\ReactNativeProject\\FundooNotes\\services\\UserServices.js","statementMap":{"0":{"start":{"line":1,"column":13},"end":{"line":1,"column":75}},"1":{"start":{"line":1,"column":75},"end":{"line":1,"column":100}},"2":{"start":{"line":1,"column":116},"end":{"line":1,"column":169}},"3":{"start":{"line":1,"column":208},"end":{"line":1,"column":262}},"4":{"start":{"line":1,"column":312},"end":{"line":1,"column":411}},"5":{"start":{"line":1,"column":353},"end":{"line":1,"column":410}},"6":{"start":{"line":1,"column":455},"end":{"line":1,"column":720}},"7":{"start":{"line":1,"column":468},"end":{"line":1,"column":469}},"8":{"start":{"line":1,"column":512},"end":{"line":1,"column":520}},"9":{"start":{"line":1,"column":521},"end":{"line":1,"column":576}},"10":{"start":{"line":1,"column":576},"end":{"line":1,"column":607}},"11":{"start":{"line":1,"column":607},"end":{"line":1,"column":661}},"12":{"start":{"line":1,"column":634},"end":{"line":1,"column":661}},"13":{"start":{"line":1,"column":661},"end":{"line":1,"column":719}},"14":{"start":{"line":1,"column":782},"end":{"line":1,"column":851}},"15":{"start":{"line":1,"column":798},"end":{"line":1,"column":851}},"16":{"start":{"line":1,"column":851},"end":{"line":1,"column":912}},"17":{"start":{"line":1,"column":868},"end":{"line":1,"column":912}},"18":{"start":{"line":1,"column":912},"end":{"line":1,"column":931}},"19":{"start":{"line":3,"column":15},"end":{"line":44,"column":33}},"20":{"start":{"line":3,"column":53},"end":{"line":3,"column":89}},"21":{"start":{"line":3,"column":90},"end":{"line":44,"column":10}},"22":{"start":{"line":5,"column":6},"end":{"line":14,"column":9}},"23":{"start":{"line":6,"column":8},"end":{"line":13,"column":11}},"24":{"start":{"line":7,"column":30},"end":{"line":7,"column":51}},"25":{"start":{"line":9,"column":10},"end":{"line":11,"column":11}},"26":{"start":{"line":10,"column":12},"end":{"line":10,"column":42}},"27":{"start":{"line":18,"column":6},"end":{"line":30,"column":9}},"28":{"start":{"line":19,"column":8},"end":{"line":29,"column":11}},"29":{"start":{"line":20,"column":30},"end":{"line":20,"column":51}},"30":{"start":{"line":22,"column":10},"end":{"line":24,"column":11}},"31":{"start":{"line":23,"column":12},"end":{"line":23,"column":38}},"32":{"start":{"line":25,"column":10},"end":{"line":27,"column":11}},"33":{"start":{"line":26,"column":12},"end":{"line":26,"column":41}},"34":{"start":{"line":34,"column":6},"end":{"line":43,"column":9}},"35":{"start":{"line":35,"column":8},"end":{"line":42,"column":11}},"36":{"start":{"line":36,"column":30},"end":{"line":36,"column":51}},"37":{"start":{"line":38,"column":10},"end":{"line":40,"column":11}},"38":{"start":{"line":39,"column":12},"end":{"line":39,"column":38}},"39":{"start":{"line":44,"column":10},"end":{"line":44,"column":30}},"40":{"start":{"line":47,"column":0},"end":{"line":47,"column":18}},"41":{"start":{"line":47,"column":19},"end":{"line":47,"column":46}}},"fnMap":{"0":{"name":"_interopRequireDefault","decl":{"start":{"line":1,"column":179},"end":{"line":1,"column":201}},"loc":{"start":{"line":1,"column":207},"end":{"line":1,"column":263}},"line":1},"1":{"name":"_classCallCheck","decl":{"start":{"line":1,"column":272},"end":{"line":1,"column":287}},"loc":{"start":{"line":1,"column":311},"end":{"line":1,"column":412}},"line":1},"2":{"name":"_defineProperties","decl":{"start":{"line":1,"column":421},"end":{"line":1,"column":438}},"loc":{"start":{"line":1,"column":454},"end":{"line":1,"column":721}},"line":1},"3":{"name":"_createClass","decl":{"start":{"line":1,"column":730},"end":{"line":1,"column":742}},"loc":{"start":{"line":1,"column":781},"end":{"line":1,"column":932}},"line":1},"4":{"name":"(anonymous_4)","decl":{"start":{"line":3,"column":15},"end":{"line":3,"column":16}},"loc":{"start":{"line":3,"column":27},"end":{"line":44,"column":31}},"line":3},"5":{"name":"UserServices","decl":{"start":{"line":3,"column":37},"end":{"line":3,"column":49}},"loc":{"start":{"line":3,"column":52},"end":{"line":3,"column":90}},"line":3},"6":{"name":"register","decl":{"start":{"line":3,"column":153},"end":{"line":3,"column":161}},"loc":{"start":{"line":4,"column":21},"end":{"line":15,"column":5}},"line":4},"7":{"name":"(anonymous_7)","decl":{"start":{"line":5,"column":25},"end":{"line":5,"column":26}},"loc":{"start":{"line":5,"column":52},"end":{"line":14,"column":7}},"line":5},"8":{"name":"(anonymous_8)","decl":{"start":{"line":7,"column":13},"end":{"line":7,"column":14}},"loc":{"start":{"line":7,"column":29},"end":{"line":7,"column":52}},"line":7},"9":{"name":"(anonymous_9)","decl":{"start":{"line":8,"column":14},"end":{"line":8,"column":15}},"loc":{"start":{"line":8,"column":31},"end":{"line":13,"column":9}},"line":8},"10":{"name":"login","decl":{"start":{"line":15,"column":41},"end":{"line":15,"column":46}},"loc":{"start":{"line":17,"column":21},"end":{"line":31,"column":5}},"line":17},"11":{"name":"(anonymous_11)","decl":{"start":{"line":18,"column":25},"end":{"line":18,"column":26}},"loc":{"start":{"line":18,"column":52},"end":{"line":30,"column":7}},"line":18},"12":{"name":"(anonymous_12)","decl":{"start":{"line":20,"column":13},"end":{"line":20,"column":14}},"loc":{"start":{"line":20,"column":29},"end":{"line":20,"column":52}},"line":20},"13":{"name":"(anonymous_13)","decl":{"start":{"line":21,"column":14},"end":{"line":21,"column":15}},"loc":{"start":{"line":21,"column":31},"end":{"line":29,"column":9}},"line":21},"14":{"name":"forgotPassword","decl":{"start":{"line":31,"column":50},"end":{"line":31,"column":64}},"loc":{"start":{"line":33,"column":11},"end":{"line":44,"column":5}},"line":33},"15":{"name":"(anonymous_15)","decl":{"start":{"line":34,"column":25},"end":{"line":34,"column":26}},"loc":{"start":{"line":34,"column":52},"end":{"line":43,"column":7}},"line":34},"16":{"name":"(anonymous_16)","decl":{"start":{"line":36,"column":13},"end":{"line":36,"column":14}},"loc":{"start":{"line":36,"column":29},"end":{"line":36,"column":52}},"line":36},"17":{"name":"(anonymous_17)","decl":{"start":{"line":37,"column":14},"end":{"line":37,"column":15}},"loc":{"start":{"line":37,"column":31},"end":{"line":42,"column":9}},"line":37}},"branchMap":{"0":{"loc":{"start":{"line":1,"column":215},"end":{"line":1,"column":261}},"type":"cond-expr","locations":[{"start":{"line":1,"column":239},"end":{"line":1,"column":242}},{"start":{"line":1,"column":245},"end":{"line":1,"column":261}}],"line":1},"1":{"loc":{"start":{"line":1,"column":215},"end":{"line":1,"column":236}},"type":"binary-expr","locations":[{"start":{"line":1,"column":215},"end":{"line":1,"column":218}},{"start":{"line":1,"column":222},"end":{"line":1,"column":236}}],"line":1},"2":{"loc":{"start":{"line":1,"column":312},"end":{"line":1,"column":411}},"type":"if","locations":[{"start":{"line":1,"column":312},"end":{"line":1,"column":411}},{"start":{"line":1,"column":312},"end":{"line":1,"column":411}}],"line":1},"3":{"loc":{"start":{"line":1,"column":545},"end":{"line":1,"column":575}},"type":"binary-expr","locations":[{"start":{"line":1,"column":545},"end":{"line":1,"column":566}},{"start":{"line":1,"column":570},"end":{"line":1,"column":575}}],"line":1},"4":{"loc":{"start":{"line":1,"column":607},"end":{"line":1,"column":661}},"type":"if","locations":[{"start":{"line":1,"column":607},"end":{"line":1,"column":661}},{"start":{"line":1,"column":607},"end":{"line":1,"column":661}}],"line":1},"5":{"loc":{"start":{"line":1,"column":782},"end":{"line":1,"column":851}},"type":"if","locations":[{"start":{"line":1,"column":782},"end":{"line":1,"column":851}},{"start":{"line":1,"column":782},"end":{"line":1,"column":851}}],"line":1},"6":{"loc":{"start":{"line":1,"column":851},"end":{"line":1,"column":912}},"type":"if","locations":[{"start":{"line":1,"column":851},"end":{"line":1,"column":912}},{"start":{"line":1,"column":851},"end":{"line":1,"column":912}}],"line":1},"7":{"loc":{"start":{"line":9,"column":10},"end":{"line":11,"column":11}},"type":"if","locations":[{"start":{"line":9,"column":10},"end":{"line":11,"column":11}},{"start":{"line":9,"column":10},"end":{"line":11,"column":11}}],"line":9},"8":{"loc":{"start":{"line":22,"column":10},"end":{"line":24,"column":11}},"type":"if","locations":[{"start":{"line":22,"column":10},"end":{"line":24,"column":11}},{"start":{"line":22,"column":10},"end":{"line":24,"column":11}}],"line":22},"9":{"loc":{"start":{"line":25,"column":10},"end":{"line":27,"column":11}},"type":"if","locations":[{"start":{"line":25,"column":10},"end":{"line":27,"column":11}},{"start":{"line":25,"column":10},"end":{"line":27,"column":11}}],"line":25},"10":{"loc":{"start":{"line":38,"column":10},"end":{"line":40,"column":11}},"type":"if","locations":[{"start":{"line":38,"column":10},"end":{"line":40,"column":11}},{"start":{"line":38,"column":10},"end":{"line":40,"column":11}}],"line":38}},"s":{"0":6,"1":6,"2":6,"3":6,"4":6,"5":0,"6":6,"7":6,"8":18,"9":18,"10":18,"11":18,"12":18,"13":18,"14":6,"15":6,"16":6,"17":0,"18":6,"19":6,"20":6,"21":6,"22":4,"23":4,"24":1,"25":3,"26":3,"27":6,"28":6,"29":2,"30":4,"31":2,"32":4,"33":2,"34":4,"35":4,"36":2,"37":2,"38":2,"39":6,"40":6,"41":6},"f":{"0":6,"1":6,"2":6,"3":6,"4":6,"5":6,"6":4,"7":4,"8":1,"9":3,"10":6,"11":6,"12":2,"13":4,"14":4,"15":4,"16":2,"17":2},"b":{"0":[6,0],"1":[6,6],"2":[0,6],"3":[18,18],"4":[18,0],"5":[6,0],"6":[0,6],"7":[3,0],"8":[2,2],"9":[2,2],"10":[2,0]},"inputSourceMap":null,"_coverageSchema":"1a1c01bbd47fc00a2c39e90264f33305004495a9","hash":"713400b4e5b32e9bdb9de7290a3be45a6da4a90c"}
,"C:\\Users\\Anik Chowdhury\\Desktop\\ReactNativeProject\\FundooNotes\\src\\assets\\app-logo.png": {"path":"C:\\Users\\Anik Chowdhury\\Desktop\\ReactNativeProject\\FundooNotes\\src\\assets\\app-logo.png","statementMap":{"0":{"start":{"line":1,"column":0},"end":{"line":4,"column":6}}},"fnMap":{},"branchMap":{},"s":{"0":3},"f":{},"b":{},"inputSourceMap":null,"_coverageSchema":"1a1c01bbd47fc00a2c39e90264f33305004495a9","hash":"f67e71502416b776b0e0ffad10e32b7f2583eeab"}
,"C:\\Users\\Anik Chowdhury\\Desktop\\ReactNativeProject\\FundooNotes\\src\\assets\\eye-off.png": {"path":"C:\\Users\\Anik Chowdhury\\Desktop\\ReactNativeProject\\FundooNotes\\src\\assets\\eye-off.png","statementMap":{"0":{"start":{"line":1,"column":0},"end":{"line":4,"column":6}}},"fnMap":{},"branchMap":{},"s":{"0":2},"f":{},"b":{},"inputSourceMap":null,"_coverageSchema":"1a1c01bbd47fc00a2c39e90264f33305004495a9","hash":"ca9a9cb206034b93afe276ca339c832d297eef79"}
,"C:\\Users\\Anik Chowdhury\\Desktop\\ReactNativeProject\\FundooNotes\\src\\assets\\eye.png": {"path":"C:\\Users\\Anik Chowdhury\\Desktop\\ReactNativeProject\\FundooNotes\\src\\assets\\eye.png","statementMap":{"0":{"start":{"line":1,"column":0},"end":{"line":4,"column":6}}},"fnMap":{},"branchMap":{},"s":{"0":2},"f":{},"b":{},"inputSourceMap":null,"_coverageSchema":"1a1c01bbd47fc00a2c39e90264f33305004495a9","hash":"7eba8b21d38dd874e12837122d67185a81e1f640"}
,"C:\\Users\\Anik Chowdhury\\Desktop\\ReactNativeProject\\FundooNotes\\src\\components\\ForgotPassword.js": {"path":"C:\\Users\\Anik Chowdhury\\Desktop\\ReactNativeProject\\FundooNotes\\src\\components\\ForgotPassword.js","statementMap":{"0":{"start":{"line":1,"column":13},"end":{"line":1,"column":75}},"1":{"start":{"line":1,"column":75},"end":{"line":1,"column":100}},"2":{"start":{"line":1,"column":113},"end":{"line":1,"column":154}},"3":{"start":{"line":2,"column":19},"end":{"line":2,"column":42}},"4":{"start":{"line":3,"column":20},"end":{"line":3,"column":82}},"5":{"start":{"line":4,"column":22},"end":{"line":4,"column":88}},"6":{"start":{"line":4,"column":108},"end":{"line":4,"column":213}},"7":{"start":{"line":4,"column":252},"end":{"line":4,"column":306}},"8":{"start":{"line":4,"column":344},"end":{"line":4,"column":391}},"9":{"start":{"line":4,"column":379},"end":{"line":4,"column":391}},"10":{"start":{"line":4,"column":403},"end":{"line":4,"column":416}},"11":{"start":{"line":4,"column":417},"end":{"line":4,"column":496}},"12":{"start":{"line":4,"column":481},"end":{"line":4,"column":494}},"13":{"start":{"line":4,"column":496},"end":{"line":4,"column":509}},"14":{"start":{"line":4,"column":549},"end":{"line":4,"column":589}},"15":{"start":{"line":4,"column":577},"end":{"line":4,"column":588}},"16":{"start":{"line":4,"column":589},"end":{"line":4,"column":689}},"17":{"start":{"line":4,"column":664},"end":{"line":4,"column":688}},"18":{"start":{"line":4,"column":701},"end":{"line":4,"column":727}},"19":{"start":{"line":4,"column":728},"end":{"line":4,"column":781}},"20":{"start":{"line":4,"column":758},"end":{"line":4,"column":780}},"21":{"start":{"line":4,"column":794},"end":{"line":4,"column":796}},"22":{"start":{"line":4,"column":825},"end":{"line":4,"column":881}},"23":{"start":{"line":4,"column":882},"end":{"line":4,"column":1153}},"24":{"start":{"line":4,"column":904},"end":{"line":4,"column":1152}},"25":{"start":{"line":4,"column":968},"end":{"line":4,"column":1040}},"26":{"start":{"line":4,"column":1041},"end":{"line":4,"column":1151}},"27":{"start":{"line":4,"column":1078},"end":{"line":4,"column":1119}},"28":{"start":{"line":4,"column":1127},"end":{"line":4,"column":1150}},"29":{"start":{"line":4,"column":1153},"end":{"line":4,"column":1174}},"30":{"start":{"line":4,"column":1174},"end":{"line":4,"column":1210}},"31":{"start":{"line":4,"column":1186},"end":{"line":4,"column":1209}},"32":{"start":{"line":4,"column":1210},"end":{"line":4,"column":1224}},"33":{"start":{"line":4,"column":1274},"end":{"line":4,"column":1373}},"34":{"start":{"line":4,"column":1315},"end":{"line":4,"column":1372}},"35":{"start":{"line":4,"column":1417},"end":{"line":4,"column":1682}},"36":{"start":{"line":4,"column":1430},"end":{"line":4,"column":1431}},"37":{"start":{"line":4,"column":1474},"end":{"line":4,"column":1482}},"38":{"start":{"line":4,"column":1483},"end":{"line":4,"column":1538}},"39":{"start":{"line":4,"column":1538},"end":{"line":4,"column":1569}},"40":{"start":{"line":4,"column":1569},"end":{"line":4,"column":1623}},"41":{"start":{"line":4,"column":1596},"end":{"line":4,"column":1623}},"42":{"start":{"line":4,"column":1623},"end":{"line":4,"column":1681}},"43":{"start":{"line":4,"column":1744},"end":{"line":4,"column":1813}},"44":{"start":{"line":4,"column":1760},"end":{"line":4,"column":1813}},"45":{"start":{"line":4,"column":1813},"end":{"line":4,"column":1874}},"46":{"start":{"line":4,"column":1830},"end":{"line":4,"column":1874}},"47":{"start":{"line":4,"column":1874},"end":{"line":4,"column":1893}},"48":{"start":{"line":4,"column":1936},"end":{"line":4,"column":2073}},"49":{"start":{"line":4,"column":1998},"end":{"line":4,"column":2072}},"50":{"start":{"line":4,"column":2073},"end":{"line":4,"column":2218}},"51":{"start":{"line":4,"column":2218},"end":{"line":4,"column":2272}},"52":{"start":{"line":4,"column":2234},"end":{"line":4,"column":2272}},"53":{"start":{"line":4,"column":2305},"end":{"line":4,"column":2407}},"54":{"start":{"line":4,"column":2380},"end":{"line":4,"column":2396}},"55":{"start":{"line":4,"column":2396},"end":{"line":4,"column":2405}},"56":{"start":{"line":4,"column":2407},"end":{"line":4,"column":2436}},"57":{"start":{"line":4,"column":2501},"end":{"line":4,"column":2528}},"58":{"start":{"line":4,"column":2529},"end":{"line":4,"column":2848}},"59":{"start":{"line":4,"column":2581},"end":{"line":4,"column":2605}},"60":{"start":{"line":4,"column":2613},"end":{"line":4,"column":2798}},"61":{"start":{"line":4,"column":2661},"end":{"line":4,"column":2694}},"62":{"start":{"line":4,"column":2695},"end":{"line":4,"column":2751}},"63":{"start":{"line":4,"column":2759},"end":{"line":4,"column":2797}},"64":{"start":{"line":4,"column":2798},"end":{"line":4,"column":2846}},"65":{"start":{"line":4,"column":2898},"end":{"line":4,"column":2982}},"66":{"start":{"line":4,"column":2969},"end":{"line":4,"column":2981}},"67":{"start":{"line":4,"column":2982},"end":{"line":4,"column":3018}},"68":{"start":{"line":4,"column":3058},"end":{"line":4,"column":3167}},"69":{"start":{"line":4,"column":3080},"end":{"line":4,"column":3166}},"70":{"start":{"line":4,"column":3167},"end":{"line":4,"column":3179}},"71":{"start":{"line":4,"column":3218},"end":{"line":4,"column":3289}},"72":{"start":{"line":4,"column":3276},"end":{"line":4,"column":3289}},"73":{"start":{"line":4,"column":3289},"end":{"line":4,"column":3330}},"74":{"start":{"line":4,"column":3317},"end":{"line":4,"column":3330}},"75":{"start":{"line":4,"column":3330},"end":{"line":4,"column":3375}},"76":{"start":{"line":4,"column":3363},"end":{"line":4,"column":3375}},"77":{"start":{"line":4,"column":3375},"end":{"line":4,"column":3493}},"78":{"start":{"line":4,"column":3380},"end":{"line":4,"column":3454}},"79":{"start":{"line":4,"column":3454},"end":{"line":4,"column":3466}},"80":{"start":{"line":4,"column":3479},"end":{"line":4,"column":3492}},"81":{"start":{"line":4,"column":3523},"end":{"line":4,"column":3667}},"82":{"start":{"line":4,"column":3618},"end":{"line":4,"column":3665}},"83":{"start":{"line":4,"column":3667},"end":{"line":4,"column":3693}},"84":{"start":{"line":6,"column":17},"end":{"line":85,"column":51}},"85":{"start":{"line":6,"column":40},"end":{"line":6,"column":78}},"86":{"start":{"line":6,"column":91},"end":{"line":6,"column":119}},"87":{"start":{"line":7,"column":44},"end":{"line":7,"column":82}},"88":{"start":{"line":8,"column":4},"end":{"line":8,"column":37}},"89":{"start":{"line":8,"column":37},"end":{"line":21,"column":113}},"90":{"start":{"line":17,"column":44},"end":{"line":21,"column":111}},"91":{"start":{"line":17,"column":105},"end":{"line":21,"column":81}},"92":{"start":{"line":17,"column":116},"end":{"line":21,"column":80}},"93":{"start":{"line":17,"column":163},"end":{"line":17,"column":181}},"94":{"start":{"line":17,"column":181},"end":{"line":21,"column":38}},"95":{"start":{"line":21,"column":56},"end":{"line":21,"column":79}},"96":{"start":{"line":21,"column":113},"end":{"line":48,"column":101}},"97":{"start":{"line":25,"column":65},"end":{"line":48,"column":99}},"98":{"start":{"line":25,"column":128},"end":{"line":48,"column":69}},"99":{"start":{"line":25,"column":139},"end":{"line":48,"column":68}},"100":{"start":{"line":26,"column":14},"end":{"line":26,"column":44}},"101":{"start":{"line":26,"column":44},"end":{"line":27,"column":67}},"102":{"start":{"line":27,"column":41},"end":{"line":27,"column":60}},"103":{"start":{"line":27,"column":60},"end":{"line":27,"column":66}},"104":{"start":{"line":27,"column":67},"end":{"line":27,"column":86}},"105":{"start":{"line":27,"column":86},"end":{"line":39,"column":18}},"106":{"start":{"line":31,"column":16},"end":{"line":31,"column":57}},"107":{"start":{"line":34,"column":16},"end":{"line":38,"column":17}},"108":{"start":{"line":35,"column":18},"end":{"line":36,"column":42}},"109":{"start":{"line":39,"column":25},"end":{"line":39,"column":44}},"110":{"start":{"line":39,"column":44},"end":{"line":39,"column":50}},"111":{"start":{"line":39,"column":57},"end":{"line":42,"column":67}},"112":{"start":{"line":42,"column":41},"end":{"line":42,"column":60}},"113":{"start":{"line":42,"column":60},"end":{"line":42,"column":66}},"114":{"start":{"line":42,"column":67},"end":{"line":42,"column":86}},"115":{"start":{"line":42,"column":86},"end":{"line":44,"column":37}},"116":{"start":{"line":48,"column":14},"end":{"line":48,"column":24}},"117":{"start":{"line":48,"column":43},"end":{"line":48,"column":67}},"118":{"start":{"line":48,"column":101},"end":{"line":48,"column":169}},"119":{"start":{"line":48,"column":169},"end":{"line":48,"column":182}},"120":{"start":{"line":48,"column":183},"end":{"line":85,"column":10}},"121":{"start":{"line":52,"column":6},"end":{"line":78,"column":228}},"122":{"start":{"line":85,"column":10},"end":{"line":85,"column":32}},"123":{"start":{"line":85,"column":52},"end":{"line":85,"column":85}}},"fnMap":{"0":{"name":"_interopRequireDefault","decl":{"start":{"line":4,"column":223},"end":{"line":4,"column":245}},"loc":{"start":{"line":4,"column":251},"end":{"line":4,"column":307}},"line":4},"1":{"name":"_getRequireWildcardCache","decl":{"start":{"line":4,"column":316},"end":{"line":4,"column":340}},"loc":{"start":{"line":4,"column":343},"end":{"line":4,"column":510}},"line":4},"2":{"name":"_getRequireWildcardCache","decl":{"start":{"line":4,"column":453},"end":{"line":4,"column":477}},"loc":{"start":{"line":4,"column":480},"end":{"line":4,"column":495}},"line":4},"3":{"name":"_interopRequireWildcard","decl":{"start":{"line":4,"column":519},"end":{"line":4,"column":542}},"loc":{"start":{"line":4,"column":548},"end":{"line":4,"column":1225}},"line":4},"4":{"name":"_classCallCheck","decl":{"start":{"line":4,"column":1234},"end":{"line":4,"column":1249}},"loc":{"start":{"line":4,"column":1273},"end":{"line":4,"column":1374}},"line":4},"5":{"name":"_defineProperties","decl":{"start":{"line":4,"column":1383},"end":{"line":4,"column":1400}},"loc":{"start":{"line":4,"column":1416},"end":{"line":4,"column":1683}},"line":4},"6":{"name":"_createClass","decl":{"start":{"line":4,"column":1692},"end":{"line":4,"column":1704}},"loc":{"start":{"line":4,"column":1743},"end":{"line":4,"column":1894}},"line":4},"7":{"name":"_inherits","decl":{"start":{"line":4,"column":1903},"end":{"line":4,"column":1912}},"loc":{"start":{"line":4,"column":1935},"end":{"line":4,"column":2273}},"line":4},"8":{"name":"_setPrototypeOf","decl":{"start":{"line":4,"column":2282},"end":{"line":4,"column":2297}},"loc":{"start":{"line":4,"column":2304},"end":{"line":4,"column":2437}},"line":4},"9":{"name":"_setPrototypeOf","decl":{"start":{"line":4,"column":2357},"end":{"line":4,"column":2372}},"loc":{"start":{"line":4,"column":2379},"end":{"line":4,"column":2406}},"line":4},"10":{"name":"_createSuper","decl":{"start":{"line":4,"column":2446},"end":{"line":4,"column":2458}},"loc":{"start":{"line":4,"column":2468},"end":{"line":4,"column":2849}},"line":4},"11":{"name":"_createSuperInternal","decl":{"start":{"line":4,"column":2545},"end":{"line":4,"column":2565}},"loc":{"start":{"line":4,"column":2568},"end":{"line":4,"column":2847}},"line":4},"12":{"name":"_possibleConstructorReturn","decl":{"start":{"line":4,"column":2858},"end":{"line":4,"column":2884}},"loc":{"start":{"line":4,"column":2897},"end":{"line":4,"column":3019}},"line":4},"13":{"name":"_assertThisInitialized","decl":{"start":{"line":4,"column":3028},"end":{"line":4,"column":3050}},"loc":{"start":{"line":4,"column":3057},"end":{"line":4,"column":3180}},"line":4},"14":{"name":"_isNativeReflectConstruct","decl":{"start":{"line":4,"column":3189},"end":{"line":4,"column":3214}},"loc":{"start":{"line":4,"column":3217},"end":{"line":4,"column":3494}},"line":4},"15":{"name":"(anonymous_15)","decl":{"start":{"line":4,"column":3437},"end":{"line":4,"column":3438}},"loc":{"start":{"line":4,"column":3449},"end":{"line":4,"column":3451}},"line":4},"16":{"name":"_getPrototypeOf","decl":{"start":{"line":4,"column":3503},"end":{"line":4,"column":3518}},"loc":{"start":{"line":4,"column":3522},"end":{"line":4,"column":3694}},"line":4},"17":{"name":"_getPrototypeOf","decl":{"start":{"line":4,"column":3598},"end":{"line":4,"column":3613}},"loc":{"start":{"line":4,"column":3617},"end":{"line":4,"column":3666}},"line":4},"18":{"name":"(anonymous_18)","decl":{"start":{"line":6,"column":17},"end":{"line":6,"column":18}},"loc":{"start":{"line":6,"column":39},"end":{"line":85,"column":33}},"line":6},"19":{"name":"ForgotPassword","decl":{"start":{"line":7,"column":11},"end":{"line":7,"column":25}},"loc":{"start":{"line":7,"column":33},"end":{"line":48,"column":183}},"line":7},"20":{"name":"_callee","decl":{"start":{"line":17,"column":28},"end":{"line":17,"column":35}},"loc":{"start":{"line":17,"column":43},"end":{"line":21,"column":112}},"line":17},"21":{"name":"_callee$","decl":{"start":{"line":17,"column":85},"end":{"line":17,"column":93}},"loc":{"start":{"line":17,"column":104},"end":{"line":21,"column":82}},"line":17},"22":{"name":"_callee2","decl":{"start":{"line":25,"column":41},"end":{"line":25,"column":49}},"loc":{"start":{"line":25,"column":52},"end":{"line":48,"column":100}},"line":25},"23":{"name":"_callee2$","decl":{"start":{"line":25,"column":106},"end":{"line":25,"column":115}},"loc":{"start":{"line":25,"column":127},"end":{"line":48,"column":70}},"line":25},"24":{"name":"(anonymous_24)","decl":{"start":{"line":29,"column":19},"end":{"line":29,"column":20}},"loc":{"start":{"line":29,"column":35},"end":{"line":32,"column":15}},"line":29},"25":{"name":"(anonymous_25)","decl":{"start":{"line":33,"column":20},"end":{"line":33,"column":21}},"loc":{"start":{"line":33,"column":37},"end":{"line":39,"column":15}},"line":33},"26":{"name":"render","decl":{"start":{"line":48,"column":246},"end":{"line":48,"column":252}},"loc":{"start":{"line":51,"column":4},"end":{"line":85,"column":5}},"line":51}},"branchMap":{"0":{"loc":{"start":{"line":4,"column":259},"end":{"line":4,"column":305}},"type":"cond-expr","locations":[{"start":{"line":4,"column":283},"end":{"line":4,"column":286}},{"start":{"line":4,"column":289},"end":{"line":4,"column":305}}],"line":4},"1":{"loc":{"start":{"line":4,"column":259},"end":{"line":4,"column":280}},"type":"binary-expr","locations":[{"start":{"line":4,"column":259},"end":{"line":4,"column":262}},{"start":{"line":4,"column":266},"end":{"line":4,"column":280}}],"line":4},"2":{"loc":{"start":{"line":4,"column":344},"end":{"line":4,"column":391}},"type":"if","locations":[{"start":{"line":4,"column":344},"end":{"line":4,"column":391}},{"start":{"line":4,"column":344},"end":{"line":4,"column":391}}],"line":4},"3":{"loc":{"start":{"line":4,"column":549},"end":{"line":4,"column":589}},"type":"if","locations":[{"start":{"line":4,"column":549},"end":{"line":4,"column":589}},{"start":{"line":4,"column":549},"end":{"line":4,"column":589}}],"line":4},"4":{"loc":{"start":{"line":4,"column":553},"end":{"line":4,"column":574}},"type":"binary-expr","locations":[{"start":{"line":4,"column":553},"end":{"line":4,"column":556}},{"start":{"line":4,"column":560},"end":{"line":4,"column":574}}],"line":4},"5":{"loc":{"start":{"line":4,"column":589},"end":{"line":4,"column":689}},"type":"if","locations":[{"start":{"line":4,"column":589},"end":{"line":4,"column":689}},{"start":{"line":4,"column":589},"end":{"line":4,"column":689}}],"line":4},"6":{"loc":{"start":{"line":4,"column":593},"end":{"line":4,"column":661}},"type":"binary-expr","locations":[{"start":{"line":4,"column":593},"end":{"line":4,"column":605}},{"start":{"line":4,"column":609},"end":{"line":4,"column":632}},{"start":{"line":4,"column":636},"end":{"line":4,"column":661}}],"line":4},"7":{"loc":{"start":{"line":4,"column":728},"end":{"line":4,"column":781}},"type":"if","locations":[{"start":{"line":4,"column":728},"end":{"line":4,"column":781}},{"start":{"line":4,"column":728},"end":{"line":4,"column":781}}],"line":4},"8":{"loc":{"start":{"line":4,"column":732},"end":{"line":4,"column":755}},"type":"binary-expr","locations":[{"start":{"line":4,"column":732},"end":{"line":4,"column":737}},{"start":{"line":4,"column":741},"end":{"line":4,"column":755}}],"line":4},"9":{"loc":{"start":{"line":4,"column":825},"end":{"line":4,"column":881}},"type":"binary-expr","locations":[{"start":{"line":4,"column":825},"end":{"line":4,"column":846}},{"start":{"line":4,"column":850},"end":{"line":4,"column":881}}],"line":4},"10":{"loc":{"start":{"line":4,"column":904},"end":{"line":4,"column":1152}},"type":"if","locations":[{"start":{"line":4,"column":904},"end":{"line":4,"column":1152}},{"start":{"line":4,"column":904},"end":{"line":4,"column":1152}}],"line":4},"11":{"loc":{"start":{"line":4,"column":968},"end":{"line":4,"column":1040}},"type":"cond-expr","locations":[{"start":{"line":4,"column":992},"end":{"line":4,"column":1033}},{"start":{"line":4,"column":1036},"end":{"line":4,"column":1040}}],"line":4},"12":{"loc":{"start":{"line":4,"column":1041},"end":{"line":4,"column":1151}},"type":"if","locations":[{"start":{"line":4,"column":1041},"end":{"line":4,"column":1151}},{"start":{"line":4,"column":1041},"end":{"line":4,"column":1151}}],"line":4},"13":{"loc":{"start":{"line":4,"column":1045},"end":{"line":4,"column":1075}},"type":"binary-expr","locations":[{"start":{"line":4,"column":1045},"end":{"line":4,"column":1049}},{"start":{"line":4,"column":1054},"end":{"line":4,"column":1062}},{"start":{"line":4,"column":1066},"end":{"line":4,"column":1074}}],"line":4},"14":{"loc":{"start":{"line":4,"column":1174},"end":{"line":4,"column":1210}},"type":"if","locations":[{"start":{"line":4,"column":1174},"end":{"line":4,"column":1210}},{"start":{"line":4,"column":1174},"end":{"line":4,"column":1210}}],"line":4},"15":{"loc":{"start":{"line":4,"column":1274},"end":{"line":4,"column":1373}},"type":"if","locations":[{"start":{"line":4,"column":1274},"end":{"line":4,"column":1373}},{"start":{"line":4,"column":1274},"end":{"line":4,"column":1373}}],"line":4},"16":{"loc":{"start":{"line":4,"column":1507},"end":{"line":4,"column":1537}},"type":"binary-expr","locations":[{"start":{"line":4,"column":1507},"end":{"line":4,"column":1528}},{"start":{"line":4,"column":1532},"end":{"line":4,"column":1537}}],"line":4},"17":{"loc":{"start":{"line":4,"column":1569},"end":{"line":4,"column":1623}},"type":"if","locations":[{"start":{"line":4,"column":1569},"end":{"line":4,"column":1623}},{"start":{"line":4,"column":1569},"end":{"line":4,"column":1623}}],"line":4},"18":{"loc":{"start":{"line":4,"column":1744},"end":{"line":4,"column":1813}},"type":"if","locations":[{"start":{"line":4,"column":1744},"end":{"line":4,"column":1813}},{"start":{"line":4,"column":1744},"end":{"line":4,"column":1813}}],"line":4},"19":{"loc":{"start":{"line":4,"column":1813},"end":{"line":4,"column":1874}},"type":"if","locations":[{"start":{"line":4,"column":1813},"end":{"line":4,"column":1874}},{"start":{"line":4,"column":1813},"end":{"line":4,"column":1874}}],"line":4},"20":{"loc":{"start":{"line":4,"column":1936},"end":{"line":4,"column":2073}},"type":"if","locations":[{"start":{"line":4,"column":1936},"end":{"line":4,"column":2073}},{"start":{"line":4,"column":1936},"end":{"line":4,"column":2073}}],"line":4},"21":{"loc":{"start":{"line":4,"column":1940},"end":{"line":4,"column":1995}},"type":"binary-expr","locations":[{"start":{"line":4,"column":1940},"end":{"line":4,"column":1972}},{"start":{"line":4,"column":1976},"end":{"line":4,"column":1995}}],"line":4},"22":{"loc":{"start":{"line":4,"column":2108},"end":{"line":4,"column":2142}},"type":"binary-expr","locations":[{"start":{"line":4,"column":2108},"end":{"line":4,"column":2118}},{"start":{"line":4,"column":2122},"end":{"line":4,"column":2142}}],"line":4},"23":{"loc":{"start":{"line":4,"column":2218},"end":{"line":4,"column":2272}},"type":"if","locations":[{"start":{"line":4,"column":2218},"end":{"line":4,"column":2272}},{"start":{"line":4,"column":2218},"end":{"line":4,"column":2272}}],"line":4},"24":{"loc":{"start":{"line":4,"column":2323},"end":{"line":4,"column":2406}},"type":"binary-expr","locations":[{"start":{"line":4,"column":2323},"end":{"line":4,"column":2344}},{"start":{"line":4,"column":2348},"end":{"line":4,"column":2406}}],"line":4},"25":{"loc":{"start":{"line":4,"column":2613},"end":{"line":4,"column":2798}},"type":"if","locations":[{"start":{"line":4,"column":2613},"end":{"line":4,"column":2798}},{"start":{"line":4,"column":2613},"end":{"line":4,"column":2798}}],"line":4},"26":{"loc":{"start":{"line":4,"column":2898},"end":{"line":4,"column":2982}},"type":"if","locations":[{"start":{"line":4,"column":2898},"end":{"line":4,"column":2982}},{"start":{"line":4,"column":2898},"end":{"line":4,"column":2982}}],"line":4},"27":{"loc":{"start":{"line":4,"column":2902},"end":{"line":4,"column":2966}},"type":"binary-expr","locations":[{"start":{"line":4,"column":2902},"end":{"line":4,"column":2906}},{"start":{"line":4,"column":2911},"end":{"line":4,"column":2935}},{"start":{"line":4,"column":2939},"end":{"line":4,"column":2965}}],"line":4},"28":{"loc":{"start":{"line":4,"column":3058},"end":{"line":4,"column":3167}},"type":"if","locations":[{"start":{"line":4,"column":3058},"end":{"line":4,"column":3167}},{"start":{"line":4,"column":3058},"end":{"line":4,"column":3167}}],"line":4},"29":{"loc":{"start":{"line":4,"column":3218},"end":{"line":4,"column":3289}},"type":"if","locations":[{"start":{"line":4,"column":3218},"end":{"line":4,"column":3289}},{"start":{"line":4,"column":3218},"end":{"line":4,"column":3289}}],"line":4},"30":{"loc":{"start":{"line":4,"column":3222},"end":{"line":4,"column":3274}},"type":"binary-expr","locations":[{"start":{"line":4,"column":3222},"end":{"line":4,"column":3252}},{"start":{"line":4,"column":3256},"end":{"line":4,"column":3274}}],"line":4},"31":{"loc":{"start":{"line":4,"column":3289},"end":{"line":4,"column":3330}},"type":"if","locations":[{"start":{"line":4,"column":3289},"end":{"line":4,"column":3330}},{"start":{"line":4,"column":3289},"end":{"line":4,"column":3330}}],"line":4},"32":{"loc":{"start":{"line":4,"column":3330},"end":{"line":4,"column":3375}},"type":"if","locations":[{"start":{"line":4,"column":3330},"end":{"line":4,"column":3375}},{"start":{"line":4,"column":3330},"end":{"line":4,"column":3375}}],"line":4},"33":{"loc":{"start":{"line":4,"column":3541},"end":{"line":4,"column":3666}},"type":"cond-expr","locations":[{"start":{"line":4,"column":3565},"end":{"line":4,"column":3586}},{"start":{"line":4,"column":3589},"end":{"line":4,"column":3666}}],"line":4},"34":{"loc":{"start":{"line":4,"column":3625},"end":{"line":4,"column":3664}},"type":"binary-expr","locations":[{"start":{"line":4,"column":3625},"end":{"line":4,"column":3636}},{"start":{"line":4,"column":3640},"end":{"line":4,"column":3664}}],"line":4},"35":{"loc":{"start":{"line":17,"column":116},"end":{"line":21,"column":80}},"type":"switch","locations":[{"start":{"line":17,"column":156},"end":{"line":21,"column":38}},{"start":{"line":21,"column":38},"end":{"line":21,"column":45}},{"start":{"line":21,"column":45},"end":{"line":21,"column":79}}],"line":17},"36":{"loc":{"start":{"line":25,"column":139},"end":{"line":48,"column":68}},"type":"switch","locations":[{"start":{"line":25,"column":181},"end":{"line":39,"column":18}},{"start":{"line":39,"column":18},"end":{"line":39,"column":50}},{"start":{"line":39,"column":50},"end":{"line":44,"column":37}},{"start":{"line":44,"column":37},"end":{"line":48,"column":24}},{"start":{"line":48,"column":24},"end":{"line":48,"column":32}},{"start":{"line":48,"column":32},"end":{"line":48,"column":67}}],"line":25},"37":{"loc":{"start":{"line":26,"column":44},"end":{"line":27,"column":67}},"type":"if","locations":[{"start":{"line":26,"column":44},"end":{"line":27,"column":67}},{"start":{"line":26,"column":44},"end":{"line":27,"column":67}}],"line":26},"38":{"loc":{"start":{"line":34,"column":16},"end":{"line":38,"column":17}},"type":"if","locations":[{"start":{"line":34,"column":16},"end":{"line":38,"column":17}},{"start":{"line":34,"column":16},"end":{"line":38,"column":17}}],"line":34},"39":{"loc":{"start":{"line":39,"column":57},"end":{"line":42,"column":67}},"type":"if","locations":[{"start":{"line":39,"column":57},"end":{"line":42,"column":67}},{"start":{"line":39,"column":57},"end":{"line":42,"column":67}}],"line":39},"40":{"loc":{"start":{"line":71,"column":8},"end":{"line":71,"column":99}},"type":"cond-expr","locations":[{"start":{"line":71,"column":32},"end":{"line":71,"column":44}},{"start":{"line":71,"column":47},"end":{"line":71,"column":99}}],"line":71},"41":{"loc":{"start":{"line":71,"column":47},"end":{"line":71,"column":99}},"type":"cond-expr","locations":[{"start":{"line":71,"column":73},"end":{"line":71,"column":92}},{"start":{"line":71,"column":95},"end":{"line":71,"column":99}}],"line":71}},"s":{"0":2,"1":2,"2":2,"3":2,"4":2,"5":2,"6":2,"7":4,"8":2,"9":0,"10":2,"11":2,"12":0,"13":2,"14":2,"15":0,"16":2,"17":0,"18":2,"19":2,"20":0,"21":2,"22":2,"23":2,"24":56,"25":56,"26":56,"27":0,"28":56,"29":2,"30":2,"31":2,"32":2,"33":5,"34":0,"35":2,"36":2,"37":2,"38":2,"39":2,"40":2,"41":2,"42":2,"43":2,"44":2,"45":2,"46":0,"47":2,"48":2,"49":0,"50":2,"51":2,"52":2,"53":2,"54":0,"55":0,"56":2,"57":2,"58":2,"59":5,"60":5,"61":5,"62":5,"63":0,"64":5,"65":5,"66":5,"67":0,"68":0,"69":0,"70":0,"71":2,"72":0,"73":2,"74":0,"75":2,"76":2,"77":0,"78":0,"79":0,"80":0,"81":1,"82":0,"83":1,"84":2,"85":2,"86":2,"87":5,"88":5,"89":5,"90":3,"91":6,"92":6,"93":3,"94":3,"95":3,"96":5,"97":3,"98":6,"99":9,"100":3,"101":3,"102":1,"103":1,"104":2,"105":2,"106":1,"107":1,"108":1,"109":2,"110":2,"111":1,"112":0,"113":0,"114":1,"115":1,"116":3,"117":3,"118":5,"119":5,"120":2,"121":10,"122":2,"123":2},"f":{"0":4,"1":2,"2":0,"3":2,"4":5,"5":2,"6":2,"7":2,"8":2,"9":0,"10":2,"11":5,"12":5,"13":0,"14":2,"15":0,"16":1,"17":0,"18":2,"19":5,"20":3,"21":6,"22":3,"23":6,"24":1,"25":1,"26":10},"b":{"0":[4,0],"1":[4,4],"2":[0,2],"3":[0,2],"4":[2,2],"5":[0,2],"6":[2,2,0],"7":[0,2],"8":[2,2],"9":[2,2],"10":[56,0],"11":[56,0],"12":[0,56],"13":[56,56,56],"14":[2,0],"15":[0,5],"16":[2,2],"17":[2,0],"18":[2,0],"19":[0,2],"20":[0,2],"21":[2,0],"22":[2,2],"23":[2,0],"24":[2,0],"25":[5,0],"26":[5,0],"27":[5,5,0],"28":[0,0],"29":[0,2],"30":[2,2],"31":[0,2],"32":[2,0],"33":[1,0],"34":[0,0],"35":[3,3,3],"36":[3,2,1,3,3,3],"37":[1,2],"38":[1,0],"39":[0,1],"40":[1,9],"41":[1,8]},"inputSourceMap":null,"_coverageSchema":"1a1c01bbd47fc00a2c39e90264f33305004495a9","hash":"102f8a179f2b506d4d534608dd1c9c0a3ad98909"}
,"C:\\Users\\Anik Chowdhury\\Desktop\\ReactNativeProject\\FundooNotes\\src\\components\\ForgotPasswordScreen.js": {"path":"C:\\Users\\Anik Chowdhury\\Desktop\\ReactNativeProject\\FundooNotes\\src\\components\\ForgotPasswordScreen.js","statementMap":{"0":{"start":{"line":1,"column":13},"end":{"line":1,"column":75}},"1":{"start":{"line":1,"column":75},"end":{"line":1,"column":100}},"2":{"start":{"line":1,"column":113},"end":{"line":1,"column":153}},"3":{"start":{"line":2,"column":22},"end":{"line":2,"column":73}},"4":{"start":{"line":2,"column":86},"end":{"line":2,"column":90}},"5":{"start":{"line":2,"column":106},"end":{"line":2,"column":217}},"6":{"start":{"line":2,"column":256},"end":{"line":2,"column":310}},"7":{"start":{"line":4,"column":27},"end":{"line":8,"column":1}},"8":{"start":{"line":4,"column":81},"end":{"line":4,"column":96}},"9":{"start":{"line":5,"column":2},"end":{"line":6,"column":172}},"10":{"start":{"line":10,"column":0},"end":{"line":10,"column":20}},"11":{"start":{"line":10,"column":21},"end":{"line":10,"column":48}}},"fnMap":{"0":{"name":"_interopRequireDefault","decl":{"start":{"line":2,"column":227},"end":{"line":2,"column":249}},"loc":{"start":{"line":2,"column":255},"end":{"line":2,"column":311}},"line":2},"1":{"name":"ForgotPasswordScreen","decl":{"start":{"line":4,"column":36},"end":{"line":4,"column":56}},"loc":{"start":{"line":4,"column":63},"end":{"line":8,"column":1}},"line":4}},"branchMap":{"0":{"loc":{"start":{"line":2,"column":263},"end":{"line":2,"column":309}},"type":"cond-expr","locations":[{"start":{"line":2,"column":287},"end":{"line":2,"column":290}},{"start":{"line":2,"column":293},"end":{"line":2,"column":309}}],"line":2},"1":{"loc":{"start":{"line":2,"column":263},"end":{"line":2,"column":284}},"type":"binary-expr","locations":[{"start":{"line":2,"column":263},"end":{"line":2,"column":266}},{"start":{"line":2,"column":270},"end":{"line":2,"column":284}}],"line":2}},"s":{"0":1,"1":1,"2":1,"3":1,"4":1,"5":1,"6":2,"7":1,"8":1,"9":1,"10":1,"11":1},"f":{"0":2,"1":1},"b":{"0":[1,1],"1":[2,2]},"inputSourceMap":null,"_coverageSchema":"1a1c01bbd47fc00a2c39e90264f33305004495a9","hash":"5614a26b9a46e7ddcf205ef8fb5c3a9638a070b8"}
,"C:\\Users\\Anik Chowdhury\\Desktop\\ReactNativeProject\\FundooNotes\\src\\components\\Login.js": {"path":"C:\\Users\\Anik Chowdhury\\Desktop\\ReactNativeProject\\FundooNotes\\src\\components\\Login.js","statementMap":{"0":{"start":{"line":1,"column":13},"end":{"line":1,"column":75}},"1":{"start":{"line":1,"column":75},"end":{"line":1,"column":100}},"2":{"start":{"line":1,"column":113},"end":{"line":1,"column":154}},"3":{"start":{"line":2,"column":19},"end":{"line":2,"column":42}},"4":{"start":{"line":3,"column":20},"end":{"line":3,"column":82}},"5":{"start":{"line":4,"column":13},"end":{"line":4,"column":70}},"6":{"start":{"line":5,"column":24},"end":{"line":5,"column":53}},"7":{"start":{"line":6,"column":22},"end":{"line":6,"column":86}},"8":{"start":{"line":6,"column":106},"end":{"line":6,"column":202}},"9":{"start":{"line":6,"column":241},"end":{"line":6,"column":295}},"10":{"start":{"line":6,"column":333},"end":{"line":6,"column":380}},"11":{"start":{"line":6,"column":368},"end":{"line":6,"column":380}},"12":{"start":{"line":6,"column":392},"end":{"line":6,"column":405}},"13":{"start":{"line":6,"column":406},"end":{"line":6,"column":485}},"14":{"start":{"line":6,"column":470},"end":{"line":6,"column":483}},"15":{"start":{"line":6,"column":485},"end":{"line":6,"column":498}},"16":{"start":{"line":6,"column":538},"end":{"line":6,"column":578}},"17":{"start":{"line":6,"column":566},"end":{"line":6,"column":577}},"18":{"start":{"line":6,"column":578},"end":{"line":6,"column":678}},"19":{"start":{"line":6,"column":653},"end":{"line":6,"column":677}},"20":{"start":{"line":6,"column":690},"end":{"line":6,"column":716}},"21":{"start":{"line":6,"column":717},"end":{"line":6,"column":770}},"22":{"start":{"line":6,"column":747},"end":{"line":6,"column":769}},"23":{"start":{"line":6,"column":783},"end":{"line":6,"column":785}},"24":{"start":{"line":6,"column":814},"end":{"line":6,"column":870}},"25":{"start":{"line":6,"column":871},"end":{"line":6,"column":1142}},"26":{"start":{"line":6,"column":893},"end":{"line":6,"column":1141}},"27":{"start":{"line":6,"column":957},"end":{"line":6,"column":1029}},"28":{"start":{"line":6,"column":1030},"end":{"line":6,"column":1140}},"29":{"start":{"line":6,"column":1067},"end":{"line":6,"column":1108}},"30":{"start":{"line":6,"column":1116},"end":{"line":6,"column":1139}},"31":{"start":{"line":6,"column":1142},"end":{"line":6,"column":1163}},"32":{"start":{"line":6,"column":1163},"end":{"line":6,"column":1199}},"33":{"start":{"line":6,"column":1175},"end":{"line":6,"column":1198}},"34":{"start":{"line":6,"column":1199},"end":{"line":6,"column":1213}},"35":{"start":{"line":6,"column":1263},"end":{"line":6,"column":1362}},"36":{"start":{"line":6,"column":1304},"end":{"line":6,"column":1361}},"37":{"start":{"line":6,"column":1406},"end":{"line":6,"column":1671}},"38":{"start":{"line":6,"column":1419},"end":{"line":6,"column":1420}},"39":{"start":{"line":6,"column":1463},"end":{"line":6,"column":1471}},"40":{"start":{"line":6,"column":1472},"end":{"line":6,"column":1527}},"41":{"start":{"line":6,"column":1527},"end":{"line":6,"column":1558}},"42":{"start":{"line":6,"column":1558},"end":{"line":6,"column":1612}},"43":{"start":{"line":6,"column":1585},"end":{"line":6,"column":1612}},"44":{"start":{"line":6,"column":1612},"end":{"line":6,"column":1670}},"45":{"start":{"line":6,"column":1733},"end":{"line":6,"column":1802}},"46":{"start":{"line":6,"column":1749},"end":{"line":6,"column":1802}},"47":{"start":{"line":6,"column":1802},"end":{"line":6,"column":1863}},"48":{"start":{"line":6,"column":1819},"end":{"line":6,"column":1863}},"49":{"start":{"line":6,"column":1863},"end":{"line":6,"column":1882}},"50":{"start":{"line":6,"column":1925},"end":{"line":6,"column":2062}},"51":{"start":{"line":6,"column":1987},"end":{"line":6,"column":2061}},"52":{"start":{"line":6,"column":2062},"end":{"line":6,"column":2207}},"53":{"start":{"line":6,"column":2207},"end":{"line":6,"column":2261}},"54":{"start":{"line":6,"column":2223},"end":{"line":6,"column":2261}},"55":{"start":{"line":6,"column":2294},"end":{"line":6,"column":2396}},"56":{"start":{"line":6,"column":2369},"end":{"line":6,"column":2385}},"57":{"start":{"line":6,"column":2385},"end":{"line":6,"column":2394}},"58":{"start":{"line":6,"column":2396},"end":{"line":6,"column":2425}},"59":{"start":{"line":6,"column":2490},"end":{"line":6,"column":2517}},"60":{"start":{"line":6,"column":2518},"end":{"line":6,"column":2837}},"61":{"start":{"line":6,"column":2570},"end":{"line":6,"column":2594}},"62":{"start":{"line":6,"column":2602},"end":{"line":6,"column":2787}},"63":{"start":{"line":6,"column":2650},"end":{"line":6,"column":2683}},"64":{"start":{"line":6,"column":2684},"end":{"line":6,"column":2740}},"65":{"start":{"line":6,"column":2748},"end":{"line":6,"column":2786}},"66":{"start":{"line":6,"column":2787},"end":{"line":6,"column":2835}},"67":{"start":{"line":6,"column":2887},"end":{"line":6,"column":2971}},"68":{"start":{"line":6,"column":2958},"end":{"line":6,"column":2970}},"69":{"start":{"line":6,"column":2971},"end":{"line":6,"column":3007}},"70":{"start":{"line":6,"column":3047},"end":{"line":6,"column":3156}},"71":{"start":{"line":6,"column":3069},"end":{"line":6,"column":3155}},"72":{"start":{"line":6,"column":3156},"end":{"line":6,"column":3168}},"73":{"start":{"line":6,"column":3207},"end":{"line":6,"column":3278}},"74":{"start":{"line":6,"column":3265},"end":{"line":6,"column":3278}},"75":{"start":{"line":6,"column":3278},"end":{"line":6,"column":3319}},"76":{"start":{"line":6,"column":3306},"end":{"line":6,"column":3319}},"77":{"start":{"line":6,"column":3319},"end":{"line":6,"column":3364}},"78":{"start":{"line":6,"column":3352},"end":{"line":6,"column":3364}},"79":{"start":{"line":6,"column":3364},"end":{"line":6,"column":3482}},"80":{"start":{"line":6,"column":3369},"end":{"line":6,"column":3443}},"81":{"start":{"line":6,"column":3443},"end":{"line":6,"column":3455}},"82":{"start":{"line":6,"column":3468},"end":{"line":6,"column":3481}},"83":{"start":{"line":6,"column":3512},"end":{"line":6,"column":3656}},"84":{"start":{"line":6,"column":3607},"end":{"line":6,"column":3654}},"85":{"start":{"line":6,"column":3656},"end":{"line":6,"column":3682}},"86":{"start":{"line":8,"column":8},"end":{"line":200,"column":42}},"87":{"start":{"line":8,"column":31},"end":{"line":8,"column":60}},"88":{"start":{"line":8,"column":73},"end":{"line":8,"column":92}},"89":{"start":{"line":9,"column":35},"end":{"line":9,"column":64}},"90":{"start":{"line":10,"column":4},"end":{"line":10,"column":37}},"91":{"start":{"line":10,"column":37},"end":{"line":28,"column":113}},"92":{"start":{"line":23,"column":44},"end":{"line":28,"column":111}},"93":{"start":{"line":23,"column":105},"end":{"line":28,"column":81}},"94":{"start":{"line":23,"column":116},"end":{"line":28,"column":80}},"95":{"start":{"line":23,"column":163},"end":{"line":23,"column":181}},"96":{"start":{"line":23,"column":181},"end":{"line":28,"column":38}},"97":{"start":{"line":28,"column":56},"end":{"line":28,"column":79}},"98":{"start":{"line":28,"column":113},"end":{"line":37,"column":117}},"99":{"start":{"line":32,"column":51},"end":{"line":37,"column":115}},"100":{"start":{"line":32,"column":114},"end":{"line":37,"column":85}},"101":{"start":{"line":32,"column":125},"end":{"line":37,"column":84}},"102":{"start":{"line":32,"column":174},"end":{"line":32,"column":193}},"103":{"start":{"line":32,"column":193},"end":{"line":37,"column":41}},"104":{"start":{"line":37,"column":59},"end":{"line":37,"column":83}},"105":{"start":{"line":37,"column":117},"end":{"line":54,"column":6}},"106":{"start":{"line":42,"column":16},"end":{"line":42,"column":35}},"107":{"start":{"line":43,"column":6},"end":{"line":52,"column":7}},"108":{"start":{"line":44,"column":8},"end":{"line":45,"column":39}},"109":{"start":{"line":49,"column":8},"end":{"line":50,"column":38}},"110":{"start":{"line":53,"column":6},"end":{"line":53,"column":46}},"111":{"start":{"line":54,"column":6},"end":{"line":59,"column":100}},"112":{"start":{"line":56,"column":58},"end":{"line":59,"column":98}},"113":{"start":{"line":56,"column":121},"end":{"line":59,"column":68}},"114":{"start":{"line":56,"column":132},"end":{"line":59,"column":67}},"115":{"start":{"line":57,"column":14},"end":{"line":57,"column":44}},"116":{"start":{"line":58,"column":14},"end":{"line":58,"column":58}},"117":{"start":{"line":59,"column":14},"end":{"line":59,"column":24}},"118":{"start":{"line":59,"column":42},"end":{"line":59,"column":66}},"119":{"start":{"line":59,"column":100},"end":{"line":95,"column":101}},"120":{"start":{"line":62,"column":58},"end":{"line":95,"column":99}},"121":{"start":{"line":62,"column":121},"end":{"line":95,"column":69}},"122":{"start":{"line":62,"column":132},"end":{"line":95,"column":68}},"123":{"start":{"line":63,"column":14},"end":{"line":63,"column":44}},"124":{"start":{"line":63,"column":44},"end":{"line":64,"column":97}},"125":{"start":{"line":64,"column":71},"end":{"line":64,"column":90}},"126":{"start":{"line":64,"column":90},"end":{"line":64,"column":96}},"127":{"start":{"line":64,"column":97},"end":{"line":64,"column":116}},"128":{"start":{"line":64,"column":116},"end":{"line":81,"column":18}},"129":{"start":{"line":68,"column":16},"end":{"line":68,"column":61}},"130":{"start":{"line":71,"column":16},"end":{"line":75,"column":17}},"131":{"start":{"line":72,"column":18},"end":{"line":73,"column":42}},"132":{"start":{"line":76,"column":16},"end":{"line":80,"column":17}},"133":{"start":{"line":77,"column":18},"end":{"line":78,"column":45}},"134":{"start":{"line":81,"column":25},"end":{"line":81,"column":45}},"135":{"start":{"line":81,"column":45},"end":{"line":81,"column":51}},"136":{"start":{"line":81,"column":58},"end":{"line":84,"column":67}},"137":{"start":{"line":84,"column":41},"end":{"line":84,"column":60}},"138":{"start":{"line":84,"column":60},"end":{"line":84,"column":66}},"139":{"start":{"line":84,"column":67},"end":{"line":84,"column":86}},"140":{"start":{"line":84,"column":86},"end":{"line":86,"column":37}},"141":{"start":{"line":86,"column":44},"end":{"line":89,"column":71}},"142":{"start":{"line":89,"column":44},"end":{"line":89,"column":64}},"143":{"start":{"line":89,"column":64},"end":{"line":89,"column":70}},"144":{"start":{"line":89,"column":71},"end":{"line":89,"column":91}},"145":{"start":{"line":89,"column":91},"end":{"line":91,"column":40}},"146":{"start":{"line":95,"column":14},"end":{"line":95,"column":24}},"147":{"start":{"line":95,"column":43},"end":{"line":95,"column":67}},"148":{"start":{"line":95,"column":101},"end":{"line":102,"column":6}},"149":{"start":{"line":99,"column":16},"end":{"line":99,"column":35}},"150":{"start":{"line":100,"column":6},"end":{"line":100,"column":56}},"151":{"start":{"line":101,"column":6},"end":{"line":101,"column":16}},"152":{"start":{"line":102,"column":6},"end":{"line":111,"column":100}},"153":{"start":{"line":104,"column":65},"end":{"line":111,"column":98}},"154":{"start":{"line":104,"column":128},"end":{"line":111,"column":68}},"155":{"start":{"line":104,"column":139},"end":{"line":111,"column":67}},"156":{"start":{"line":105,"column":14},"end":{"line":105,"column":44}},"157":{"start":{"line":106,"column":14},"end":{"line":110,"column":17}},"158":{"start":{"line":107,"column":46},"end":{"line":107,"column":98}},"159":{"start":{"line":109,"column":16},"end":{"line":109,"column":35}},"160":{"start":{"line":111,"column":14},"end":{"line":111,"column":24}},"161":{"start":{"line":111,"column":42},"end":{"line":111,"column":66}},"162":{"start":{"line":111,"column":100},"end":{"line":111,"column":254}},"163":{"start":{"line":111,"column":254},"end":{"line":111,"column":267}},"164":{"start":{"line":111,"column":268},"end":{"line":200,"column":10}},"165":{"start":{"line":115,"column":6},"end":{"line":192,"column":199}},"166":{"start":{"line":200,"column":10},"end":{"line":200,"column":23}},"167":{"start":{"line":200,"column":43},"end":{"line":200,"column":67}}},"fnMap":{"0":{"name":"_interopRequireDefault","decl":{"start":{"line":6,"column":212},"end":{"line":6,"column":234}},"loc":{"start":{"line":6,"column":240},"end":{"line":6,"column":296}},"line":6},"1":{"name":"_getRequireWildcardCache","decl":{"start":{"line":6,"column":305},"end":{"line":6,"column":329}},"loc":{"start":{"line":6,"column":332},"end":{"line":6,"column":499}},"line":6},"2":{"name":"_getRequireWildcardCache","decl":{"start":{"line":6,"column":442},"end":{"line":6,"column":466}},"loc":{"start":{"line":6,"column":469},"end":{"line":6,"column":484}},"line":6},"3":{"name":"_interopRequireWildcard","decl":{"start":{"line":6,"column":508},"end":{"line":6,"column":531}},"loc":{"start":{"line":6,"column":537},"end":{"line":6,"column":1214}},"line":6},"4":{"name":"_classCallCheck","decl":{"start":{"line":6,"column":1223},"end":{"line":6,"column":1238}},"loc":{"start":{"line":6,"column":1262},"end":{"line":6,"column":1363}},"line":6},"5":{"name":"_defineProperties","decl":{"start":{"line":6,"column":1372},"end":{"line":6,"column":1389}},"loc":{"start":{"line":6,"column":1405},"end":{"line":6,"column":1672}},"line":6},"6":{"name":"_createClass","decl":{"start":{"line":6,"column":1681},"end":{"line":6,"column":1693}},"loc":{"start":{"line":6,"column":1732},"end":{"line":6,"column":1883}},"line":6},"7":{"name":"_inherits","decl":{"start":{"line":6,"column":1892},"end":{"line":6,"column":1901}},"loc":{"start":{"line":6,"column":1924},"end":{"line":6,"column":2262}},"line":6},"8":{"name":"_setPrototypeOf","decl":{"start":{"line":6,"column":2271},"end":{"line":6,"column":2286}},"loc":{"start":{"line":6,"column":2293},"end":{"line":6,"column":2426}},"line":6},"9":{"name":"_setPrototypeOf","decl":{"start":{"line":6,"column":2346},"end":{"line":6,"column":2361}},"loc":{"start":{"line":6,"column":2368},"end":{"line":6,"column":2395}},"line":6},"10":{"name":"_createSuper","decl":{"start":{"line":6,"column":2435},"end":{"line":6,"column":2447}},"loc":{"start":{"line":6,"column":2457},"end":{"line":6,"column":2838}},"line":6},"11":{"name":"_createSuperInternal","decl":{"start":{"line":6,"column":2534},"end":{"line":6,"column":2554}},"loc":{"start":{"line":6,"column":2557},"end":{"line":6,"column":2836}},"line":6},"12":{"name":"_possibleConstructorReturn","decl":{"start":{"line":6,"column":2847},"end":{"line":6,"column":2873}},"loc":{"start":{"line":6,"column":2886},"end":{"line":6,"column":3008}},"line":6},"13":{"name":"_assertThisInitialized","decl":{"start":{"line":6,"column":3017},"end":{"line":6,"column":3039}},"loc":{"start":{"line":6,"column":3046},"end":{"line":6,"column":3169}},"line":6},"14":{"name":"_isNativeReflectConstruct","decl":{"start":{"line":6,"column":3178},"end":{"line":6,"column":3203}},"loc":{"start":{"line":6,"column":3206},"end":{"line":6,"column":3483}},"line":6},"15":{"name":"(anonymous_15)","decl":{"start":{"line":6,"column":3426},"end":{"line":6,"column":3427}},"loc":{"start":{"line":6,"column":3438},"end":{"line":6,"column":3440}},"line":6},"16":{"name":"_getPrototypeOf","decl":{"start":{"line":6,"column":3492},"end":{"line":6,"column":3507}},"loc":{"start":{"line":6,"column":3511},"end":{"line":6,"column":3683}},"line":6},"17":{"name":"_getPrototypeOf","decl":{"start":{"line":6,"column":3587},"end":{"line":6,"column":3602}},"loc":{"start":{"line":6,"column":3606},"end":{"line":6,"column":3655}},"line":6},"18":{"name":"(anonymous_18)","decl":{"start":{"line":8,"column":8},"end":{"line":8,"column":9}},"loc":{"start":{"line":8,"column":30},"end":{"line":200,"column":24}},"line":8},"19":{"name":"Login","decl":{"start":{"line":9,"column":11},"end":{"line":9,"column":16}},"loc":{"start":{"line":9,"column":24},"end":{"line":111,"column":268}},"line":9},"20":{"name":"_callee","decl":{"start":{"line":23,"column":28},"end":{"line":23,"column":35}},"loc":{"start":{"line":23,"column":43},"end":{"line":28,"column":112}},"line":23},"21":{"name":"_callee$","decl":{"start":{"line":23,"column":85},"end":{"line":23,"column":93}},"loc":{"start":{"line":23,"column":104},"end":{"line":28,"column":82}},"line":23},"22":{"name":"_callee2","decl":{"start":{"line":32,"column":31},"end":{"line":32,"column":39}},"loc":{"start":{"line":32,"column":50},"end":{"line":37,"column":116}},"line":32},"23":{"name":"_callee2$","decl":{"start":{"line":32,"column":92},"end":{"line":32,"column":101}},"loc":{"start":{"line":32,"column":113},"end":{"line":37,"column":86}},"line":32},"24":{"name":"(anonymous_24)","decl":{"start":{"line":41,"column":31},"end":{"line":41,"column":32}},"loc":{"start":{"line":41,"column":43},"end":{"line":54,"column":5}},"line":41},"25":{"name":"_callee3","decl":{"start":{"line":56,"column":34},"end":{"line":56,"column":42}},"loc":{"start":{"line":56,"column":45},"end":{"line":59,"column":99}},"line":56},"26":{"name":"_callee3$","decl":{"start":{"line":56,"column":99},"end":{"line":56,"column":108}},"loc":{"start":{"line":56,"column":120},"end":{"line":59,"column":69}},"line":56},"27":{"name":"_callee4","decl":{"start":{"line":62,"column":34},"end":{"line":62,"column":42}},"loc":{"start":{"line":62,"column":45},"end":{"line":95,"column":100}},"line":62},"28":{"name":"_callee4$","decl":{"start":{"line":62,"column":99},"end":{"line":62,"column":108}},"loc":{"start":{"line":62,"column":120},"end":{"line":95,"column":70}},"line":62},"29":{"name":"(anonymous_29)","decl":{"start":{"line":67,"column":19},"end":{"line":67,"column":20}},"loc":{"start":{"line":67,"column":35},"end":{"line":69,"column":15}},"line":67},"30":{"name":"(anonymous_30)","decl":{"start":{"line":70,"column":20},"end":{"line":70,"column":21}},"loc":{"start":{"line":70,"column":37},"end":{"line":81,"column":15}},"line":70},"31":{"name":"(anonymous_31)","decl":{"start":{"line":98,"column":33},"end":{"line":98,"column":34}},"loc":{"start":{"line":98,"column":45},"end":{"line":102,"column":5}},"line":98},"32":{"name":"_callee5","decl":{"start":{"line":104,"column":41},"end":{"line":104,"column":49}},"loc":{"start":{"line":104,"column":52},"end":{"line":111,"column":99}},"line":104},"33":{"name":"_callee5$","decl":{"start":{"line":104,"column":106},"end":{"line":104,"column":115}},"loc":{"start":{"line":104,"column":127},"end":{"line":111,"column":69}},"line":104},"34":{"name":"(anonymous_34)","decl":{"start":{"line":107,"column":19},"end":{"line":107,"column":20}},"loc":{"start":{"line":107,"column":45},"end":{"line":107,"column":99}},"line":107},"35":{"name":"(anonymous_35)","decl":{"start":{"line":108,"column":20},"end":{"line":108,"column":21}},"loc":{"start":{"line":108,"column":37},"end":{"line":110,"column":15}},"line":108},"36":{"name":"render","decl":{"start":{"line":111,"column":322},"end":{"line":111,"column":328}},"loc":{"start":{"line":114,"column":4},"end":{"line":200,"column":5}},"line":114}},"branchMap":{"0":{"loc":{"start":{"line":6,"column":248},"end":{"line":6,"column":294}},"type":"cond-expr","locations":[{"start":{"line":6,"column":272},"end":{"line":6,"column":275}},{"start":{"line":6,"column":278},"end":{"line":6,"column":294}}],"line":6},"1":{"loc":{"start":{"line":6,"column":248},"end":{"line":6,"column":269}},"type":"binary-expr","locations":[{"start":{"line":6,"column":248},"end":{"line":6,"column":251}},{"start":{"line":6,"column":255},"end":{"line":6,"column":269}}],"line":6},"2":{"loc":{"start":{"line":6,"column":333},"end":{"line":6,"column":380}},"type":"if","locations":[{"start":{"line":6,"column":333},"end":{"line":6,"column":380}},{"start":{"line":6,"column":333},"end":{"line":6,"column":380}}],"line":6},"3":{"loc":{"start":{"line":6,"column":538},"end":{"line":6,"column":578}},"type":"if","locations":[{"start":{"line":6,"column":538},"end":{"line":6,"column":578}},{"start":{"line":6,"column":538},"end":{"line":6,"column":578}}],"line":6},"4":{"loc":{"start":{"line":6,"column":542},"end":{"line":6,"column":563}},"type":"binary-expr","locations":[{"start":{"line":6,"column":542},"end":{"line":6,"column":545}},{"start":{"line":6,"column":549},"end":{"line":6,"column":563}}],"line":6},"5":{"loc":{"start":{"line":6,"column":578},"end":{"line":6,"column":678}},"type":"if","locations":[{"start":{"line":6,"column":578},"end":{"line":6,"column":678}},{"start":{"line":6,"column":578},"end":{"line":6,"column":678}}],"line":6},"6":{"loc":{"start":{"line":6,"column":582},"end":{"line":6,"column":650}},"type":"binary-expr","locations":[{"start":{"line":6,"column":582},"end":{"line":6,"column":594}},{"start":{"line":6,"column":598},"end":{"line":6,"column":621}},{"start":{"line":6,"column":625},"end":{"line":6,"column":650}}],"line":6},"7":{"loc":{"start":{"line":6,"column":717},"end":{"line":6,"column":770}},"type":"if","locations":[{"start":{"line":6,"column":717},"end":{"line":6,"column":770}},{"start":{"line":6,"column":717},"end":{"line":6,"column":770}}],"line":6},"8":{"loc":{"start":{"line":6,"column":721},"end":{"line":6,"column":744}},"type":"binary-expr","locations":[{"start":{"line":6,"column":721},"end":{"line":6,"column":726}},{"start":{"line":6,"column":730},"end":{"line":6,"column":744}}],"line":6},"9":{"loc":{"start":{"line":6,"column":814},"end":{"line":6,"column":870}},"type":"binary-expr","locations":[{"start":{"line":6,"column":814},"end":{"line":6,"column":835}},{"start":{"line":6,"column":839},"end":{"line":6,"column":870}}],"line":6},"10":{"loc":{"start":{"line":6,"column":893},"end":{"line":6,"column":1141}},"type":"if","locations":[{"start":{"line":6,"column":893},"end":{"line":6,"column":1141}},{"start":{"line":6,"column":893},"end":{"line":6,"column":1141}}],"line":6},"11":{"loc":{"start":{"line":6,"column":957},"end":{"line":6,"column":1029}},"type":"cond-expr","locations":[{"start":{"line":6,"column":981},"end":{"line":6,"column":1022}},{"start":{"line":6,"column":1025},"end":{"line":6,"column":1029}}],"line":6},"12":{"loc":{"start":{"line":6,"column":1030},"end":{"line":6,"column":1140}},"type":"if","locations":[{"start":{"line":6,"column":1030},"end":{"line":6,"column":1140}},{"start":{"line":6,"column":1030},"end":{"line":6,"column":1140}}],"line":6},"13":{"loc":{"start":{"line":6,"column":1034},"end":{"line":6,"column":1064}},"type":"binary-expr","locations":[{"start":{"line":6,"column":1034},"end":{"line":6,"column":1038}},{"start":{"line":6,"column":1043},"end":{"line":6,"column":1051}},{"start":{"line":6,"column":1055},"end":{"line":6,"column":1063}}],"line":6},"14":{"loc":{"start":{"line":6,"column":1163},"end":{"line":6,"column":1199}},"type":"if","locations":[{"start":{"line":6,"column":1163},"end":{"line":6,"column":1199}},{"start":{"line":6,"column":1163},"end":{"line":6,"column":1199}}],"line":6},"15":{"loc":{"start":{"line":6,"column":1263},"end":{"line":6,"column":1362}},"type":"if","locations":[{"start":{"line":6,"column":1263},"end":{"line":6,"column":1362}},{"start":{"line":6,"column":1263},"end":{"line":6,"column":1362}}],"line":6},"16":{"loc":{"start":{"line":6,"column":1496},"end":{"line":6,"column":1526}},"type":"binary-expr","locations":[{"start":{"line":6,"column":1496},"end":{"line":6,"column":1517}},{"start":{"line":6,"column":1521},"end":{"line":6,"column":1526}}],"line":6},"17":{"loc":{"start":{"line":6,"column":1558},"end":{"line":6,"column":1612}},"type":"if","locations":[{"start":{"line":6,"column":1558},"end":{"line":6,"column":1612}},{"start":{"line":6,"column":1558},"end":{"line":6,"column":1612}}],"line":6},"18":{"loc":{"start":{"line":6,"column":1733},"end":{"line":6,"column":1802}},"type":"if","locations":[{"start":{"line":6,"column":1733},"end":{"line":6,"column":1802}},{"start":{"line":6,"column":1733},"end":{"line":6,"column":1802}}],"line":6},"19":{"loc":{"start":{"line":6,"column":1802},"end":{"line":6,"column":1863}},"type":"if","locations":[{"start":{"line":6,"column":1802},"end":{"line":6,"column":1863}},{"start":{"line":6,"column":1802},"end":{"line":6,"column":1863}}],"line":6},"20":{"loc":{"start":{"line":6,"column":1925},"end":{"line":6,"column":2062}},"type":"if","locations":[{"start":{"line":6,"column":1925},"end":{"line":6,"column":2062}},{"start":{"line":6,"column":1925},"end":{"line":6,"column":2062}}],"line":6},"21":{"loc":{"start":{"line":6,"column":1929},"end":{"line":6,"column":1984}},"type":"binary-expr","locations":[{"start":{"line":6,"column":1929},"end":{"line":6,"column":1961}},{"start":{"line":6,"column":1965},"end":{"line":6,"column":1984}}],"line":6},"22":{"loc":{"start":{"line":6,"column":2097},"end":{"line":6,"column":2131}},"type":"binary-expr","locations":[{"start":{"line":6,"column":2097},"end":{"line":6,"column":2107}},{"start":{"line":6,"column":2111},"end":{"line":6,"column":2131}}],"line":6},"23":{"loc":{"start":{"line":6,"column":2207},"end":{"line":6,"column":2261}},"type":"if","locations":[{"start":{"line":6,"column":2207},"end":{"line":6,"column":2261}},{"start":{"line":6,"column":2207},"end":{"line":6,"column":2261}}],"line":6},"24":{"loc":{"start":{"line":6,"column":2312},"end":{"line":6,"column":2395}},"type":"binary-expr","locations":[{"start":{"line":6,"column":2312},"end":{"line":6,"column":2333}},{"start":{"line":6,"column":2337},"end":{"line":6,"column":2395}}],"line":6},"25":{"loc":{"start":{"line":6,"column":2602},"end":{"line":6,"column":2787}},"type":"if","locations":[{"start":{"line":6,"column":2602},"end":{"line":6,"column":2787}},{"start":{"line":6,"column":2602},"end":{"line":6,"column":2787}}],"line":6},"26":{"loc":{"start":{"line":6,"column":2887},"end":{"line":6,"column":2971}},"type":"if","locations":[{"start":{"line":6,"column":2887},"end":{"line":6,"column":2971}},{"start":{"line":6,"column":2887},"end":{"line":6,"column":2971}}],"line":6},"27":{"loc":{"start":{"line":6,"column":2891},"end":{"line":6,"column":2955}},"type":"binary-expr","locations":[{"start":{"line":6,"column":2891},"end":{"line":6,"column":2895}},{"start":{"line":6,"column":2900},"end":{"line":6,"column":2924}},{"start":{"line":6,"column":2928},"end":{"line":6,"column":2954}}],"line":6},"28":{"loc":{"start":{"line":6,"column":3047},"end":{"line":6,"column":3156}},"type":"if","locations":[{"start":{"line":6,"column":3047},"end":{"line":6,"column":3156}},{"start":{"line":6,"column":3047},"end":{"line":6,"column":3156}}],"line":6},"29":{"loc":{"start":{"line":6,"column":3207},"end":{"line":6,"column":3278}},"type":"if","locations":[{"start":{"line":6,"column":3207},"end":{"line":6,"column":3278}},{"start":{"line":6,"column":3207},"end":{"line":6,"column":3278}}],"line":6},"30":{"loc":{"start":{"line":6,"column":3211},"end":{"line":6,"column":3263}},"type":"binary-expr","locations":[{"start":{"line":6,"column":3211},"end":{"line":6,"column":3241}},{"start":{"line":6,"column":3245},"end":{"line":6,"column":3263}}],"line":6},"31":{"loc":{"start":{"line":6,"column":3278},"end":{"line":6,"column":3319}},"type":"if","locations":[{"start":{"line":6,"column":3278},"end":{"line":6,"column":3319}},{"start":{"line":6,"column":3278},"end":{"line":6,"column":3319}}],"line":6},"32":{"loc":{"start":{"line":6,"column":3319},"end":{"line":6,"column":3364}},"type":"if","locations":[{"start":{"line":6,"column":3319},"end":{"line":6,"column":3364}},{"start":{"line":6,"column":3319},"end":{"line":6,"column":3364}}],"line":6},"33":{"loc":{"start":{"line":6,"column":3530},"end":{"line":6,"column":3655}},"type":"cond-expr","locations":[{"start":{"line":6,"column":3554},"end":{"line":6,"column":3575}},{"start":{"line":6,"column":3578},"end":{"line":6,"column":3655}}],"line":6},"34":{"loc":{"start":{"line":6,"column":3614},"end":{"line":6,"column":3653}},"type":"binary-expr","locations":[{"start":{"line":6,"column":3614},"end":{"line":6,"column":3625}},{"start":{"line":6,"column":3629},"end":{"line":6,"column":3653}}],"line":6},"35":{"loc":{"start":{"line":23,"column":116},"end":{"line":28,"column":80}},"type":"switch","locations":[{"start":{"line":23,"column":156},"end":{"line":28,"column":38}},{"start":{"line":28,"column":38},"end":{"line":28,"column":45}},{"start":{"line":28,"column":45},"end":{"line":28,"column":79}}],"line":23},"36":{"loc":{"start":{"line":32,"column":125},"end":{"line":37,"column":84}},"type":"switch","locations":[{"start":{"line":32,"column":167},"end":{"line":37,"column":41}},{"start":{"line":37,"column":41},"end":{"line":37,"column":48}},{"start":{"line":37,"column":48},"end":{"line":37,"column":83}}],"line":32},"37":{"loc":{"start":{"line":43,"column":6},"end":{"line":52,"column":7}},"type":"if","locations":[{"start":{"line":43,"column":6},"end":{"line":52,"column":7}},{"start":{"line":43,"column":6},"end":{"line":52,"column":7}}],"line":43},"38":{"loc":{"start":{"line":53,"column":6},"end":{"line":53,"column":45}},"type":"cond-expr","locations":[{"start":{"line":53,"column":29},"end":{"line":53,"column":33}},{"start":{"line":53,"column":36},"end":{"line":53,"column":45}}],"line":53},"39":{"loc":{"start":{"line":56,"column":132},"end":{"line":59,"column":67}},"type":"switch","locations":[{"start":{"line":56,"column":174},"end":{"line":59,"column":24}},{"start":{"line":59,"column":24},"end":{"line":59,"column":31}},{"start":{"line":59,"column":31},"end":{"line":59,"column":66}}],"line":56},"40":{"loc":{"start":{"line":62,"column":132},"end":{"line":95,"column":68}},"type":"switch","locations":[{"start":{"line":62,"column":174},"end":{"line":81,"column":18}},{"start":{"line":81,"column":18},"end":{"line":81,"column":51}},{"start":{"line":81,"column":51},"end":{"line":86,"column":37}},{"start":{"line":86,"column":37},"end":{"line":91,"column":40}},{"start":{"line":91,"column":40},"end":{"line":95,"column":24}},{"start":{"line":95,"column":24},"end":{"line":95,"column":32}},{"start":{"line":95,"column":32},"end":{"line":95,"column":67}}],"line":62},"41":{"loc":{"start":{"line":63,"column":44},"end":{"line":64,"column":97}},"type":"if","locations":[{"start":{"line":63,"column":44},"end":{"line":64,"column":97}},{"start":{"line":63,"column":44},"end":{"line":64,"column":97}}],"line":63},"42":{"loc":{"start":{"line":64,"column":14},"end":{"line":64,"column":67}},"type":"binary-expr","locations":[{"start":{"line":64,"column":14},"end":{"line":64,"column":37}},{"start":{"line":64,"column":41},"end":{"line":64,"column":67}}],"line":64},"43":{"loc":{"start":{"line":71,"column":16},"end":{"line":75,"column":17}},"type":"if","locations":[{"start":{"line":71,"column":16},"end":{"line":75,"column":17}},{"start":{"line":71,"column":16},"end":{"line":75,"column":17}}],"line":71},"44":{"loc":{"start":{"line":76,"column":16},"end":{"line":80,"column":17}},"type":"if","locations":[{"start":{"line":76,"column":16},"end":{"line":80,"column":17}},{"start":{"line":76,"column":16},"end":{"line":80,"column":17}}],"line":76},"45":{"loc":{"start":{"line":81,"column":58},"end":{"line":84,"column":67}},"type":"if","locations":[{"start":{"line":81,"column":58},"end":{"line":84,"column":67}},{"start":{"line":81,"column":58},"end":{"line":84,"column":67}}],"line":81},"46":{"loc":{"start":{"line":86,"column":44},"end":{"line":89,"column":71}},"type":"if","locations":[{"start":{"line":86,"column":44},"end":{"line":89,"column":71}},{"start":{"line":86,"column":44},"end":{"line":89,"column":71}}],"line":86},"47":{"loc":{"start":{"line":104,"column":139},"end":{"line":111,"column":67}},"type":"switch","locations":[{"start":{"line":104,"column":181},"end":{"line":111,"column":24}},{"start":{"line":111,"column":24},"end":{"line":111,"column":31}},{"start":{"line":111,"column":31},"end":{"line":111,"column":66}}],"line":104},"48":{"loc":{"start":{"line":134,"column":8},"end":{"line":134,"column":99}},"type":"cond-expr","locations":[{"start":{"line":134,"column":32},"end":{"line":134,"column":44}},{"start":{"line":134,"column":47},"end":{"line":134,"column":99}}],"line":134},"49":{"loc":{"start":{"line":134,"column":47},"end":{"line":134,"column":99}},"type":"cond-expr","locations":[{"start":{"line":134,"column":73},"end":{"line":134,"column":92}},{"start":{"line":134,"column":95},"end":{"line":134,"column":99}}],"line":134},"50":{"loc":{"start":{"line":144,"column":8},"end":{"line":154,"column":224}},"type":"cond-expr","locations":[{"start":{"line":145,"column":8},"end":{"line":148,"column":220}},{"start":{"line":151,"column":8},"end":{"line":154,"column":224}}],"line":144},"51":{"loc":{"start":{"line":161,"column":8},"end":{"line":161,"column":106}},"type":"cond-expr","locations":[{"start":{"line":161,"column":35},"end":{"line":161,"column":47}},{"start":{"line":161,"column":50},"end":{"line":161,"column":106}}],"line":161},"52":{"loc":{"start":{"line":161,"column":50},"end":{"line":161,"column":106}},"type":"cond-expr","locations":[{"start":{"line":161,"column":79},"end":{"line
[...]
206},"end":{"line":4,"column":3277}}],"line":4},"30":{"loc":{"start":{"line":4,"column":3210},"end":{"line":4,"column":3262}},"type":"binary-expr","locations":[{"start":{"line":4,"column":3210},"end":{"line":4,"column":3240}},{"start":{"line":4,"column":3244},"end":{"line":4,"column":3262}}],"line":4},"31":{"loc":{"start":{"line":4,"column":3277},"end":{"line":4,"column":3318}},"type":"if","locations":[{"start":{"line":4,"column":3277},"end":{"line":4,"column":3318}},{"start":{"line":4,"column":3277},"end":{"line":4,"column":3318}}],"line":4},"32":{"loc":{"start":{"line":4,"column":3318},"end":{"line":4,"column":3363}},"type":"if","locations":[{"start":{"line":4,"column":3318},"end":{"line":4,"column":3363}},{"start":{"line":4,"column":3318},"end":{"line":4,"column":3363}}],"line":4},"33":{"loc":{"start":{"line":4,"column":3529},"end":{"line":4,"column":3654}},"type":"cond-expr","locations":[{"start":{"line":4,"column":3553},"end":{"line":4,"column":3574}},{"start":{"line":4,"column":3577},"end":{"line":4,"column":3654}}],"line":4},"34":{"loc":{"start":{"line":4,"column":3613},"end":{"line":4,"column":3652}},"type":"binary-expr","locations":[{"start":{"line":4,"column":3613},"end":{"line":4,"column":3624}},{"start":{"line":4,"column":3628},"end":{"line":4,"column":3652}}],"line":4},"35":{"loc":{"start":{"line":32,"column":124},"end":{"line":37,"column":82}},"type":"switch","locations":[{"start":{"line":32,"column":164},"end":{"line":35,"column":42}},{"start":{"line":35,"column":42},"end":{"line":37,"column":40}},{"start":{"line":37,"column":40},"end":{"line":37,"column":47}},{"start":{"line":37,"column":47},"end":{"line":37,"column":81}}],"line":32},"36":{"loc":{"start":{"line":40,"column":125},"end":{"line":45,"column":82}},"type":"switch","locations":[{"start":{"line":40,"column":167},"end":{"line":43,"column":41}},{"start":{"line":43,"column":41},"end":{"line":45,"column":39}},{"start":{"line":45,"column":39},"end":{"line":45,"column":46}},{"start":{"line":45,"column":46},"end":{"line":45,"column":81}}],"line":40},"37":{"loc":{"start":{"line":48,"column":119},"end":{"line":54,"column":79}},"type":"switch","locations":[{"start":{"line":48,"column":161},"end":{"line":52,"column":40}},{"start":{"line":52,"column":40},"end":{"line":54,"column":36}},{"start":{"line":54,"column":36},"end":{"line":54,"column":43}},{"start":{"line":54,"column":43},"end":{"line":54,"column":78}}],"line":48},"38":{"loc":{"start":{"line":57,"column":125},"end":{"line":65,"column":58}},"type":"switch","locations":[{"start":{"line":57,"column":167},"end":{"line":60,"column":41}},{"start":{"line":60,"column":41},"end":{"line":65,"column":15}},{"start":{"line":65,"column":15},"end":{"line":65,"column":22}},{"start":{"line":65,"column":22},"end":{"line":65,"column":57}}],"line":57},"39":{"loc":{"start":{"line":63,"column":14},"end":{"line":65,"column":15}},"type":"if","locations":[{"start":{"line":63,"column":14},"end":{"line":65,"column":15}},{"start":{"line":63,"column":14},"end":{"line":65,"column":15}}],"line":63},"40":{"loc":{"start":{"line":68,"column":139},"end":{"line":73,"column":89}},"type":"switch","locations":[{"start":{"line":68,"column":181},"end":{"line":71,"column":48}},{"start":{"line":71,"column":48},"end":{"line":73,"column":46}},{"start":{"line":73,"column":46},"end":{"line":73,"column":53}},{"start":{"line":73,"column":53},"end":{"line":73,"column":88}}],"line":68},"41":{"loc":{"start":{"line":78,"column":6},"end":{"line":87,"column":7}},"type":"if","locations":[{"start":{"line":78,"column":6},"end":{"line":87,"column":7}},{"start":{"line":78,"column":6},"end":{"line":87,"column":7}}],"line":78},"42":{"loc":{"start":{"line":92,"column":6},"end":{"line":101,"column":7}},"type":"if","locations":[{"start":{"line":92,"column":6},"end":{"line":101,"column":7}},{"start":{"line":92,"column":6},"end":{"line":101,"column":7}}],"line":92},"43":{"loc":{"start":{"line":106,"column":6},"end":{"line":115,"column":7}},"type":"if","locations":[{"start":{"line":106,"column":6},"end":{"line":115,"column":7}},{"start":{"line":106,"column":6},"end":{"line":115,"column":7}}],"line":106},"44":{"loc":{"start":{"line":120,"column":6},"end":{"line":129,"column":7}},"type":"if","locations":[{"start":{"line":120,"column":6},"end":{"line":129,"column":7}},{"start":{"line":120,"column":6},"end":{"line":129,"column":7}}],"line":120},"45":{"loc":{"start":{"line":133,"column":6},"end":{"line":142,"column":7}},"type":"if","locations":[{"start":{"line":133,"column":6},"end":{"line":142,"column":7}},{"start":{"line":133,"column":6},"end":{"line":142,"column":7}}],"line":133},"46":{"loc":{"start":{"line":147,"column":6},"end":{"line":156,"column":7}},"type":"if","locations":[{"start":{"line":147,"column":6},"end":{"line":156,"column":7}},{"start":{"line":147,"column":6},"end":{"line":156,"column":7}}],"line":147},"47":{"loc":{"start":{"line":157,"column":6},"end":{"line":157,"column":45}},"type":"cond-expr","locations":[{"start":{"line":157,"column":29},"end":{"line":157,"column":33}},{"start":{"line":157,"column":36},"end":{"line":157,"column":45}}],"line":157},"48":{"loc":{"start":{"line":162,"column":6},"end":{"line":171,"column":7}},"type":"if","locations":[{"start":{"line":162,"column":6},"end":{"line":171,"column":7}},{"start":{"line":162,"column":6},"end":{"line":171,"column":7}}],"line":162},"49":{"loc":{"start":{"line":172,"column":6},"end":{"line":172,"column":45}},"type":"cond-expr","locations":[{"start":{"line":172,"column":29},"end":{"line":172,"column":33}},{"start":{"line":172,"column":36},"end":{"line":172,"column":45}}],"line":172},"50":{"loc":{"start":{"line":181,"column":132},"end":{"line":233,"column":68}},"type":"switch","locations":[{"start":{"line":181,"column":174},"end":{"line":204,"column":18}},{"start":{"line":204,"column":18},"end":{"line":204,"column":51}},{"start":{"line":204,"column":51},"end":{"line":209,"column":41}},{"start":{"line":209,"column":41},"end":{"line":214,"column":40}},{"start":{"line":214,"column":40},"end":{"line":219,"column":37}},{"start":{"line":219,"column":37},"end":{"line":224,"column":40}},{"start":{"line":224,"column":40},"end":{"line":229,"column":47}},{"start":{"line":229,"column":47},"end":{"line":233,"column":24}},{"start":{"line":233,"column":24},"end":{"line":233,"column":32}},{"start":{"line":233,"column":32},"end":{"line":233,"column":67}}],"line":181},"51":{"loc":{"start":{"line":182,"column":44},"end":{"line":192,"column":89}},"type":"if","locations":[{"start":{"line":182,"column":44},"end":{"line":192,"column":89}},{"start":{"line":182,"column":44},"end":{"line":192,"column":89}}],"line":182},"52":{"loc":{"start":{"line":183,"column":14},"end":{"line":192,"column":59}},"type":"binary-expr","locations":[{"start":{"line":183,"column":14},"end":{"line":183,"column":41}},{"start":{"line":184,"column":14},"end":{"line":184,"column":40}},{"start":{"line":185,"column":14},"end":{"line":185,"column":37}},{"start":{"line":186,"column":14},"end":{"line":186,"column":40}},{"start":{"line":187,"column":14},"end":{"line":187,"column":47}},{"start":{"line":188,"column":14},"end":{"line":188,"column":53}},{"start":{"line":189,"column":14},"end":{"line":189,"column":52}},{"start":{"line":190,"column":14},"end":{"line":190,"column":49}},{"start":{"line":191,"column":14},"end":{"line":191,"column":52}},{"start":{"line":192,"column":14},"end":{"line":192,"column":59}}],"line":183},"53":{"loc":{"start":{"line":199,"column":16},"end":{"line":203,"column":17}},"type":"if","locations":[{"start":{"line":199,"column":16},"end":{"line":203,"column":17}},{"start":{"line":199,"column":16},"end":{"line":203,"column":17}}],"line":199},"54":{"loc":{"start":{"line":204,"column":58},"end":{"line":207,"column":71}},"type":"if","locations":[{"start":{"line":204,"column":58},"end":{"line":207,"column":71}},{"start":{"line":204,"column":58},"end":{"line":207,"column":71}}],"line":204},"55":{"loc":{"start":{"line":209,"column":48},"end":{"line":212,"column":71}},"type":"if","locations":[{"start":{"line":209,"column":48},"end":{"line":212,"column":71}},{"start":{"line":209,"column":48},"end":{"line":212,"column":71}}],"line":209},"56":{"loc":{"start":{"line":214,"column":48},"end":{"line":217,"column":68}},"type":"if","locations":[{"start":{"line":214,"column":48},"end":{"line":217,"column":68}},{"start":{"line":214,"column":48},"end":{"line":217,"column":68}}],"line":214},"57":{"loc":{"start":{"line":219,"column":45},"end":{"line":222,"column":71}},"type":"if","locations":[{"start":{"line":219,"column":45},"end":{"line":222,"column":71}},{"start":{"line":219,"column":45},"end":{"line":222,"column":71}}],"line":219},"58":{"loc":{"start":{"line":224,"column":48},"end":{"line":227,"column":78}},"type":"if","locations":[{"start":{"line":224,"column":48},"end":{"line":227,"column":78}},{"start":{"line":224,"column":48},"end":{"line":227,"column":78}}],"line":224},"59":{"loc":{"start":{"line":256,"column":8},"end":{"line":256,"column":111}},"type":"cond-expr","locations":[{"start":{"line":256,"column":36},"end":{"line":256,"column":48}},{"start":{"line":256,"column":51},"end":{"line":256,"column":111}}],"line":256},"60":{"loc":{"start":{"line":256,"column":51},"end":{"line":256,"column":111}},"type":"cond-expr","locations":[{"start":{"line":256,"column":84},"end":{"line":256,"column":88}},{"start":{"line":256,"column":91},"end":{"line":256,"column":111}}],"line":256},"61":{"loc":{"start":{"line":268,"column":8},"end":{"line":268,"column":110}},"type":"cond-expr","locations":[{"start":{"line":268,"column":35},"end":{"line":268,"column":47}},{"start":{"line":268,"column":50},"end":{"line":268,"column":110}}],"line":268},"62":{"loc":{"start":{"line":268,"column":50},"end":{"line":268,"column":110}},"type":"cond-expr","locations":[{"start":{"line":268,"column":82},"end":{"line":268,"column":86}},{"start":{"line":268,"column":89},"end":{"line":268,"column":110}}],"line":268},"63":{"loc":{"start":{"line":280,"column":8},"end":{"line":280,"column":150}},"type":"cond-expr","locations":[{"start":{"line":280,"column":32},"end":{"line":280,"column":44}},{"start":{"line":280,"column":47},"end":{"line":280,"column":150}}],"line":280},"64":{"loc":{"start":{"line":280,"column":47},"end":{"line":280,"column":150}},"type":"cond-expr","locations":[{"start":{"line":280,"column":76},"end":{"line":280,"column":130}},{"start":{"line":280,"column":133},"end":{"line":280,"column":150}}],"line":280},"65":{"loc":{"start":{"line":280,"column":76},"end":{"line":280,"column":130}},"type":"cond-expr","locations":[{"start":{"line":280,"column":102},"end":{"line":280,"column":123}},{"start":{"line":280,"column":126},"end":{"line":280,"column":130}}],"line":280},"66":{"loc":{"start":{"line":290,"column":8},"end":{"line":300,"column":227}},"type":"cond-expr","locations":[{"start":{"line":291,"column":8},"end":{"line":294,"column":223}},{"start":{"line":297,"column":8},"end":{"line":300,"column":227}}],"line":290},"67":{"loc":{"start":{"line":307,"column":8},"end":{"line":307,"column":109}},"type":"cond-expr","locations":[{"start":{"line":307,"column":35},"end":{"line":307,"column":47}},{"start":{"line":307,"column":50},"end":{"line":307,"column":109}}],"line":307},"68":{"loc":{"start":{"line":307,"column":50},"end":{"line":307,"column":109}},"type":"cond-expr","locations":[{"start":{"line":307,"column":82},"end":{"line":307,"column":86}},{"start":{"line":307,"column":89},"end":{"line":307,"column":109}}],"line":307},"69":{"loc":{"start":{"line":317,"column":8},"end":{"line":327,"column":227}},"type":"cond-expr","locations":[{"start":{"line":318,"column":8},"end":{"line":321,"column":223}},{"start":{"line":324,"column":8},"end":{"line":327,"column":227}}],"line":317},"70":{"loc":{"start":{"line":333,"column":8},"end":{"line":333,"column":131}},"type":"cond-expr","locations":[{"start":{"line":333,"column":42},"end":{"line":333,"column":54}},{"start":{"line":333,"column":57},"end":{"line":333,"column":131}}],"line":333},"71":{"loc":{"start":{"line":333,"column":57},"end":{"line":333,"column":131}},"type":"cond-expr","locations":[{"start":{"line":333,"column":96},"end":{"line":333,"column":100}},{"start":{"line":333,"column":103},"end":{"line":333,"column":131}}],"line":333}},"s":{"0":2,"1":2,"2":2,"3":2,"4":2,"5":2,"6":2,"7":4,"8":2,"9":0,"10":2,"11":2,"12":0,"13":2,"14":2,"15":0,"16":2,"17":0,"18":2,"19":2,"20":0,"21":2,"22":2,"23":2,"24":56,"25":56,"26":56,"27":0,"28":56,"29":2,"30":2,"31":2,"32":2,"33":23,"34":0,"35":2,"36":2,"37":2,"38":2,"39":2,"40":2,"41":2,"42":2,"43":2,"44":2,"45":2,"46":0,"47":2,"48":2,"49":0,"50":2,"51":2,"52":2,"53":2,"54":0,"55":0,"56":2,"57":2,"58":2,"59":23,"60":23,"61":23,"62":23,"63":0,"64":23,"65":23,"66":23,"67":0,"68":0,"69":0,"70":0,"71":2,"72":0,"73":2,"74":0,"75":2,"76":2,"77":0,"78":0,"79":0,"80":0,"81":1,"82":0,"83":1,"84":2,"85":2,"86":2,"87":23,"88":23,"89":23,"90":3,"91":6,"92":6,"93":3,"94":3,"95":3,"96":3,"97":23,"98":3,"99":6,"100":6,"101":3,"102":3,"103":3,"104":3,"105":23,"106":3,"107":6,"108":6,"109":3,"110":3,"111":3,"112":3,"113":23,"114":5,"115":10,"116":10,"117":5,"118":5,"119":5,"120":5,"121":4,"122":5,"123":23,"124":4,"125":8,"126":8,"127":4,"128":4,"129":4,"130":4,"131":23,"132":5,"133":5,"134":4,"135":1,"136":23,"137":5,"138":5,"139":4,"140":1,"141":23,"142":5,"143":5,"144":4,"145":1,"146":23,"147":7,"148":7,"149":6,"150":1,"151":23,"152":10,"153":8,"154":2,"155":23,"156":2,"157":2,"158":1,"159":1,"160":2,"161":23,"162":2,"163":2,"164":1,"165":1,"166":2,"167":23,"168":1,"169":1,"170":1,"171":23,"172":3,"173":10,"174":13,"175":3,"176":3,"177":1,"178":1,"179":2,"180":2,"181":1,"182":2,"183":1,"184":2,"185":2,"186":1,"187":0,"188":0,"189":1,"190":1,"191":1,"192":0,"193":0,"194":1,"195":1,"196":1,"197":0,"198":0,"199":1,"200":1,"201":1,"202":0,"203":0,"204":1,"205":1,"206":1,"207":0,"208":0,"209":1,"210":1,"211":3,"212":3,"213":23,"214":23,"215":2,"216":95,"217":2,"218":2},"f":{"0":4,"1":2,"2":0,"3":2,"4":23,"5":2,"6":2,"7":2,"8":2,"9":0,"10":2,"11":23,"12":23,"13":0,"14":2,"15":0,"16":1,"17":0,"18":2,"19":23,"20":3,"21":6,"22":3,"23":6,"24":3,"25":6,"26":5,"27":10,"28":4,"29":8,"30":5,"31":5,"32":5,"33":7,"34":10,"35":2,"36":2,"37":1,"38":3,"39":10,"40":1,"41":2,"42":95},"b":{"0":[4,0],"1":[4,4],"2":[0,2],"3":[0,2],"4":[2,2],"5":[0,2],"6":[2,2,0],"7":[0,2],"8":[2,2],"9":[2,2],"10":[56,0],"11":[56,0],"12":[0,56],"13":[56,56,56],"14":[2,0],"15":[0,23],"16":[2,2],"17":[2,0],"18":[2,0],"19":[0,2],"20":[0,2],"21":[2,0],"22":[2,2],"23":[2,0],"24":[2,0],"25":[23,0],"26":[23,0],"27":[23,23,0],"28":[0,0],"29":[0,2],"30":[2,2],"31":[0,2],"32":[2,0],"33":[1,0],"34":[0,0],"35":[3,3,3,3],"36":[3,3,3,3],"37":[3,3,3,3],"38":[5,5,5,5],"39":[4,1],"40":[4,4,4,4],"41":[4,1],"42":[4,1],"43":[4,1],"44":[6,1],"45":[8,2],"46":[1,1],"47":[0,2],"48":[1,1],"49":[0,2],"50":[3,2,1,1,1,1,1,3,3,3],"51":[1,2],"52":[3,2,2,2,2,2,2,2,2,2],"53":[1,1],"54":[0,1],"55":[0,1],"56":[0,1],"57":[0,1],"58":[0,1],"59":[5,90],"60":[89,1],"61":[4,91],"62":[90,1],"63":[3,92],"64":[91,1],"65":[1,90],"66":[94,1],"67":[2,93],"68":[92,1],"69":[94,1],"70":[1,94],"71":[92,2]},"inputSourceMap":null,"_coverageSchema":"1a1c01bbd47fc00a2c39e90264f33305004495a9","hash":"00c374774f901f308b32621efb06181a97a92eda"}
,"C:\\Users\\Anik Chowdhury\\Desktop\\ReactNativeProject\\FundooNotes\\src\\components\\RegisterScreen.js": {"path":"C:\\Users\\Anik Chowdhury\\Desktop\\ReactNativeProject\\FundooNotes\\src\\components\\RegisterScreen.js","statementMap":{"0":{"start":{"line":1,"column":13},"end":{"line":1,"column":75}},"1":{"start":{"line":1,"column":75},"end":{"line":1,"column":100}},"2":{"start":{"line":1,"column":113},"end":{"line":1,"column":153}},"3":{"start":{"line":2,"column":16},"end":{"line":2,"column":61}},"4":{"start":{"line":2,"column":74},"end":{"line":2,"column":78}},"5":{"start":{"line":2,"column":94},"end":{"line":2,"column":199}},"6":{"start":{"line":2,"column":238},"end":{"line":2,"column":292}},"7":{"start":{"line":4,"column":21},"end":{"line":8,"column":1}},"8":{"start":{"line":4,"column":69},"end":{"line":4,"column":84}},"9":{"start":{"line":5,"column":2},"end":{"line":6,"column":166}},"10":{"start":{"line":10,"column":0},"end":{"line":10,"column":14}},"11":{"start":{"line":10,"column":15},"end":{"line":10,"column":42}}},"fnMap":{"0":{"name":"_interopRequireDefault","decl":{"start":{"line":2,"column":209},"end":{"line":2,"column":231}},"loc":{"start":{"line":2,"column":237},"end":{"line":2,"column":293}},"line":2},"1":{"name":"RegisterScreen","decl":{"start":{"line":4,"column":30},"end":{"line":4,"column":44}},"loc":{"start":{"line":4,"column":51},"end":{"line":8,"column":1}},"line":4}},"branchMap":{"0":{"loc":{"start":{"line":2,"column":245},"end":{"line":2,"column":291}},"type":"cond-expr","locations":[{"start":{"line":2,"column":269},"end":{"line":2,"column":272}},{"start":{"line":2,"column":275},"end":{"line":2,"column":291}}],"line":2},"1":{"loc":{"start":{"line":2,"column":245},"end":{"line":2,"column":266}},"type":"binary-expr","locations":[{"start":{"line":2,"column":245},"end":{"line":2,"column":248}},{"start":{"line":2,"column":252},"end":{"line":2,"column":266}}],"line":2}},"s":{"0":1,"1":1,"2":1,"3":1,"4":1,"5":1,"6":2,"7":1,"8":1,"9":1,"10":1,"11":1},"f":{"0":2,"1":1},"b":{"0":[1,1],"1":[2,2]},"inputSourceMap":null,"_coverageSchema":"1a1c01bbd47fc00a2c39e90264f33305004495a9","hash":"9e67964ad770f9cdfbf221bb7c6cb1d4fafece83"}
,"C:\\Users\\Anik Chowdhury\\Desktop\\ReactNativeProject\\FundooNotes\\src\\styles\\ForgotPassword.styles.js": {"path":"C:\\Users\\Anik Chowdhury\\Desktop\\ReactNativeProject\\FundooNotes\\src\\styles\\ForgotPassword.styles.js","statementMap":{"0":{"start":{"line":1,"column":13},"end":{"line":1,"column":75}},"1":{"start":{"line":1,"column":75},"end":{"line":1,"column":100}},"2":{"start":{"line":1,"column":119},"end":{"line":1,"column":142}},"3":{"start":{"line":3,"column":26},"end":{"line":83,"column":19}},"4":{"start":{"line":88,"column":0},"end":{"line":88,"column":19}},"5":{"start":{"line":88,"column":20},"end":{"line":88,"column":47}}},"fnMap":{},"branchMap":{},"s":{"0":2,"1":2,"2":2,"3":2,"4":2,"5":2},"f":{},"b":{},"inputSourceMap":null,"_coverageSchema":"1a1c01bbd47fc00a2c39e90264f33305004495a9","hash":"232b60e1620e6ab3fca08172f7fa4e4e0b71672c"}
,"C:\\Users\\Anik Chowdhury\\Desktop\\ReactNativeProject\\FundooNotes\\src\\styles\\Login.styles.js": {"path":"C:\\Users\\Anik Chowdhury\\Desktop\\ReactNativeProject\\FundooNotes\\src\\styles\\Login.styles.js","statementMap":{"0":{"start":{"line":1,"column":13},"end":{"line":1,"column":75}},"1":{"start":{"line":1,"column":75},"end":{"line":1,"column":100}},"2":{"start":{"line":1,"column":119},"end":{"line":1,"column":142}},"3":{"start":{"line":3,"column":17},"end":{"line":141,"column":27}},"4":{"start":{"line":145,"column":0},"end":{"line":145,"column":10}},"5":{"start":{"line":145,"column":11},"end":{"line":145,"column":38}}},"fnMap":{},"branchMap":{},"s":{"0":2,"1":2,"2":2,"3":2,"4":2,"5":2},"f":{},"b":{},"inputSourceMap":null,"_coverageSchema":"1a1c01bbd47fc00a2c39e90264f33305004495a9","hash":"d93a1555ba774878602bfd4dcab3f7a5cb40dd3a"}
,"C:\\Users\\Anik Chowdhury\\Desktop\\ReactNativeProject\\FundooNotes\\src\\styles\\Register.styles.js": {"path":"C:\\Users\\Anik Chowdhury\\Desktop\\ReactNativeProject\\FundooNotes\\src\\styles\\Register.styles.js","statementMap":{"0":{"start":{"line":1,"column":13},"end":{"line":1,"column":75}},"1":{"start":{"line":1,"column":75},"end":{"line":1,"column":100}},"2":{"start":{"line":1,"column":119},"end":{"line":1,"column":142}},"3":{"start":{"line":3,"column":20},"end":{"line":110,"column":27}},"4":{"start":{"line":114,"column":0},"end":{"line":114,"column":13}},"5":{"start":{"line":114,"column":14},"end":{"line":114,"column":41}}},"fnMap":{},"branchMap":{},"s":{"0":2,"1":2,"2":2,"3":2,"4":2,"5":2},"f":{},"b":{},"inputSourceMap":null,"_coverageSchema":"1a1c01bbd47fc00a2c39e90264f33305004495a9","hash":"6c622d12b896d42c2973e29ba83555263f1b9f85"}
}
