TN:
SF:config\Firebase.js
FN:1,_interopRequireDefault
FNF:1
FNH:1
FNDA:8,_interopRequireDefault
DA:1,8
DA:13,8
DA:24,8
DA:26,8
LF:4
LH:4
BRDA:1,0,0,8
BRDA:1,0,1,0
BRDA:1,1,0,8
BRDA:1,1,1,8
BRF:4
BRH:3
end_of_record
TN:
SF:services\NoteDataController.js
FN:2,_interopRequireDefault
FN:2,_classCallCheck
FN:4,NoteDataController
FN:5,(anonymous_3)
FN:6,(anonymous_4)
FN:8,(anonymous_5)
FN:10,(anonymous_6)
FN:11,(anonymous_7)
FN:14,(anonymous_8)
FN:18,(anonymous_9)
FN:19,(anonymous_10)
FN:21,(anonymous_11)
FN:23,(anonymous_12)
FN:24,(anonymous_13)
FN:27,(anonymous_14)
FN:31,(anonymous_15)
FN:32,(anonymous_16)
FN:34,(anonymous_17)
FN:36,(anonymous_18)
FN:37,(anonymous_19)
FN:40,(anonymous_20)
FN:44,(anonymous_21)
FN:45,(anonymous_22)
FN:47,(anonymous_23)
FN:49,(anonymous_24)
FN:50,(anonymous_25)
FN:53,(anonymous_26)
FN:57,(anonymous_27)
FN:58,(anonymous_28)
FN:60,(anonymous_29)
FN:62,(anonymous_30)
FN:63,(anonymous_31)
FN:66,(anonymous_32)
FN:70,_callee
FN:70,_callee$
FN:73,(anonymous_35)
FN:78,(anonymous_36)
FN:85,(anonymous_37)
FN:91,(anonymous_38)
FN:92,(anonymous_39)
FNF:40
FNH:7
FNDA:4,_interopRequireDefault
FNDA:2,_classCallCheck
FNDA:2,NoteDataController
FNDA:0,(anonymous_3)
FNDA:0,(anonymous_4)
FNDA:0,(anonymous_5)
FNDA:0,(anonymous_6)
FNDA:0,(anonymous_7)
FNDA:0,(anonymous_8)
FNDA:0,(anonymous_9)
FNDA:0,(anonymous_10)
FNDA:0,(anonymous_11)
FNDA:0,(anonymous_12)
FNDA:0,(anonymous_13)
FNDA:0,(anonymous_14)
FNDA:0,(anonymous_15)
FNDA:0,(anonymous_16)
FNDA:0,(anonymous_17)
FNDA:0,(anonymous_18)
FNDA:0,(anonymous_19)
FNDA:0,(anonymous_20)
FNDA:1,(anonymous_21)
FNDA:1,(anonymous_22)
FNDA:0,(anonymous_23)
FNDA:0,(anonymous_24)
FNDA:0,(anonymous_25)
FNDA:0,(anonymous_26)
FNDA:1,(anonymous_27)
FNDA:1,(anonymous_28)
FNDA:0,(anonymous_29)
FNDA:0,(anonymous_30)
FNDA:0,(anonymous_31)
FNDA:0,(anonymous_32)
FNDA:0,_callee
FNDA:0,_callee$
FNDA:0,(anonymous_35)
FNDA:0,(anonymous_36)
FNDA:0,(anonymous_37)
FNDA:0,(anonymous_38)
FNDA:0,(anonymous_39)
DA:1,2
DA:2,4
DA:4,2
DA:6,0
DA:7,0
DA:9,0
DA:10,0
DA:11,0
DA:12,0
DA:14,0
DA:16,2
DA:19,0
DA:20,0
DA:22,0
DA:23,0
DA:24,0
DA:25,0
DA:27,0
DA:29,2
DA:32,0
DA:33,0
DA:35,0
DA:36,0
DA:37,0
DA:38,0
DA:40,0
DA:42,2
DA:45,1
DA:46,1
DA:48,0
DA:49,0
DA:50,0
DA:51,0
DA:53,0
DA:55,2
DA:58,1
DA:59,1
DA:61,0
DA:62,0
DA:63,0
DA:64,0
DA:66,0
DA:68,2
DA:70,0
DA:74,0
DA:75,0
DA:76,0
DA:79,0
DA:80,0
DA:81,0
DA:82,0
DA:85,0
DA:86,0
DA:87,0
DA:88,0
DA:89,0
DA:90,0
DA:91,0
DA:92,0
DA:94,0
DA:98,2
LF:61
LH:13
BRDA:2,0,0,4
BRDA:2,0,1,0
BRDA:2,1,0,4
BRDA:2,1,1,4
BRDA:2,2,0,0
BRDA:2,2,1,2
BRDA:70,3,0,0
BRDA:70,3,1,0
BRDA:70,3,2,0
BRDA:70,3,3,0
BRDA:70,3,4,0
BRDA:74,4,0,0
BRDA:74,4,1,0
BRDA:80,5,0,0
BRDA:80,5,1,0
BRDA:86,6,0,0
BRDA:86,6,1,0
BRF:17
BRH:4
end_of_record
TN:
SF:services\SQLiteServices.js
FN:1,_classCallCheck
FN:5,SQLiteServices
FN:6,(anonymous_2)
FN:7,(anonymous_3)
FN:8,(anonymous_4)
FN:12,(anonymous_5)
FN:13,(anonymous_6)
FN:19,(anonymous_7)
FN:20,(anonymous_8)
FN:21,(anonymous_9)
FN:25,(anonymous_10)
FN:26,(anonymous_11)
FN:32,(anonymous_12)
FN:33,(anonymous_13)
FN:34,(anonymous_14)
FN:38,(anonymous_15)
FN:39,(anonymous_16)
FN:45,(anonymous_17)
FN:46,(anonymous_18)
FN:47,(anonymous_19)
FN:51,(anonymous_20)
FN:52,(anonymous_21)
FN:58,(anonymous_22)
FN:59,(anonymous_23)
FN:60,(anonymous_24)
FN:64,(anonymous_25)
FN:65,(anonymous_26)
FN:71,(anonymous_27)
FN:72,(anonymous_28)
FN:73,(anonymous_29)
FN:77,(anonymous_30)
FN:80,(anonymous_31)
FN:86,(anonymous_32)
FN:87,(anonymous_33)
FN:91,(anonymous_34)
FN:92,(anonymous_35)
FNF:36
FNH:6
FNDA:4,_classCallCheck
FNDA:4,SQLiteServices
FNDA:0,(anonymous_2)
FNDA:0,(anonymous_3)
FNDA:0,(anonymous_4)
FNDA:0,(anonymous_5)
FNDA:0,(anonymous_6)
FNDA:0,(anonymous_7)
FNDA:0,(anonymous_8)
FNDA:0,(anonymous_9)
FNDA:0,(anonymous_10)
FNDA:0,(anonymous_11)
FNDA:1,(anonymous_12)
FNDA:1,(anonymous_13)
FNDA:0,(anonymous_14)
FNDA:0,(anonymous_15)
FNDA:0,(anonymous_16)
FNDA:1,(anonymous_17)
FNDA:1,(anonymous_18)
FNDA:0,(anonymous_19)
FNDA:0,(anonymous_20)
FNDA:0,(anonymous_21)
FNDA:0,(anonymous_22)
FNDA:0,(anonymous_23)
FNDA:0,(anonymous_24)
FNDA:0,(anonymous_25)
FNDA:0,(anonymous_26)
FNDA:0,(anonymous_27)
FNDA:0,(anonymous_28)
FNDA:0,(anonymous_29)
FNDA:0,(anonymous_30)
FNDA:0,(anonymous_31)
FNDA:0,(anonymous_32)
FNDA:0,(anonymous_33)
FNDA:0,(anonymous_34)
FNDA:0,(anonymous_35)
DA:1,4
DA:3,4
DA:5,4
DA:7,0
DA:8,0
DA:9,0
DA:12,0
DA:13,0
DA:17,4
DA:20,0
DA:21,0
DA:22,0
DA:25,0
DA:26,0
DA:30,4
DA:33,1
DA:34,1
DA:35,0
DA:38,0
DA:39,0
DA:43,4
DA:46,1
DA:47,1
DA:48,0
DA:51,0
DA:52,0
DA:56,4
DA:59,0
DA:60,0
DA:61,0
DA:64,0
DA:65,0
DA:69,4
DA:72,0
DA:73,0
DA:74,0
DA:78,0
DA:80,0
DA:84,4
DA:87,0
DA:88,0
DA:91,0
DA:92,0
DA:99,4
LF:44
LH:14
BRDA:1,0,0,0
BRDA:1,0,1,4
BRF:2
BRH:1
end_of_record
TN:
SF:services\SocialServices.js
FN:3,_interopRequireDefault
FN:3,_classCallCheck
FN:5,SocialServices
FN:6,(anonymous_3)
FN:7,_callee
FN:7,_callee$
FN:18,(anonymous_6)
FN:21,(anonymous_7)
FNF:8
FNH:3
FNDA:4,_interopRequireDefault
FNDA:2,_classCallCheck
FNDA:2,SocialServices
FNDA:0,(anonymous_3)
FNDA:0,_callee
FNDA:0,_callee$
FNDA:0,(anonymous_6)
FNDA:0,(anonymous_7)
DA:1,2
DA:2,2
DA:3,4
DA:5,2
DA:7,0
DA:8,0
DA:9,0
DA:10,0
DA:11,0
DA:12,0
DA:13,0
DA:14,0
DA:16,0
DA:17,0
DA:19,0
DA:22,0
DA:23,0
DA:29,2
LF:18
LH:5
BRDA:3,0,0,4
BRDA:3,0,1,0
BRDA:3,1,0,4
BRDA:3,1,1,4
BRDA:3,2,0,0
BRDA:3,2,1,2
BRDA:7,3,0,0
BRDA:7,3,1,0
BRDA:7,3,2,0
BRDA:7,3,3,0
BRDA:7,3,4,0
BRDA:9,4,0,0
BRDA:9,4,1,0
BRDA:13,5,0,0
BRDA:13,5,1,0
BRF:15
BRH:4
end_of_record
TN:
SF:services\UserNoteServices.js
FN:1,_interopRequireDefault
FN:1,_classCallCheck
FN:3,UserNoteServices
FN:4,(anonymous_3)
FN:5,(anonymous_4)
FN:14,(anonymous_5)
FN:15,(anonymous_6)
FN:19,(anonymous_7)
FN:20,(anonymous_8)
FN:22,(anonymous_9)
FN:23,(anonymous_10)
FN:27,(anonymous_11)
FN:28,(anonymous_12)
FN:37,(anonymous_13)
FN:38,(anonymous_14)
FN:42,(anonymous_15)
FN:43,(anonymous_16)
FN:47,(anonymous_17)
FN:48,(anonymous_18)
FN:52,(anonymous_19)
FN:53,(anonymous_20)
FN:57,(anonymous_21)
FN:58,(anonymous_22)
FN:62,(anonymous_23)
FN:63,(anonymous_24)
FN:65,(anonymous_25)
FN:66,(anonymous_26)
FNF:27
FNH:3
FNDA:2,_interopRequireDefault
FNDA:2,_classCallCheck
FNDA:2,UserNoteServices
FNDA:0,(anonymous_3)
FNDA:0,(anonymous_4)
FNDA:0,(anonymous_5)
FNDA:0,(anonymous_6)
FNDA:0,(anonymous_7)
FNDA:0,(anonymous_8)
FNDA:0,(anonymous_9)
FNDA:0,(anonymous_10)
FNDA:0,(anonymous_11)
FNDA:0,(anonymous_12)
FNDA:0,(anonymous_13)
FNDA:0,(anonymous_14)
FNDA:0,(anonymous_15)
FNDA:0,(anonymous_16)
FNDA:0,(anonymous_17)
FNDA:0,(anonymous_18)
FNDA:0,(anonymous_19)
FNDA:0,(anonymous_20)
FNDA:0,(anonymous_21)
FNDA:0,(anonymous_22)
FNDA:0,(anonymous_23)
FNDA:0,(anonymous_24)
FNDA:0,(anonymous_25)
FNDA:0,(anonymous_26)
DA:1,2
DA:3,2
DA:5,0
DA:6,0
DA:11,0
DA:14,0
DA:15,0
DA:17,2
DA:20,0
DA:21,0
DA:22,0
DA:23,0
DA:25,2
DA:28,0
DA:29,0
DA:34,0
DA:37,0
DA:38,0
DA:40,2
DA:43,0
DA:44,0
DA:47,0
DA:48,0
DA:50,2
DA:53,0
DA:54,0
DA:57,0
DA:58,0
DA:60,2
DA:63,0
DA:64,0
DA:65,0
DA:66,0
DA:71,2
LF:34
LH:8
BRDA:1,0,0,2
BRDA:1,0,1,0
BRDA:1,1,0,2
BRDA:1,1,1,2
BRDA:1,2,0,0
BRDA:1,2,1,2
BRF:6
BRH:4
end_of_record
TN:
SF:services\UserServices.js
FN:1,_interopRequireDefault
FN:1,_classCallCheck
FN:3,UserServices
FN:4,(anonymous_3)
FN:5,(anonymous_4)
FN:7,(anonymous_5)
FN:8,(anonymous_6)
FN:17,(anonymous_7)
FN:18,(anonymous_8)
FN:20,(anonymous_9)
FN:21,(anonymous_10)
FN:33,(anonymous_11)
FN:34,(anonymous_12)
FN:36,(anonymous_13)
FN:37,(anonymous_14)
FN:46,(anonymous_15)
FN:47,(anonymous_16)
FN:49,(anonymous_17)
FN:50,(anonymous_18)
FN:55,(anonymous_19)
FN:63,(anonymous_20)
FN:64,(anonymous_21)
FN:66,(anonymous_22)
FN:67,(anonymous_23)
FN:73,(anonymous_24)
FNF:25
FNH:12
FNDA:6,_interopRequireDefault
FNDA:6,_classCallCheck
FNDA:6,UserServices
FNDA:4,(anonymous_3)
FNDA:4,(anonymous_4)
FNDA:0,(anonymous_5)
FNDA:3,(anonymous_6)
FNDA:4,(anonymous_7)
FNDA:4,(anonymous_8)
FNDA:0,(anonymous_9)
FNDA:3,(anonymous_10)
FNDA:2,(anonymous_11)
FNDA:2,(anonymous_12)
FNDA:0,(anonymous_13)
FNDA:1,(anonymous_14)
FNDA:0,(anonymous_15)
FNDA:0,(anonymous_16)
FNDA:0,(anonymous_17)
FNDA:0,(anonymous_18)
FNDA:0,(anonymous_19)
FNDA:0,(anonymous_20)
FNDA:0,(anonymous_21)
FNDA:0,(anonymous_22)
FNDA:0,(anonymous_23)
FNDA:0,(anonymous_24)
DA:1,6
DA:3,6
DA:5,4
DA:6,4
DA:7,0
DA:9,3
DA:10,3
DA:12,3
DA:15,6
DA:18,4
DA:19,4
DA:20,0
DA:22,3
DA:23,2
DA:25,3
DA:26,0
DA:28,3
DA:31,6
DA:34,2
DA:35,2
DA:36,0
DA:38,1
DA:39,1
DA:41,1
DA:44,6
DA:47,0
DA:48,0
DA:49,0
DA:50,0
DA:52,6
DA:56,0
DA:61,6
DA:64,0
DA:65,0
DA:66,0
DA:68,0
DA:71,6
DA:74,0
DA:75,0
DA:81,6
LF:40
LH:25
BRDA:1,0,0,6
BRDA:1,0,1,0
BRDA:1,1,0,6
BRDA:1,1,1,6
BRDA:1,2,0,0
BRDA:1,2,1,6
BRDA:9,3,0,3
BRDA:9,3,1,0
BRDA:22,4,0,2
BRDA:22,4,1,1
BRDA:25,5,0,0
BRDA:25,5,1,3
BRDA:38,6,0,1
BRDA:38,6,1,0
BRF:14
BRH:9
end_of_record
TN:
SF:src\Language\African.js
FNF:0
FNH:0
DA:1,9
DA:43,9
LF:2
LH:2
BRF:0
BRH:0
end_of_record
TN:
SF:src\Language\Bengali.js
FNF:0
FNH:0
DA:1,9
DA:43,9
LF:2
LH:2
BRF:0
BRH:0
end_of_record
TN:
SF:src\Language\English.js
FNF:0
FNH:0
DA:1,9
DA:43,9
LF:2
LH:2
BRF:0
BRH:0
end_of_record
TN:
SF:src\Language\Hindi.js
FNF:0
FNH:0
DA:1,9
DA:43,9
LF:2
LH:2
BRF:0
BRH:0
end_of_record
TN:
SF:src\Language\Italian.js
FNF:0
FNH:0
DA:1,9
DA:43,9
LF:2
LH:2
BRF:0
BRH:0
end_of_record
TN:
SF:src\Language\Japanese.js
FNF:0
FNH:0
DA:1,9
DA:43,9
LF:2
LH:2
BRF:0
BRH:0
end_of_record
TN:
SF:src\Language\Strings.js
FN:7,_interopRequireDefault
FNF:1
FNH:1
FNDA:63,_interopRequireDefault
DA:1,9
DA:2,9
DA:3,9
DA:4,9
DA:5,9
DA:6,9
DA:7,63
DA:9,9
DA:15,9
LF:9
LH:9
BRDA:7,0,0,54
BRDA:7,0,1,9
BRDA:7,1,0,63
BRDA:7,1,1,63
BRF:4
BRH:4
end_of_record
TN:
SF:src\assets\app-logo.png
FNF:0
FNH:0
DA:1,3
LF:1
LH:1
BRF:0
BRH:0
end_of_record
TN:
SF:src\assets\eye-off.png
FNF:0
FNH:0
DA:1,2
LF:1
LH:1
BRF:0
BRH:0
end_of_record
TN:
SF:src\assets\eye.png
FNF:0
FNH:0
DA:1,2
LF:1
LH:1
BRF:0
BRH:0
end_of_record
TN:
SF:src\components\dashboard\AddNoteScreen.js
FN:10,_interopRequireDefault
FN:10,_getRequireWildcardCache
FN:10,_getRequireWildcardCache
FN:10,_interopRequireWildcard
FN:10,_classCallCheck
FN:10,_defineProperties
FN:10,_createClass
FN:10,_inherits
FN:10,_setPrototypeOf
FN:10,_setPrototypeOf
FN:10,_createSuper
FN:10,_createSuperInternal
FN:10,_possibleConstructorReturn
FN:10,_assertThisInitialized
FN:10,_isNativeReflectConstruct
FN:10,(anonymous_15)
FN:10,_getPrototypeOf
FN:10,_getPrototypeOf
FN:12,(anonymous_18)
FN:13,AddNoteScreen
FN:28,_callee
FN:28,_callee$
FN:45,_callee2
FN:45,_callee2$
FN:51,_callee3
FN:51,_callee3$
FN:57,_callee4
FN:57,_callee4$
FN:63,(anonymous_28)
FN:72,_callee5
FN:72,_callee5$
FN:78,(anonymous_31)
FN:82,(anonymous_32)
FN:94,(anonymous_33)
FN:100,_callee6
FN:100,_callee6$
FN:109,(anonymous_36)
FN:115,_callee7
FN:115,_callee7$
FN:123,_callee8
FN:123,_callee8$
FN:131,_callee9
FN:131,_callee9$
FN:140,(anonymous_43)
FN:143,_callee10
FN:143,_callee10$
FN:151,(anonymous_46)
FN:153,(anonymous_47)
FN:156,(anonymous_48)
FN:164,(anonymous_49)
FN:167,(anonymous_50)
FN:175,(anonymous_51)
FN:185,(anonymous_52)
FN:193,(anonymous_53)
FN:196,(anonymous_54)
FN:202,render
FN:278,ref
FN:294,ref
FNF:58
FNH:35
FNDA:5,_interopRequireDefault
FNDA:1,_getRequireWildcardCache
FNDA:1,_getRequireWildcardCache
FNDA:2,_interopRequireWildcard
FNDA:12,_classCallCheck
FNDA:1,_defineProperties
FNDA:1,_createClass
FNDA:1,_inherits
FNDA:1,_setPrototypeOf
FNDA:0,_setPrototypeOf
FNDA:1,_createSuper
FNDA:12,_createSuperInternal
FNDA:12,_possibleConstructorReturn
FNDA:0,_assertThisInitialized
FNDA:1,_isNativeReflectConstruct
FNDA:0,(anonymous_15)
FNDA:1,_getPrototypeOf
FNDA:0,_getPrototypeOf
FNDA:1,(anonymous_18)
FNDA:12,AddNoteScreen
FNDA:12,_callee
FNDA:36,_callee$
FNDA:1,_callee2
FNDA:2,_callee2$
FNDA:1,_callee3
FNDA:2,_callee3$
FNDA:1,_callee4
FNDA:2,_callee4$
FNDA:0,(anonymous_28)
FNDA:0,_callee5
FNDA:0,_callee5$
FNDA:0,(anonymous_31)
FNDA:0,(anonymous_32)
FNDA:0,(anonymous_33)
FNDA:0,_callee6
FNDA:0,_callee6$
FNDA:0,(anonymous_36)
FNDA:1,_callee7
FNDA:2,_callee7$
FNDA:1,_callee8
FNDA:2,_callee8$
FNDA:1,_callee9
FNDA:2,_callee9$
FNDA:0,(anonymous_43)
FNDA:0,_callee10
FNDA:0,_callee10$
FNDA:0,(anonymous_46)
FNDA:0,(anonymous_47)
FNDA:0,(anonymous_48)
FNDA:1,(anonymous_49)
FNDA:0,(anonymous_50)
FNDA:1,(anonymous_51)
FNDA:1,(anonymous_52)
FNDA:1,(anonymous_53)
FNDA:0,(anonymous_54)
FNDA:19,render
FNDA:0,ref
FNDA:0,ref
DA:1,1
DA:2,1
DA:3,1
DA:4,1
DA:5,1
DA:6,1
DA:7,1
DA:8,1
DA:9,1
DA:10,34
DA:12,1
DA:13,12
DA:14,12
DA:28,36
DA:29,12
DA:30,12
DA:32,0
DA:34,0
DA:42,12
DA:45,2
DA:47,12
DA:51,2
DA:53,12
DA:57,2
DA:58,1
DA:59,1
DA:60,12
DA:64,0
DA:65,0
DA:66,0
DA:67,0
DA:69,0
DA:70,12
DA:72,0
DA:74,0
DA:75,0
DA:76,0
DA:77,0
DA:78,0
DA:80,0
DA:81,0
DA:82,0
DA:85,0
DA:89,0
DA:90,0
DA:93,0
DA:94,0
DA:97,12
DA:100,0
DA:101,0
DA:102,0
DA:104,0
DA:108,0
DA:109,0
DA:111,12
DA:115,2
DA:116,1
DA:120,12
DA:123,2
DA:124,1
DA:128,12
DA:131,2
DA:132,1
DA:133,1
DA:137,12
DA:141,0
DA:142,0
DA:143,0
DA:146,0
DA:149,12
DA:152,0
DA:153,0
DA:154,12
DA:157,0
DA:158,0
DA:161,0
DA:162,12
DA:165,1
DA:166,1
DA:168,0
DA:172,1
DA:173,12
DA:176,1
DA:177,1
DA:178,1
DA:182,1
DA:183,12
DA:186,1
DA:187,1
DA:190,1
DA:191,12
DA:194,1
DA:195,1
DA:197,0
DA:201,1
DA:202,12
DA:204,19
DA:205,19
DA:278,0
DA:294,0
DA:352,1
LF:101
LH:61
BRDA:10,0,0,4
BRDA:10,0,1,1
BRDA:10,1,0,5
BRDA:10,1,1,5
BRDA:10,2,0,0
BRDA:10,2,1,1
BRDA:10,3,0,0
BRDA:10,3,1,2
BRDA:10,4,0,2
BRDA:10,4,1,2
BRDA:10,5,0,0
BRDA:10,5,1,2
BRDA:10,6,0,2
BRDA:10,6,1,2
BRDA:10,6,2,0
BRDA:10,7,0,0
BRDA:10,7,1,2
BRDA:10,8,0,2
BRDA:10,8,1,2
BRDA:10,9,0,2
BRDA:10,9,1,2
BRDA:10,10,0,34
BRDA:10,10,1,0
BRDA:10,11,0,34
BRDA:10,11,1,0
BRDA:10,12,0,0
BRDA:10,12,1,34
BRDA:10,13,0,34
BRDA:10,13,1,34
BRDA:10,13,2,34
BRDA:10,14,0,2
BRDA:10,14,1,0
BRDA:10,15,0,0
BRDA:10,15,1,12
BRDA:10,16,0,1
BRDA:10,16,1,1
BRDA:10,17,0,1
BRDA:10,17,1,0
BRDA:10,18,0,1
BRDA:10,18,1,0
BRDA:10,19,0,0
BRDA:10,19,1,1
BRDA:10,20,0,0
BRDA:10,20,1,1
BRDA:10,21,0,1
BRDA:10,21,1,0
BRDA:10,22,0,1
BRDA:10,22,1,1
BRDA:10,23,0,1
BRDA:10,23,1,0
BRDA:10,24,0,1
BRDA:10,24,1,0
BRDA:10,25,0,12
BRDA:10,25,1,0
BRDA:10,26,0,12
BRDA:10,26,1,0
BRDA:10,27,0,12
BRDA:10,27,1,12
BRDA:10,27,2,0
BRDA:10,28,0,0
BRDA:10,28,1,0
BRDA:10,29,0,0
BRDA:10,29,1,1
BRDA:10,30,0,1
BRDA:10,30,1,1
BRDA:10,31,0,0
BRDA:10,31,1,1
BRDA:10,32,0,1
BRDA:10,32,1,0
BRDA:10,33,0,1
BRDA:10,33,1,0
BRDA:10,34,0,0
BRDA:10,34,1,0
BRDA:28,35,0,12
BRDA:28,35,1,12
BRDA:28,35,2,0
BRDA:28,35,3,0
BRDA:28,35,4,0
BRDA:28,35,5,12
BRDA:32,36,0,0
BRDA:32,36,1,0
BRDA:45,37,0,1
BRDA:45,37,1,1
BRDA:45,37,2,1
BRDA:51,38,0,1
BRDA:51,38,1,1
BRDA:51,38,2,1
BRDA:57,39,0,1
BRDA:57,39,1,0
BRDA:57,39,2,1
BRDA:72,40,0,0
BRDA:72,40,1,0
BRDA:72,40,2,0
BRDA:74,41,0,0
BRDA:74,41,1,0
BRDA:74,42,0,0
BRDA:74,42,1,0
BRDA:75,43,0,0
BRDA:75,43,1,0
BRDA:80,44,0,0
BRDA:80,44,1,0
BRDA:89,45,0,0
BRDA:89,45,1,0
BRDA:100,46,0,0
BRDA:100,46,1,0
BRDA:100,46,2,0
BRDA:100,46,3,0
BRDA:100,46,4,0
BRDA:101,47,0,0
BRDA:101,47,1,0
BRDA:115,48,0,1
BRDA:115,48,1,1
BRDA:115,48,2,1
BRDA:115,48,3,1
BRDA:123,49,0,1
BRDA:123,49,1,1
BRDA:123,49,2,1
BRDA:123,49,3,1
BRDA:131,50,0,1
BRDA:131,50,1,0
BRDA:131,50,2,0
BRDA:131,50,3,1
BRDA:143,51,0,0
BRDA:143,51,1,0
BRDA:143,51,2,0
BRDA:177,52,0,1
BRDA:177,52,1,0
BRDA:216,53,0,17
BRDA:216,53,1,2
BRDA:241,54,0,2
BRDA:241,54,1,17
BRDA:249,55,0,2
BRDA:249,55,1,17
BRDA:260,56,0,17
BRDA:260,56,1,2
BRDA:276,57,0,17
BRDA:276,57,1,2
BRF:137
BRH:77
end_of_record
TN:
SF:src\components\dashboard\Bottombar.js
FN:4,_interopRequireDefault
FN:4,_getRequireWildcardCache
FN:4,_getRequireWildcardCache
FN:4,_interopRequireWildcard
FN:4,_classCallCheck
FN:4,_defineProperties
FN:4,_createClass
FN:4,_inherits
FN:4,_setPrototypeOf
FN:4,_setPrototypeOf
FN:4,_createSuper
FN:4,_createSuperInternal
FN:4,_possibleConstructorReturn
FN:4,_assertThisInitialized
FN:4,_isNativeReflectConstruct
FN:4,(anonymous_15)
FN:4,_getPrototypeOf
FN:4,_getPrototypeOf
FN:6,(anonymous_18)
FN:7,BottomBar
FN:11,(anonymous_20)
FN:15,render
FNF:22
FNH:17
FNDA:1,_interopRequireDefault
FNDA:1,_getRequireWildcardCache
FNDA:0,_getRequireWildcardCache
FNDA:1,_interopRequireWildcard
FNDA:3,_classCallCheck
FNDA:1,_defineProperties
FNDA:1,_createClass
FNDA:1,_inherits
FNDA:1,_setPrototypeOf
FNDA:0,_setPrototypeOf
FNDA:1,_createSuper
FNDA:3,_createSuperInternal
FNDA:3,_possibleConstructorReturn
FNDA:0,_assertThisInitialized
FNDA:1,_isNativeReflectConstruct
FNDA:0,(anonymous_15)
FNDA:1,_getPrototypeOf
FNDA:0,_getPrototypeOf
FNDA:1,(anonymous_18)
FNDA:3,BottomBar
FNDA:1,(anonymous_20)
FNDA:3,render
DA:1,1
DA:2,1
DA:3,1
DA:4,28
DA:6,1
DA:7,3
DA:8,3
DA:12,1
DA:13,1
DA:14,1
DA:15,3
DA:18,3
DA:46,1
LF:13
LH:13
BRDA:4,0,0,1
BRDA:4,0,1,0
BRDA:4,1,0,1
BRDA:4,1,1,1
BRDA:4,2,0,0
BRDA:4,2,1,1
BRDA:4,3,0,0
BRDA:4,3,1,1
BRDA:4,4,0,1
BRDA:4,4,1,1
BRDA:4,5,0,0
BRDA:4,5,1,1
BRDA:4,6,0,1
BRDA:4,6,1,1
BRDA:4,6,2,0
BRDA:4,7,0,0
BRDA:4,7,1,1
BRDA:4,8,0,1
BRDA:4,8,1,1
BRDA:4,9,0,1
BRDA:4,9,1,1
BRDA:4,10,0,28
BRDA:4,10,1,0
BRDA:4,11,0,28
BRDA:4,11,1,0
BRDA:4,12,0,0
BRDA:4,12,1,28
BRDA:4,13,0,28
BRDA:4,13,1,28
BRDA:4,13,2,28
BRDA:4,14,0,1
BRDA:4,14,1,0
BRDA:4,15,0,0
BRDA:4,15,1,3
BRDA:4,16,0,1
BRDA:4,16,1,1
BRDA:4,17,0,1
BRDA:4,17,1,0
BRDA:4,18,0,1
BRDA:4,18,1,0
BRDA:4,19,0,0
BRDA:4,19,1,1
BRDA:4,20,0,0
BRDA:4,20,1,1
BRDA:4,21,0,1
BRDA:4,21,1,0
BRDA:4,22,0,1
BRDA:4,22,1,1
BRDA:4,23,0,1
BRDA:4,23,1,0
BRDA:4,24,0,1
BRDA:4,24,1,0
BRDA:4,25,0,3
BRDA:4,25,1,0
BRDA:4,26,0,3
BRDA:4,26,1,0
BRDA:4,27,0,3
BRDA:4,27,1,3
BRDA:4,27,2,0
BRDA:4,28,0,0
BRDA:4,28,1,0
BRDA:4,29,0,0
BRDA:4,29,1,1
BRDA:4,30,0,1
BRDA:4,30,1,1
BRDA:4,31,0,0
BRDA:4,31,1,1
BRDA:4,32,0,1
BRDA:4,32,1,0
BRDA:4,33,0,1
BRDA:4,33,1,0
BRDA:4,34,0,0
BRDA:4,34,1,0
BRF:73
BRH:44
end_of_record
TN:
SF:src\components\dashboard\DeletedScreen.js
FN:7,_interopRequireDefault
FN:7,_getRequireWildcardCache
FN:7,_getRequireWildcardCache
FN:7,_interopRequireWildcard
FN:7,_classCallCheck
FN:7,_defineProperties
FN:7,_createClass
FN:7,_inherits
FN:7,_setPrototypeOf
FN:7,_setPrototypeOf
FN:7,_createSuper
FN:7,_createSuperInternal
FN:7,_possibleConstructorReturn
FN:7,_assertThisInitialized
FN:7,_isNativeReflectConstruct
FN:7,(anonymous_15)
FN:7,_getPrototypeOf
FN:7,_getPrototypeOf
FN:9,(anonymous_18)
FN:10,DeletedScreen
FN:34,_callee
FN:34,_callee$
FN:37,componentDidMount
FN:37,componentDidMount$
FN:37,_callee2
FN:37,_callee2$
FN:37,(anonymous_26)
FN:37,render
FN:58,(anonymous_28)
FNF:29
FNH:21
FNDA:3,_interopRequireDefault
FNDA:1,_getRequireWildcardCache
FNDA:1,_getRequireWildcardCache
FNDA:2,_interopRequireWildcard
FNDA:2,_classCallCheck
FNDA:1,_defineProperties
FNDA:1,_createClass
FNDA:1,_inherits
FNDA:1,_setPrototypeOf
FNDA:0,_setPrototypeOf
FNDA:1,_createSuper
FNDA:2,_createSuperInternal
FNDA:2,_possibleConstructorReturn
FNDA:0,_assertThisInitialized
FNDA:1,_isNativeReflectConstruct
FNDA:0,(anonymous_15)
FNDA:1,_getPrototypeOf
FNDA:0,_getPrototypeOf
FNDA:1,(anonymous_18)
FNDA:2,DeletedScreen
FNDA:1,_callee
FNDA:1,_callee$
FNDA:2,componentDidMount
FNDA:6,componentDidMount$
FNDA:0,_callee2
FNDA:0,_callee2$
FNDA:0,(anonymous_26)
FNDA:2,render
FNDA:0,(anonymous_28)
DA:1,1
DA:2,1
DA:3,1
DA:4,1
DA:5,1
DA:6,1
DA:7,34
DA:9,1
DA:10,2
DA:11,2
DA:34,1
DA:35,1
DA:36,1
DA:37,6
DA:40,2
DA:41,2
DA:58,0
DA:72,1
LF:18
LH:17
BRDA:7,0,0,3
BRDA:7,0,1,0
BRDA:7,1,0,3
BRDA:7,1,1,3
BRDA:7,2,0,0
BRDA:7,2,1,1
BRDA:7,3,0,0
BRDA:7,3,1,2
BRDA:7,4,0,2
BRDA:7,4,1,2
BRDA:7,5,0,0
BRDA:7,5,1,2
BRDA:7,6,0,2
BRDA:7,6,1,2
BRDA:7,6,2,0
BRDA:7,7,0,0
BRDA:7,7,1,2
BRDA:7,8,0,2
BRDA:7,8,1,2
BRDA:7,9,0,2
BRDA:7,9,1,2
BRDA:7,10,0,34
BRDA:7,10,1,0
BRDA:7,11,0,34
BRDA:7,11,1,0
BRDA:7,12,0,0
BRDA:7,12,1,34
BRDA:7,13,0,34
BRDA:7,13,1,34
BRDA:7,13,2,34
BRDA:7,14,0,2
BRDA:7,14,1,0
BRDA:7,15,0,0
BRDA:7,15,1,2
BRDA:7,16,0,2
BRDA:7,16,1,2
BRDA:7,17,0,2
BRDA:7,17,1,0
BRDA:7,18,0,1
BRDA:7,18,1,0
BRDA:7,19,0,0
BRDA:7,19,1,1
BRDA:7,20,0,0
BRDA:7,20,1,1
BRDA:7,21,0,1
BRDA:7,21,1,0
BRDA:7,22,0,1
BRDA:7,22,1,1
BRDA:7,23,0,1
BRDA:7,23,1,0
BRDA:7,24,0,1
BRDA:7,24,1,0
BRDA:7,25,0,2
BRDA:7,25,1,0
BRDA:7,26,0,2
BRDA:7,26,1,0
BRDA:7,27,0,2
BRDA:7,27,1,2
BRDA:7,27,2,0
BRDA:7,28,0,0
BRDA:7,28,1,0
BRDA:7,29,0,0
BRDA:7,29,1,1
BRDA:7,30,0,1
BRDA:7,30,1,1
BRDA:7,31,0,0
BRDA:7,31,1,1
BRDA:7,32,0,1
BRDA:7,32,1,0
BRDA:7,33,0,1
BRDA:7,33,1,0
BRDA:7,34,0,0
BRDA:7,34,1,0
BRDA:34,35,0,1
BRDA:34,35,1,1
BRDA:34,35,2,1
BRDA:37,36,0,2
BRDA:37,36,1,2
BRDA:37,36,2,0
BRDA:37,36,3,2
BRDA:37,37,0,0
BRDA:37,37,1,0
BRDA:37,37,2,0
BRDA:37,38,0,0
BRDA:37,38,1,0
BRDA:50,39,0,0
BRDA:50,39,1,2
BRDA:57,40,0,0
BRDA:57,40,1,2
BRDA:60,41,0,0
BRDA:60,41,1,0
BRF:91
BRH:52
end_of_record
TN:
SF:src\components\dashboard\DotsVerticalRBSheetMenu.js
FN:4,_interopRequireDefault
FN:4,_getRequireWildcardCache
FN:4,_getRequireWildcardCache
FN:4,_interopRequireWildcard
FN:4,_classCallCheck
FN:4,_defineProperties
FN:4,_createClass
FN:4,_inherits
FN:4,_setPrototypeOf
FN:4,_setPrototypeOf
FN:4,_createSuper
FN:4,_createSuperInternal
FN:4,_possibleConstructorReturn
FN:4,_assertThisInitialized
FN:4,_isNativeReflectConstruct
FN:4,(anonymous_15)
FN:4,_getPrototypeOf
FN:4,_getPrototypeOf
FN:6,(anonymous_18)
FN:7,DotsVerticalRBSheetMenu
FN:9,render
FN:25,icon
FNF:22
FNH:16
FNDA:2,_interopRequireDefault
FNDA:2,_getRequireWildcardCache
FNDA:0,_getRequireWildcardCache
FNDA:2,_interopRequireWildcard
FNDA:2,_classCallCheck
FNDA:2,_defineProperties
FNDA:2,_createClass
FNDA:2,_inherits
FNDA:2,_setPrototypeOf
FNDA:0,_setPrototypeOf
FNDA:2,_createSuper
FNDA:2,_createSuperInternal
FNDA:2,_possibleConstructorReturn
FNDA:0,_assertThisInitialized
FNDA:2,_isNativeReflectConstruct
FNDA:0,(anonymous_15)
FNDA:1,_getPrototypeOf
FNDA:0,_getPrototypeOf
FNDA:2,(anonymous_18)
FNDA:2,DotsVerticalRBSheetMenu
FNDA:2,render
FNDA:0,icon
DA:1,2
DA:2,2
DA:3,2
DA:4,56
DA:6,2
DA:7,2
DA:9,2
DA:11,2
DA:12,2
DA:25,0
DA:35,2
LF:11
LH:10
BRDA:4,0,0,2
BRDA:4,0,1,0
BRDA:4,1,0,2
BRDA:4,1,1,2
BRDA:4,2,0,0
BRDA:4,2,1,2
BRDA:4,3,0,0
BRDA:4,3,1,2
BRDA:4,4,0,2
BRDA:4,4,1,2
BRDA:4,5,0,0
BRDA:4,5,1,2
BRDA:4,6,0,2
BRDA:4,6,1,2
BRDA:4,6,2,0
BRDA:4,7,0,0
BRDA:4,7,1,2
BRDA:4,8,0,2
BRDA:4,8,1,2
BRDA:4,9,0,2
BRDA:4,9,1,2
BRDA:4,10,0,56
BRDA:4,10,1,0
BRDA:4,11,0,56
BRDA:4,11,1,0
BRDA:4,12,0,0
BRDA:4,12,1,56
BRDA:4,13,0,56
BRDA:4,13,1,56
BRDA:4,13,2,56
BRDA:4,14,0,2
BRDA:4,14,1,0
BRDA:4,15,0,0
BRDA:4,15,1,2
BRDA:4,16,0,2
BRDA:4,16,1,2
BRDA:4,17,0,2
BRDA:4,17,1,0
BRDA:4,18,0,2
BRDA:4,18,1,0
BRDA:4,19,0,0
BRDA:4,19,1,2
BRDA:4,20,0,0
BRDA:4,20,1,2
BRDA:4,21,0,2
BRDA:4,21,1,0
BRDA:4,22,0,2
BRDA:4,22,1,2
BRDA:4,23,0,2
BRDA:4,23,1,0
BRDA:4,24,0,2
BRDA:4,24,1,0
BRDA:4,25,0,2
BRDA:4,25,1,0
BRDA:4,26,0,2
BRDA:4,26,1,0
BRDA:4,27,0,2
BRDA:4,27,1,2
BRDA:4,27,2,0
BRDA:4,28,0,0
BRDA:4,28,1,0
BRDA:4,29,0,0
BRDA:4,29,1,2
BRDA:4,30,0,2
BRDA:4,30,1,2
BRDA:4,31,0,0
BRDA:4,31,1,2
BRDA:4,32,0,2
BRDA:4,32,1,0
BRDA:4,33,0,1
BRDA:4,33,1,0
BRDA:4,34,0,0
BRDA:4,34,1,0
BRF:73
BRH:44
end_of_record
TN:
SF:src\components\dashboard\DotsVerticalRestoreRBSheetMenu.js
FN:3,_getRequireWildcardCache
FN:3,_getRequireWildcardCache
FN:3,_interopRequireWildcard
FN:3,_classCallCheck
FN:3,_defineProperties
FN:3,_createClass
FN:3,_inherits
FN:3,_setPrototypeOf
FN:3,_setPrototypeOf
FN:3,_createSuper
FN:3,_createSuperInternal
FN:3,_possibleConstructorReturn
FN:3,_assertThisInitialized
FN:3,_isNativeReflectConstruct
FN:3,(anonymous_14)
FN:3,_getPrototypeOf
FN:3,_getPrototypeOf
FN:5,(anonymous_17)
FN:6,DotsVerticalRestoreRBSheetMenu
FN:8,render
FNF:20
FNH:15
FNDA:2,_getRequireWildcardCache
FNDA:0,_getRequireWildcardCache
FNDA:2,_interopRequireWildcard
FNDA:2,_classCallCheck
FNDA:2,_defineProperties
FNDA:2,_createClass
FNDA:2,_inherits
FNDA:2,_setPrototypeOf
FNDA:0,_setPrototypeOf
FNDA:2,_createSuper
FNDA:2,_createSuperInternal
FNDA:2,_possibleConstructorReturn
FNDA:0,_assertThisInitialized
FNDA:2,_isNativeReflectConstruct
FNDA:0,(anonymous_14)
FNDA:1,_getPrototypeOf
FNDA:0,_getPrototypeOf
FNDA:2,(anonymous_17)
FNDA:2,DotsVerticalRestoreRBSheetMenu
FNDA:2,render
DA:1,2
DA:2,2
DA:3,56
DA:5,2
DA:6,2
DA:8,2
DA:11,2
DA:21,2
LF:8
LH:8
BRDA:3,0,0,0
BRDA:3,0,1,2
BRDA:3,1,0,0
BRDA:3,1,1,2
BRDA:3,2,0,2
BRDA:3,2,1,2
BRDA:3,3,0,0
BRDA:3,3,1,2
BRDA:3,4,0,2
BRDA:3,4,1,2
BRDA:3,4,2,0
BRDA:3,5,0,0
BRDA:3,5,1,2
BRDA:3,6,0,2
BRDA:3,6,1,2
BRDA:3,7,0,2
BRDA:3,7,1,2
BRDA:3,8,0,56
BRDA:3,8,1,0
BRDA:3,9,0,56
BRDA:3,9,1,0
BRDA:3,10,0,0
BRDA:3,10,1,56
BRDA:3,11,0,56
BRDA:3,11,1,56
BRDA:3,11,2,56
BRDA:3,12,0,2
BRDA:3,12,1,0
BRDA:3,13,0,0
BRDA:3,13,1,2
BRDA:3,14,0,2
BRDA:3,14,1,2
BRDA:3,15,0,2
BRDA:3,15,1,0
BRDA:3,16,0,2
BRDA:3,16,1,0
BRDA:3,17,0,0
BRDA:3,17,1,2
BRDA:3,18,0,0
BRDA:3,18,1,2
BRDA:3,19,0,2
BRDA:3,19,1,0
BRDA:3,20,0,2
BRDA:3,20,1,2
BRDA:3,21,0,2
BRDA:3,21,1,0
BRDA:3,22,0,2
BRDA:3,22,1,0
BRDA:3,23,0,2
BRDA:3,23,1,0
BRDA:3,24,0,2
BRDA:3,24,1,0
BRDA:3,25,0,2
BRDA:3,25,1,2
BRDA:3,25,2,0
BRDA:3,26,0,0
BRDA:3,26,1,0
BRDA:3,27,0,0
BRDA:3,27,1,2
BRDA:3,28,0,2
BRDA:3,28,1,2
BRDA:3,29,0,0
BRDA:3,29,1,2
BRDA:3,30,0,2
BRDA:3,30,1,0
BRDA:3,31,0,1
BRDA:3,31,1,0
BRDA:3,32,0,0
BRDA:3,32,1,0
BRF:69
BRH:41
end_of_record
TN:
SF:src\components\dashboard\DrawerContent.js
FN:8,_interopRequireDefault
FN:8,_getRequireWildcardCache
FN:8,_getRequireWildcardCache
FN:8,_interopRequireWildcard
FN:8,_classCallCheck
FN:8,_defineProperties
FN:8,_createClass
FN:8,_inherits
FN:8,_setPrototypeOf
FN:8,_setPrototypeOf
FN:8,_createSuper
FN:8,_createSuperInternal
FN:8,_possibleConstructorReturn
FN:8,_assertThisInitialized
FN:8,_isNativeReflectConstruct
FN:8,(anonymous_15)
FN:8,_getPrototypeOf
FN:8,_getPrototypeOf
FN:10,(anonymous_18)
FN:11,DrawerContent
FN:15,(anonymous_20)
FN:21,(anonymous_21)
FN:25,render
FNF:23
FNH:18
FNDA:1,_interopRequireDefault
FNDA:1,_getRequireWildcardCache
FNDA:0,_getRequireWildcardCache
FNDA:1,_interopRequireWildcard
FNDA:4,_classCallCheck
FNDA:1,_defineProperties
FNDA:1,_createClass
FNDA:1,_inherits
FNDA:1,_setPrototypeOf
FNDA:0,_setPrototypeOf
FNDA:1,_createSuper
FNDA:4,_createSuperInternal
FNDA:4,_possibleConstructorReturn
FNDA:0,_assertThisInitialized
FNDA:1,_isNativeReflectConstruct
FNDA:0,(anonymous_15)
FNDA:1,_getPrototypeOf
FNDA:0,_getPrototypeOf
FNDA:1,(anonymous_18)
FNDA:4,DrawerContent
FNDA:1,(anonymous_20)
FNDA:1,(anonymous_21)
FNDA:4,render
DA:1,1
DA:2,1
DA:3,1
DA:4,1
DA:5,1
DA:8,28
DA:10,1
DA:11,4
DA:12,4
DA:16,1
DA:17,1
DA:18,0
DA:19,4
DA:22,1
DA:23,1
DA:24,0
DA:25,4
DA:28,4
DA:85,1
LF:19
LH:17
BRDA:8,0,0,1
BRDA:8,0,1,0
BRDA:8,1,0,1
BRDA:8,1,1,1
BRDA:8,2,0,0
BRDA:8,2,1,1
BRDA:8,3,0,0
BRDA:8,3,1,1
BRDA:8,4,0,1
BRDA:8,4,1,1
BRDA:8,5,0,0
BRDA:8,5,1,1
BRDA:8,6,0,1
BRDA:8,6,1,1
BRDA:8,6,2,0
BRDA:8,7,0,0
BRDA:8,7,1,1
BRDA:8,8,0,1
BRDA:8,8,1,1
BRDA:8,9,0,1
BRDA:8,9,1,1
BRDA:8,10,0,28
BRDA:8,10,1,0
BRDA:8,11,0,28
BRDA:8,11,1,0
BRDA:8,12,0,0
BRDA:8,12,1,28
BRDA:8,13,0,28
BRDA:8,13,1,28
BRDA:8,13,2,28
BRDA:8,14,0,1
BRDA:8,14,1,0
BRDA:8,15,0,0
BRDA:8,15,1,4
BRDA:8,16,0,1
BRDA:8,16,1,1
BRDA:8,17,0,1
BRDA:8,17,1,0
BRDA:8,18,0,1
BRDA:8,18,1,0
BRDA:8,19,0,0
BRDA:8,19,1,1
BRDA:8,20,0,0
BRDA:8,20,1,1
BRDA:8,21,0,1
BRDA:8,21,1,0
BRDA:8,22,0,1
BRDA:8,22,1,1
BRDA:8,23,0,1
BRDA:8,23,1,0
BRDA:8,24,0,1
BRDA:8,24,1,0
BRDA:8,25,0,4
BRDA:8,25,1,0
BRDA:8,26,0,4
BRDA:8,26,1,0
BRDA:8,27,0,4
BRDA:8,27,1,4
BRDA:8,27,2,0
BRDA:8,28,0,0
BRDA:8,28,1,0
BRDA:8,29,0,0
BRDA:8,29,1,1
BRDA:8,30,0,1
BRDA:8,30,1,1
BRDA:8,31,0,0
BRDA:8,31,1,1
BRDA:8,32,0,1
BRDA:8,32,1,0
BRDA:8,33,0,1
BRDA:8,33,1,0
BRDA:8,34,0,0
BRDA:8,34,1,0
BRF:73
BRH:44
end_of_record
TN:
SF:src\components\dashboard\NoteCard.js
FN:3,_interopRequireDefault
FN:3,_getRequireWildcardCache
FN:3,_getRequireWildcardCache
FN:3,_interopRequireWildcard
FN:3,_classCallCheck
FN:3,_defineProperties
FN:3,_createClass
FN:3,_inherits
FN:3,_setPrototypeOf
FN:3,_setPrototypeOf
FN:3,_createSuper
FN:3,_createSuperInternal
FN:3,_possibleConstructorReturn
FN:3,_assertThisInitialized
FN:3,_isNativeReflectConstruct
FN:3,(anonymous_15)
FN:3,_getPrototypeOf
FN:3,_getPrototypeOf
FN:5,(anonymous_18)
FN:6,NoteCard
FN:10,(anonymous_20)
FN:14,render
FN:20,onPress
FNF:23
FNH:16
FNDA:3,_interopRequireDefault
FNDA:3,_getRequireWildcardCache
FNDA:0,_getRequireWildcardCache
FNDA:3,_interopRequireWildcard
FNDA:2,_classCallCheck
FNDA:3,_defineProperties
FNDA:3,_createClass
FNDA:3,_inherits
FNDA:3,_setPrototypeOf
FNDA:0,_setPrototypeOf
FNDA:3,_createSuper
FNDA:2,_createSuperInternal
FNDA:2,_possibleConstructorReturn
FNDA:0,_assertThisInitialized
FNDA:3,_isNativeReflectConstruct
FNDA:0,(anonymous_15)
FNDA:1,_getPrototypeOf
FNDA:0,_getPrototypeOf
FNDA:3,(anonymous_18)
FNDA:2,NoteCard
FNDA:0,(anonymous_20)
FNDA:2,render
FNDA:0,onPress
DA:1,3
DA:2,3
DA:3,84
DA:5,3
DA:6,2
DA:7,2
DA:11,0
DA:12,0
DA:13,0
DA:14,3
DA:16,2
DA:17,2
DA:20,0
DA:33,3
LF:14
LH:10
BRDA:3,0,0,3
BRDA:3,0,1,0
BRDA:3,1,0,3
BRDA:3,1,1,3
BRDA:3,2,0,0
BRDA:3,2,1,3
BRDA:3,3,0,0
BRDA:3,3,1,3
BRDA:3,4,0,3
BRDA:3,4,1,3
BRDA:3,5,0,0
BRDA:3,5,1,3
BRDA:3,6,0,3
BRDA:3,6,1,3
BRDA:3,6,2,0
BRDA:3,7,0,0
BRDA:3,7,1,3
BRDA:3,8,0,3
BRDA:3,8,1,3
BRDA:3,9,0,3
BRDA:3,9,1,3
BRDA:3,10,0,84
BRDA:3,10,1,0
BRDA:3,11,0,84
BRDA:3,11,1,0
BRDA:3,12,0,0
BRDA:3,12,1,84
BRDA:3,13,0,84
BRDA:3,13,1,84
BRDA:3,13,2,84
BRDA:3,14,0,3
BRDA:3,14,1,0
BRDA:3,15,0,0
BRDA:3,15,1,2
BRDA:3,16,0,3
BRDA:3,16,1,3
BRDA:3,17,0,3
BRDA:3,17,1,0
BRDA:3,18,0,3
BRDA:3,18,1,0
BRDA:3,19,0,0
BRDA:3,19,1,3
BRDA:3,20,0,0
BRDA:3,20,1,3
BRDA:3,21,0,3
BRDA:3,21,1,0
BRDA:3,22,0,3
BRDA:3,22,1,3
BRDA:3,23,0,3
BRDA:3,23,1,0
BRDA:3,24,0,3
BRDA:3,24,1,0
BRDA:3,25,0,2
BRDA:3,25,1,0
BRDA:3,26,0,2
BRDA:3,26,1,0
BRDA:3,27,0,2
BRDA:3,27,1,2
BRDA:3,27,2,0
BRDA:3,28,0,0
BRDA:3,28,1,0
BRDA:3,29,0,0
BRDA:3,29,1,3
BRDA:3,30,0,3
BRDA:3,30,1,3
BRDA:3,31,0,0
BRDA:3,31,1,3
BRDA:3,32,0,3
BRDA:3,32,1,0
BRDA:3,33,0,1
BRDA:3,33,1,0
BRDA:3,34,0,0
BRDA:3,34,1,0
BRDA:19,35,0,0
BRDA:19,35,1,2
BRDA:23,36,0,0
BRDA:23,36,1,0
BRDA:27,37,0,0
BRDA:27,37,1,0
BRF:79
BRH:45
end_of_record
TN:
SF:src\components\dashboard\NoteView.js
FN:7,_interopRequireDefault
FN:7,_getRequireWildcardCache
FN:7,_getRequireWildcardCache
FN:7,_interopRequireWildcard
FN:7,_classCallCheck
FN:7,_defineProperties
FN:7,_createClass
FN:7,_inherits
FN:7,_setPrototypeOf
FN:7,_setPrototypeOf
FN:7,_createSuper
FN:7,_createSuperInternal
FN:7,_possibleConstructorReturn
FN:7,_assertThisInitialized
FN:7,_isNativeReflectConstruct
FN:7,(anonymous_15)
FN:7,_getPrototypeOf
FN:7,_getPrototypeOf
FN:9,(anonymous_18)
FN:10,NoteView
FN:15,componentDidMount
FN:15,componentDidMount$
FN:23,_callee
FN:23,_callee$
FN:33,(anonymous_24)
FN:33,render
FN:41,(anonymous_26)
FNF:27
FNH:19
FNDA:4,_interopRequireDefault
FNDA:1,_getRequireWildcardCache
FNDA:1,_getRequireWildcardCache
FNDA:2,_interopRequireWildcard
FNDA:2,_classCallCheck
FNDA:1,_defineProperties
FNDA:1,_createClass
FNDA:1,_inherits
FNDA:1,_setPrototypeOf
FNDA:0,_setPrototypeOf
FNDA:1,_createSuper
FNDA:2,_createSuperInternal
FNDA:2,_possibleConstructorReturn
FNDA:0,_assertThisInitialized
FNDA:1,_isNativeReflectConstruct
FNDA:0,(anonymous_15)
FNDA:1,_getPrototypeOf
FNDA:0,_getPrototypeOf
FNDA:1,(anonymous_18)
FNDA:2,NoteView
FNDA:3,componentDidMount
FNDA:9,componentDidMount$
FNDA:0,_callee
FNDA:0,_callee$
FNDA:0,(anonymous_24)
FNDA:2,render
FNDA:0,(anonymous_26)
DA:1,1
DA:2,1
DA:3,1
DA:4,1
DA:5,1
DA:6,1
DA:7,34
DA:9,1
DA:10,2
DA:11,2
DA:12,2
DA:13,2
DA:15,9
DA:18,3
DA:19,3
DA:20,0
DA:22,0
DA:23,0
DA:24,0
DA:25,0
DA:26,0
DA:27,0
DA:29,0
DA:33,3
DA:36,2
DA:37,2
DA:41,0
DA:53,1
LF:28
LH:19
BRDA:7,0,0,4
BRDA:7,0,1,0
BRDA:7,1,0,4
BRDA:7,1,1,4
BRDA:7,2,0,0
BRDA:7,2,1,1
BRDA:7,3,0,0
BRDA:7,3,1,2
BRDA:7,4,0,2
BRDA:7,4,1,2
BRDA:7,5,0,0
BRDA:7,5,1,2
BRDA:7,6,0,2
BRDA:7,6,1,2
BRDA:7,6,2,0
BRDA:7,7,0,0
BRDA:7,7,1,2
BRDA:7,8,0,2
BRDA:7,8,1,2
BRDA:7,9,0,2
BRDA:7,9,1,2
BRDA:7,10,0,34
BRDA:7,10,1,0
BRDA:7,11,0,34
BRDA:7,11,1,0
BRDA:7,12,0,0
BRDA:7,12,1,34
BRDA:7,13,0,34
BRDA:7,13,1,34
BRDA:7,13,2,34
BRDA:7,14,0,2
BRDA:7,14,1,0
BRDA:7,15,0,0
BRDA:7,15,1,2
BRDA:7,16,0,2
BRDA:7,16,1,2
BRDA:7,17,0,2
BRDA:7,17,1,0
BRDA:7,18,0,1
BRDA:7,18,1,0
BRDA:7,19,0,0
BRDA:7,19,1,1
BRDA:7,20,0,0
BRDA:7,20,1,1
BRDA:7,21,0,1
BRDA:7,21,1,0
BRDA:7,22,0,1
BRDA:7,22,1,1
BRDA:7,23,0,1
BRDA:7,23,1,0
BRDA:7,24,0,1
BRDA:7,24,1,0
BRDA:7,25,0,2
BRDA:7,25,1,0
BRDA:7,26,0,2
BRDA:7,26,1,0
BRDA:7,27,0,2
BRDA:7,27,1,2
BRDA:7,27,2,0
BRDA:7,28,0,0
BRDA:7,28,1,0
BRDA:7,29,0,0
BRDA:7,29,1,1
BRDA:7,30,0,1
BRDA:7,30,1,1
BRDA:7,31,0,0
BRDA:7,31,1,1
BRDA:7,32,0,1
BRDA:7,32,1,0
BRDA:7,33,0,1
BRDA:7,33,1,0
BRDA:7,34,0,0
BRDA:7,34,1,0
BRDA:15,35,0,3
BRDA:15,35,1,3
BRDA:15,35,2,0
BRDA:15,35,3,0
BRDA:15,35,4,0
BRDA:15,35,5,3
BRDA:23,36,0,0
BRDA:23,36,1,0
BRDA:23,36,2,0
BRDA:24,37,0,0
BRDA:24,37,1,0
BRDA:40,38,0,0
BRDA:40,38,1,2
BRDA:43,39,0,0
BRDA:43,39,1,0
BRF:88
BRH:48
end_of_record
TN:
SF:src\components\dashboard\RBSheetProfileOption.js
FN:4,_interopRequireDefault
FN:4,_getRequireWildcardCache
FN:4,_getRequireWildcardCache
FN:4,_interopRequireWildcard
FN:4,_classCallCheck
FN:4,_defineProperties
FN:4,_createClass
FN:4,_inherits
FN:4,_setPrototypeOf
FN:4,_setPrototypeOf
FN:4,_createSuper
FN:4,_createSuperInternal
FN:4,_possibleConstructorReturn
FN:4,_assertThisInitialized
FN:4,_isNativeReflectConstruct
FN:4,(anonymous_15)
FN:4,_getPrototypeOf
FN:4,_getPrototypeOf
FN:6,(anonymous_18)
FN:7,RBSheetProfileOption
FN:9,render
FNF:21
FNH:16
FNDA:1,_interopRequireDefault
FNDA:1,_getRequireWildcardCache
FNDA:0,_getRequireWildcardCache
FNDA:1,_interopRequireWildcard
FNDA:2,_classCallCheck
FNDA:1,_defineProperties
FNDA:1,_createClass
FNDA:1,_inherits
FNDA:1,_setPrototypeOf
FNDA:0,_setPrototypeOf
FNDA:1,_createSuper
FNDA:2,_createSuperInternal
FNDA:2,_possibleConstructorReturn
FNDA:0,_assertThisInitialized
FNDA:1,_isNativeReflectConstruct
FNDA:0,(anonymous_15)
FNDA:1,_getPrototypeOf
FNDA:0,_getPrototypeOf
FNDA:1,(anonymous_18)
FNDA:2,RBSheetProfileOption
FNDA:2,render
DA:1,1
DA:2,1
DA:3,1
DA:4,28
DA:6,1
DA:7,2
DA:9,1
DA:12,2
DA:40,1
LF:9
LH:9
BRDA:4,0,0,1
BRDA:4,0,1,0
BRDA:4,1,0,1
BRDA:4,1,1,1
BRDA:4,2,0,0
BRDA:4,2,1,1
BRDA:4,3,0,0
BRDA:4,3,1,1
BRDA:4,4,0,1
BRDA:4,4,1,1
BRDA:4,5,0,0
BRDA:4,5,1,1
BRDA:4,6,0,1
BRDA:4,6,1,1
BRDA:4,6,2,0
BRDA:4,7,0,0
BRDA:4,7,1,1
BRDA:4,8,0,1
BRDA:4,8,1,1
BRDA:4,9,0,1
BRDA:4,9,1,1
BRDA:4,10,0,28
BRDA:4,10,1,0
BRDA:4,11,0,28
BRDA:4,11,1,0
BRDA:4,12,0,0
BRDA:4,12,1,28
BRDA:4,13,0,28
BRDA:4,13,1,28
BRDA:4,13,2,28
BRDA:4,14,0,1
BRDA:4,14,1,0
BRDA:4,15,0,0
BRDA:4,15,1,2
BRDA:4,16,0,1
BRDA:4,16,1,1
BRDA:4,17,0,1
BRDA:4,17,1,0
BRDA:4,18,0,1
BRDA:4,18,1,0
BRDA:4,19,0,0
BRDA:4,19,1,1
BRDA:4,20,0,0
BRDA:4,20,1,1
BRDA:4,21,0,1
BRDA:4,21,1,0
BRDA:4,22,0,1
BRDA:4,22,1,1
BRDA:4,23,0,1
BRDA:4,23,1,0
BRDA:4,24,0,1
BRDA:4,24,1,0
BRDA:4,25,0,2
BRDA:4,25,1,0
BRDA:4,26,0,2
BRDA:4,26,1,0
BRDA:4,27,0,2
BRDA:4,27,1,2
BRDA:4,27,2,0
BRDA:4,28,0,0
BRDA:4,28,1,0
BRDA:4,29,0,0
BRDA:4,29,1,1
BRDA:4,30,0,1
BRDA:4,30,1,1
BRDA:4,31,0,0
BRDA:4,31,1,1
BRDA:4,32,0,1
BRDA:4,32,1,0
BRDA:4,33,0,1
BRDA:4,33,1,0
BRDA:4,34,0,0
BRDA:4,34,1,0
BRF:73
BRH:44
end_of_record
TN:
SF:src\components\dashboard\SearchNotesScreen.js
FN:7,_interopRequireDefault
FN:7,_getRequireWildcardCache
FN:7,_getRequireWildcardCache
FN:7,_interopRequireWildcard
FN:7,_classCallCheck
FN:7,_defineProperties
FN:7,_createClass
FN:7,_inherits
FN:7,_setPrototypeOf
FN:7,_setPrototypeOf
FN:7,_createSuper
FN:7,_createSuperInternal
FN:7,_possibleConstructorReturn
FN:7,_assertThisInitialized
FN:7,_isNativeReflectConstruct
FN:7,(anonymous_15)
FN:7,_getPrototypeOf
FN:7,_getPrototypeOf
FN:9,(anonymous_18)
FN:10,SearchNotesScreen
FN:40,(anonymous_20)
FN:46,_callee
FN:46,_callee$
FN:68,_callee2
FN:68,_callee2$
FN:77,(anonymous_25)
FN:81,componentDidMount
FN:81,componentDidMount$
FN:81,_callee3
FN:81,_callee3$
FN:81,(anonymous_30)
FN:81,render
FN:112,(anonymous_32)
FN:117,onPress
FNF:34
FNH:25
FNDA:3,_interopRequireDefault
FNDA:1,_getRequireWildcardCache
FNDA:1,_getRequireWildcardCache
FNDA:2,_interopRequireWildcard
FNDA:7,_classCallCheck
FNDA:1,_defineProperties
FNDA:1,_createClass
FNDA:1,_inherits
FNDA:1,_setPrototypeOf
FNDA:0,_setPrototypeOf
FNDA:1,_createSuper
FNDA:7,_createSuperInternal
FNDA:7,_possibleConstructorReturn
FNDA:0,_assertThisInitialized
FNDA:1,_isNativeReflectConstruct
FNDA:0,(anonymous_15)
FNDA:1,_getPrototypeOf
FNDA:0,_getPrototypeOf
FNDA:1,(anonymous_18)
FNDA:7,SearchNotesScreen
FNDA:1,(anonymous_20)
FNDA:3,_callee
FNDA:6,_callee$
FNDA:1,_callee2
FNDA:2,_callee2$
FNDA:1,(anonymous_25)
FNDA:7,componentDidMount
FNDA:19,componentDidMount$
FNDA:0,_callee3
FNDA:0,_callee3$
FNDA:0,(anonymous_30)
FNDA:13,render
FNDA:0,(anonymous_32)
FNDA:0,onPress
DA:1,1
DA:2,1
DA:3,1
DA:4,1
DA:5,1
DA:6,1
DA:7,34
DA:9,1
DA:10,7
DA:11,7
DA:41,1
DA:42,1
DA:43,1
DA:44,7
DA:46,8
DA:48,2
DA:50,1
DA:51,1
DA:52,1
DA:53,0
DA:54,0
DA:57,1
DA:58,1
DA:63,7
DA:68,2
DA:69,1
DA:74,7
DA:78,1
DA:79,1
DA:80,1
DA:81,19
DA:83,13
DA:84,13
DA:112,0
DA:117,0
DA:146,1
LF:36
LH:32
BRDA:7,0,0,3
BRDA:7,0,1,0
BRDA:7,1,0,3
BRDA:7,1,1,3
BRDA:7,2,0,0
BRDA:7,2,1,1
BRDA:7,3,0,0
BRDA:7,3,1,2
BRDA:7,4,0,2
BRDA:7,4,1,2
BRDA:7,5,0,0
BRDA:7,5,1,2
BRDA:7,6,0,2
BRDA:7,6,1,2
BRDA:7,6,2,0
BRDA:7,7,0,0
BRDA:7,7,1,2
BRDA:7,8,0,2
BRDA:7,8,1,2
BRDA:7,9,0,2
BRDA:7,9,1,2
BRDA:7,10,0,34
BRDA:7,10,1,0
BRDA:7,11,0,34
BRDA:7,11,1,0
BRDA:7,12,0,0
BRDA:7,12,1,34
BRDA:7,13,0,34
BRDA:7,13,1,34
BRDA:7,13,2,34
BRDA:7,14,0,2
BRDA:7,14,1,0
BRDA:7,15,0,0
BRDA:7,15,1,7
BRDA:7,16,0,2
BRDA:7,16,1,2
BRDA:7,17,0,2
BRDA:7,17,1,0
BRDA:7,18,0,1
BRDA:7,18,1,0
BRDA:7,19,0,0
BRDA:7,19,1,1
BRDA:7,20,0,0
BRDA:7,20,1,1
BRDA:7,21,0,1
BRDA:7,21,1,0
BRDA:7,22,0,1
BRDA:7,22,1,1
BRDA:7,23,0,1
BRDA:7,23,1,0
BRDA:7,24,0,1
BRDA:7,24,1,0
BRDA:7,25,0,7
BRDA:7,25,1,0
BRDA:7,26,0,7
BRDA:7,26,1,0
BRDA:7,27,0,7
BRDA:7,27,1,7
BRDA:7,27,2,0
BRDA:7,28,0,0
BRDA:7,28,1,0
BRDA:7,29,0,0
BRDA:7,29,1,1
BRDA:7,30,0,1
BRDA:7,30,1,1
BRDA:7,31,0,0
BRDA:7,31,1,1
BRDA:7,32,0,1
BRDA:7,32,1,0
BRDA:7,33,0,1
BRDA:7,33,1,0
BRDA:7,34,0,0
BRDA:7,34,1,0
BRDA:46,35,0,3
BRDA:46,35,1,2
BRDA:46,35,2,1
BRDA:46,35,3,2
BRDA:46,35,4,2
BRDA:48,36,0,1
BRDA:48,36,1,1
BRDA:53,37,0,0
BRDA:53,37,1,0
BRDA:53,38,0,0
BRDA:53,38,1,0
BRDA:68,39,0,1
BRDA:68,39,1,1
BRDA:68,39,2,1
BRDA:68,39,3,1
BRDA:81,40,0,7
BRDA:81,40,1,6
BRDA:81,40,2,0
BRDA:81,40,3,0
BRDA:81,40,4,6
BRDA:81,41,0,0
BRDA:81,41,1,0
BRDA:81,41,2,0
BRDA:81,42,0,0
BRDA:81,42,1,0
BRDA:100,43,0,3
BRDA:100,43,1,10
BRDA:111,44,0,0
BRDA:111,44,1,13
BRDA:114,45,0,0
BRDA:114,45,1,0
BRDA:120,46,0,0
BRDA:120,46,1,0
BRDA:127,47,0,0
BRDA:127,47,1,0
BRF:108
BRH:61
end_of_record
TN:
SF:src\components\dashboard\TopBar.js
FN:5,_interopRequireDefault
FN:5,_getRequireWildcardCache
FN:5,_getRequireWildcardCache
FN:5,_interopRequireWildcard
FN:5,_classCallCheck
FN:5,_defineProperties
FN:5,_createClass
FN:5,_inherits
FN:5,_setPrototypeOf
FN:5,_setPrototypeOf
FN:5,_createSuper
FN:5,_createSuperInternal
FN:5,_possibleConstructorReturn
FN:5,_assertThisInitialized
FN:5,_isNativeReflectConstruct
FN:5,(anonymous_15)
FN:5,_getPrototypeOf
FN:5,_getPrototypeOf
FN:7,(anonymous_18)
FN:8,TopBar
FN:12,_callee
FN:12,_callee$
FN:18,(anonymous_22)
FN:22,render
FNF:24
FNH:19
FNDA:1,_interopRequireDefault
FNDA:1,_getRequireWildcardCache
FNDA:0,_getRequireWildcardCache
FNDA:1,_interopRequireWildcard
FNDA:4,_classCallCheck
FNDA:1,_defineProperties
FNDA:1,_createClass
FNDA:1,_inherits
FNDA:1,_setPrototypeOf
FNDA:0,_setPrototypeOf
FNDA:1,_createSuper
FNDA:4,_createSuperInternal
FNDA:4,_possibleConstructorReturn
FNDA:0,_assertThisInitialized
FNDA:1,_isNativeReflectConstruct
FNDA:0,(anonymous_15)
FNDA:1,_getPrototypeOf
FNDA:0,_getPrototypeOf
FNDA:1,(anonymous_18)
FNDA:4,TopBar
FNDA:1,_callee
FNDA:1,_callee$
FNDA:1,(anonymous_22)
FNDA:4,render
DA:1,1
DA:2,1
DA:3,1
DA:4,1
DA:5,28
DA:7,1
DA:8,4
DA:9,4
DA:12,1
DA:13,1
DA:14,1
DA:15,4
DA:19,1
DA:20,1
DA:21,1
DA:22,4
DA:25,4
DA:53,1
LF:18
LH:18
BRDA:5,0,0,1
BRDA:5,0,1,0
BRDA:5,1,0,1
BRDA:5,1,1,1
BRDA:5,2,0,0
BRDA:5,2,1,1
BRDA:5,3,0,0
BRDA:5,3,1,1
BRDA:5,4,0,1
BRDA:5,4,1,1
BRDA:5,5,0,0
BRDA:5,5,1,1
BRDA:5,6,0,1
BRDA:5,6,1,1
BRDA:5,6,2,0
BRDA:5,7,0,0
BRDA:5,7,1,1
BRDA:5,8,0,1
BRDA:5,8,1,1
BRDA:5,9,0,1
BRDA:5,9,1,1
BRDA:5,10,0,28
BRDA:5,10,1,0
BRDA:5,11,0,28
BRDA:5,11,1,0
BRDA:5,12,0,0
BRDA:5,12,1,28
BRDA:5,13,0,28
BRDA:5,13,1,28
BRDA:5,13,2,28
BRDA:5,14,0,1
BRDA:5,14,1,0
BRDA:5,15,0,0
BRDA:5,15,1,4
BRDA:5,16,0,1
BRDA:5,16,1,1
BRDA:5,17,0,1
BRDA:5,17,1,0
BRDA:5,18,0,1
BRDA:5,18,1,0
BRDA:5,19,0,0
BRDA:5,19,1,1
BRDA:5,20,0,0
BRDA:5,20,1,1
BRDA:5,21,0,1
BRDA:5,21,1,0
BRDA:5,22,0,1
BRDA:5,22,1,1
BRDA:5,23,0,1
BRDA:5,23,1,0
BRDA:5,24,0,1
BRDA:5,24,1,0
BRDA:5,25,0,4
BRDA:5,25,1,0
BRDA:5,26,0,4
BRDA:5,26,1,0
BRDA:5,27,0,4
BRDA:5,27,1,4
BRDA:5,27,2,0
BRDA:5,28,0,0
BRDA:5,28,1,0
BRDA:5,29,0,0
BRDA:5,29,1,1
BRDA:5,30,0,1
BRDA:5,30,1,1
BRDA:5,31,0,0
BRDA:5,31,1,1
BRDA:5,32,0,1
BRDA:5,32,1,0
BRDA:5,33,0,1
BRDA:5,33,1,0
BRDA:5,34,0,0
BRDA:5,34,1,0
BRDA:12,35,0,1
BRDA:12,35,1,1
BRDA:12,35,2,1
BRDA:39,36,0,0
BRDA:39,36,1,4
BRDA:48,37,0,0
BRDA:48,37,1,4
BRF:80
BRH:49
end_of_record
TN:
SF:src\components\pages\ForgotPassword.js
FN:6,_interopRequireDefault
FN:6,_getRequireWildcardCache
FN:6,_getRequireWildcardCache
FN:6,_interopRequireWildcard
FN:6,_classCallCheck
FN:6,_defineProperties
FN:6,_createClass
FN:6,_inherits
FN:6,_setPrototypeOf
FN:6,_setPrototypeOf
FN:6,_createSuper
FN:6,_createSuperInternal
FN:6,_possibleConstructorReturn
FN:6,_assertThisInitialized
FN:6,_isNativeReflectConstruct
FN:6,(anonymous_15)
FN:6,_getPrototypeOf
FN:6,_getPrototypeOf
FN:8,(anonymous_18)
FN:9,ForgotPassword
FN:20,_callee
FN:20,_callee$
FN:28,_callee4
FN:28,_callee4$
FN:32,_callee2
FN:32,_callee2$
FN:37,_callee3
FN:37,_callee3$
FN:55,_callee5
FN:55,_callee5$
FN:63,(anonymous_30)
FN:67,render
FNF:32
FNH:25
FNDA:4,_interopRequireDefault
FNDA:2,_getRequireWildcardCache
FNDA:0,_getRequireWildcardCache
FNDA:2,_interopRequireWildcard
FNDA:6,_classCallCheck
FNDA:2,_defineProperties
FNDA:2,_createClass
FNDA:2,_inherits
FNDA:2,_setPrototypeOf
FNDA:0,_setPrototypeOf
FNDA:2,_createSuper
FNDA:6,_createSuperInternal
FNDA:6,_possibleConstructorReturn
FNDA:0,_assertThisInitialized
FNDA:2,_isNativeReflectConstruct
FNDA:0,(anonymous_15)
FNDA:1,_getPrototypeOf
FNDA:0,_getPrototypeOf
FNDA:2,(anonymous_18)
FNDA:6,ForgotPassword
FNDA:2,_callee
FNDA:4,_callee$
FNDA:2,_callee4
FNDA:4,_callee4$
FNDA:0,_callee2
FNDA:0,_callee2$
FNDA:1,_callee3
FNDA:1,_callee3$
FNDA:1,_callee5
FNDA:2,_callee5$
FNDA:1,(anonymous_30)
FNDA:10,render
DA:1,2
DA:2,2
DA:3,2
DA:4,2
DA:5,2
DA:6,56
DA:8,2
DA:9,6
DA:10,6
DA:20,4
DA:24,6
DA:28,6
DA:29,2
DA:30,1
DA:32,0
DA:34,0
DA:37,2
DA:38,1
DA:40,1
DA:46,1
DA:52,6
DA:55,2
DA:56,1
DA:60,6
DA:64,1
DA:65,1
DA:66,1
DA:67,6
DA:70,10
DA:117,2
LF:30
LH:28
BRDA:6,0,0,4
BRDA:6,0,1,0
BRDA:6,1,0,4
BRDA:6,1,1,4
BRDA:6,2,0,0
BRDA:6,2,1,2
BRDA:6,3,0,0
BRDA:6,3,1,2
BRDA:6,4,0,2
BRDA:6,4,1,2
BRDA:6,5,0,0
BRDA:6,5,1,2
BRDA:6,6,0,2
BRDA:6,6,1,2
BRDA:6,6,2,0
BRDA:6,7,0,0
BRDA:6,7,1,2
BRDA:6,8,0,2
BRDA:6,8,1,2
BRDA:6,9,0,2
BRDA:6,9,1,2
BRDA:6,10,0,56
BRDA:6,10,1,0
BRDA:6,11,0,56
BRDA:6,11,1,0
BRDA:6,12,0,0
BRDA:6,12,1,56
BRDA:6,13,0,56
BRDA:6,13,1,56
BRDA:6,13,2,56
BRDA:6,14,0,2
BRDA:6,14,1,0
BRDA:6,15,0,0
BRDA:6,15,1,6
BRDA:6,16,0,2
BRDA:6,16,1,2
BRDA:6,17,0,2
BRDA:6,17,1,0
BRDA:6,18,0,2
BRDA:6,18,1,0
BRDA:6,19,0,0
BRDA:6,19,1,2
BRDA:6,20,0,0
BRDA:6,20,1,2
BRDA:6,21,0,2
BRDA:6,21,1,0
BRDA:6,22,0,2
BRDA:6,22,1,2
BRDA:6,23,0,2
BRDA:6,23,1,0
BRDA:6,24,0,2
BRDA:6,24,1,0
BRDA:6,25,0,6
BRDA:6,25,1,0
BRDA:6,26,0,6
BRDA:6,26,1,0
BRDA:6,27,0,6
BRDA:6,27,1,6
BRDA:6,27,2,0
BRDA:6,28,0,0
BRDA:6,28,1,0
BRDA:6,29,0,0
BRDA:6,29,1,2
BRDA:6,30,0,2
BRDA:6,30,1,2
BRDA:6,31,0,0
BRDA:6,31,1,2
BRDA:6,32,0,2
BRDA:6,32,1,0
BRDA:6,33,0,1
BRDA:6,33,1,0
BRDA:6,34,0,0
BRDA:6,34,1,0
BRDA:20,35,0,2
BRDA:20,35,1,2
BRDA:20,35,2,2
BRDA:28,36,0,2
BRDA:28,36,1,1
BRDA:28,36,2,1
BRDA:28,36,3,2
BRDA:28,36,4,2
BRDA:28,36,5,2
BRDA:29,37,0,1
BRDA:29,37,1,1
BRDA:32,38,0,0
BRDA:32,38,1,0
BRDA:32,38,2,0
BRDA:37,39,0,1
BRDA:37,39,1,1
BRDA:37,39,2,1
BRDA:37,40,0,1
BRDA:37,40,1,0
BRDA:40,41,0,0
BRDA:40,41,1,1
BRDA:55,42,0,1
BRDA:55,42,1,1
BRDA:55,42,2,1
BRDA:55,42,3,1
BRDA:90,43,0,1
BRDA:90,43,1,9
BRDA:90,44,0,0
BRDA:90,44,1,9
BRF:102
BRH:67
end_of_record
TN:
SF:src\components\pages\ForgotPasswordScreen.js
FN:2,_interopRequireDefault
FN:4,ForgotPasswordScreen
FNF:2
FNH:2
FNDA:2,_interopRequireDefault
FNDA:1,ForgotPasswordScreen
DA:1,1
DA:2,2
DA:4,1
DA:5,1
DA:10,1
LF:5
LH:5
BRDA:2,0,0,1
BRDA:2,0,1,1
BRDA:2,1,0,2
BRDA:2,1,1,2
BRF:4
BRH:4
end_of_record
TN:
SF:src\components\pages\Login.js
FN:9,_interopRequireDefault
FN:9,_getRequireWildcardCache
FN:9,_getRequireWildcardCache
FN:9,_interopRequireWildcard
FN:9,_classCallCheck
FN:9,_defineProperties
FN:9,_createClass
FN:9,_inherits
FN:9,_setPrototypeOf
FN:9,_setPrototypeOf
FN:9,_createSuper
FN:9,_createSuperInternal
FN:9,_possibleConstructorReturn
FN:9,_assertThisInitialized
FN:9,_isNativeReflectConstruct
FN:9,(anonymous_15)
FN:9,_getPrototypeOf
FN:9,_getPrototypeOf
FN:11,(anonymous_18)
FN:12,Login
FN:39,_callee
FN:39,_callee$
FN:48,_callee2
FN:48,_callee2$
FN:57,(anonymous_24)
FN:72,_callee3
FN:72,_callee3$
FN:78,_callee5
FN:78,_callee5$
FN:83,_callee4
FN:83,_callee4$
FN:88,(anonymous_31)
FN:116,_callee6
FN:116,_callee6$
FN:127,(anonymous_34)
FN:133,_callee8
FN:133,_callee8$
FN:136,_callee7
FN:136,_callee7$
FN:139,(anonymous_39)
FN:152,(anonymous_40)
FN:155,componentDidMount
FN:155,componentDidMount$
FN:155,render
FNF:44
FNH:30
FNDA:8,_interopRequireDefault
FNDA:2,_getRequireWildcardCache
FNDA:2,_getRequireWildcardCache
FNDA:4,_interopRequireWildcard
FNDA:9,_classCallCheck
FNDA:2,_defineProperties
FNDA:2,_createClass
FNDA:2,_inherits
FNDA:2,_setPrototypeOf
FNDA:0,_setPrototypeOf
FNDA:2,_createSuper
FNDA:9,_createSuperInternal
FNDA:9,_possibleConstructorReturn
FNDA:0,_assertThisInitialized
FNDA:2,_isNativeReflectConstruct
FNDA:0,(anonymous_15)
FNDA:1,_getPrototypeOf
FNDA:0,_getPrototypeOf
FNDA:2,(anonymous_18)
FNDA:9,Login
FNDA:3,_callee
FNDA:6,_callee$
FNDA:3,_callee2
FNDA:6,_callee2$
FNDA:2,(anonymous_24)
FNDA:1,_callee3
FNDA:1,_callee3$
FNDA:3,_callee5
FNDA:7,_callee5$
FNDA:0,_callee4
FNDA:0,_callee4$
FNDA:2,(anonymous_31)
FNDA:0,_callee6
FNDA:0,_callee6$
FNDA:1,(anonymous_34)
FNDA:0,_callee8
FNDA:0,_callee8$
FNDA:0,_callee7
FNDA:0,_callee7$
FNDA:0,(anonymous_39)
FNDA:0,(anonymous_40)
FNDA:9,componentDidMount
FNDA:18,componentDidMount$
FNDA:20,render
DA:1,2
DA:2,2
DA:3,2
DA:4,2
DA:5,2
DA:6,2
DA:7,2
DA:8,2
DA:9,68
DA:11,2
DA:12,9
DA:13,9
DA:39,6
DA:44,9
DA:48,6
DA:53,9
DA:58,2
DA:59,2
DA:60,1
DA:65,1
DA:69,2
DA:70,9
DA:72,1
DA:73,1
DA:74,1
DA:75,9
DA:78,10
DA:79,3
DA:80,2
DA:83,0
DA:84,0
DA:86,0
DA:89,2
DA:90,1
DA:94,2
DA:95,0
DA:99,2
DA:102,1
DA:104,1
DA:107,1
DA:113,9
DA:116,0
DA:119,0
DA:121,0
DA:123,9
DA:128,1
DA:129,1
DA:130,1
DA:131,9
DA:133,0
DA:134,0
DA:135,0
DA:136,0
DA:137,0
DA:138,0
DA:140,0
DA:141,0
DA:148,0
DA:150,0
DA:153,0
DA:155,27
DA:159,20
DA:245,2
LF:63
LH:45
BRDA:9,0,0,6
BRDA:9,0,1,2
BRDA:9,1,0,8
BRDA:9,1,1,8
BRDA:9,2,0,0
BRDA:9,2,1,2
BRDA:9,3,0,0
BRDA:9,3,1,4
BRDA:9,4,0,4
BRDA:9,4,1,4
BRDA:9,5,0,0
BRDA:9,5,1,4
BRDA:9,6,0,4
BRDA:9,6,1,4
BRDA:9,6,2,0
BRDA:9,7,0,0
BRDA:9,7,1,4
BRDA:9,8,0,4
BRDA:9,8,1,4
BRDA:9,9,0,4
BRDA:9,9,1,4
BRDA:9,10,0,68
BRDA:9,10,1,0
BRDA:9,11,0,68
BRDA:9,11,1,0
BRDA:9,12,0,0
BRDA:9,12,1,68
BRDA:9,13,0,68
BRDA:9,13,1,68
BRDA:9,13,2,68
BRDA:9,14,0,4
BRDA:9,14,1,0
BRDA:9,15,0,0
BRDA:9,15,1,9
BRDA:9,16,0,4
BRDA:9,16,1,4
BRDA:9,17,0,4
BRDA:9,17,1,0
BRDA:9,18,0,2
BRDA:9,18,1,0
BRDA:9,19,0,0
BRDA:9,19,1,2
BRDA:9,20,0,0
BRDA:9,20,1,2
BRDA:9,21,0,2
BRDA:9,21,1,0
BRDA:9,22,0,2
BRDA:9,22,1,2
BRDA:9,23,0,2
BRDA:9,23,1,0
BRDA:9,24,0,2
BRDA:9,24,1,0
BRDA:9,25,0,9
BRDA:9,25,1,0
BRDA:9,26,0,9
BRDA:9,26,1,0
BRDA:9,27,0,9
BRDA:9,27,1,9
BRDA:9,27,2,0
BRDA:9,28,0,0
BRDA:9,28,1,0
BRDA:9,29,0,0
BRDA:9,29,1,2
BRDA:9,30,0,2
BRDA:9,30,1,2
BRDA:9,31,0,0
BRDA:9,31,1,2
BRDA:9,32,0,2
BRDA:9,32,1,0
BRDA:9,33,0,1
BRDA:9,33,1,0
BRDA:9,34,0,0
BRDA:9,34,1,0
BRDA:39,35,0,3
BRDA:39,35,1,3
BRDA:39,35,2,3
BRDA:48,36,0,3
BRDA:48,36,1,3
BRDA:48,36,2,3
BRDA:59,37,0,1
BRDA:59,37,1,1
BRDA:69,38,0,0
BRDA:69,38,1,2
BRDA:72,39,0,1
BRDA:72,39,1,1
BRDA:72,39,2,1
BRDA:78,40,0,3
BRDA:78,40,1,2
BRDA:78,40,2,1
BRDA:78,40,3,1
BRDA:78,40,4,3
BRDA:78,40,5,3
BRDA:78,40,6,3
BRDA:79,41,0,1
BRDA:79,41,1,2
BRDA:80,42,0,3
BRDA:80,42,1,2
BRDA:83,43,0,0
BRDA:83,43,1,0
BRDA:83,43,2,0
BRDA:83,43,3,0
BRDA:89,44,0,1
BRDA:89,44,1,1
BRDA:94,45,0,0
BRDA:94,45,1,2
BRDA:99,46,0,0
BRDA:99,46,1,1
BRDA:104,47,0,0
BRDA:104,47,1,1
BRDA:116,48,0,0
BRDA:116,48,1,0
BRDA:116,48,2,0
BRDA:116,48,3,0
BRDA:116,48,4,0
BRDA:116,48,5,0
BRDA:133,49,0,0
BRDA:133,49,1,0
BRDA:133,49,2,0
BRDA:136,50,0,0
BRDA:136,50,1,0
BRDA:136,50,2,0
BRDA:136,50,3,0
BRDA:140,51,0,0
BRDA:140,51,1,0
BRDA:155,52,0,9
BRDA:155,52,1,9
BRDA:155,52,2,0
BRDA:155,52,3,9
BRDA:155,52,4,9
BRDA:155,53,0,0
BRDA:155,53,1,9
BRDA:179,54,0,2
BRDA:179,54,1,18
BRDA:179,55,0,1
BRDA:179,55,1,17
BRDA:189,56,0,19
BRDA:189,56,1,1
BRDA:206,57,0,1
BRDA:206,57,1,19
BRDA:206,58,0,0
BRDA:206,58,1,19
BRF:141
BRH:87
end_of_record
TN:
SF:src\components\pages\LoginScreen.js
FN:2,_interopRequireDefault
FN:4,LoginScreen
FNF:2
FNH:2
FNDA:2,_interopRequireDefault
FNDA:1,LoginScreen
DA:1,1
DA:2,2
DA:4,1
DA:5,1
DA:10,1
LF:5
LH:5
BRDA:2,0,0,1
BRDA:2,0,1,1
BRDA:2,1,0,2
BRDA:2,1,1,2
BRF:4
BRH:4
end_of_record
TN:
SF:src\components\pages\Register.js
FN:6,_interopRequireDefault
FN:6,_getRequireWildcardCache
FN:6,_getRequireWildcardCache
FN:6,_interopRequireWildcard
FN:6,_classCallCheck
FN:6,_defineProperties
FN:6,_createClass
FN:6,_inherits
FN:6,_setPrototypeOf
FN:6,_setPrototypeOf
FN:6,_createSuper
FN:6,_createSuperInternal
FN:6,_possibleConstructorReturn
FN:6,_assertThisInitialized
FN:6,_isNativeReflectConstruct
FN:6,(anonymous_15)
FN:6,_getPrototypeOf
FN:6,_getPrototypeOf
FN:8,(anonymous_18)
FN:9,Register
FN:35,_callee
FN:35,_callee$
FN:43,_callee2
FN:43,_callee2$
FN:51,_callee3
FN:51,_callee3$
FN:60,_callee4
FN:60,_callee4$
FN:71,_callee5
FN:71,_callee5$
FN:79,(anonymous_30)
FN:93,(anonymous_31)
FN:107,(anonymous_32)
FN:121,(anonymous_33)
FN:135,(anonymous_34)
FN:148,(anonymous_35)
FN:163,(anonymous_36)
FN:178,(anonymous_37)
FN:184,_callee7
FN:184,_callee7$
FN:197,_callee6
FN:197,_callee6$
FN:207,(anonymous_42)
FN:245,_callee8
FN:245,_callee8$
FN:253,(anonymous_45)
FN:257,render
FNF:47
FNH:40
FNDA:4,_interopRequireDefault
FNDA:2,_getRequireWildcardCache
FNDA:0,_getRequireWildcardCache
FNDA:2,_interopRequireWildcard
FNDA:25,_classCallCheck
FNDA:2,_defineProperties
FNDA:2,_createClass
FNDA:2,_inherits
FNDA:2,_setPrototypeOf
FNDA:0,_setPrototypeOf
FNDA:2,_createSuper
FNDA:25,_createSuperInternal
FNDA:25,_possibleConstructorReturn
FNDA:0,_assertThisInitialized
FNDA:2,_isNativeReflectConstruct
FNDA:0,(anonymous_15)
FNDA:1,_getPrototypeOf
FNDA:0,_getPrototypeOf
FNDA:2,(anonymous_18)
FNDA:25,Register
FNDA:3,_callee
FNDA:6,_callee$
FNDA:3,_callee2
FNDA:6,_callee2$
FNDA:3,_callee3
FNDA:6,_callee3$
FNDA:5,_callee4
FNDA:10,_callee4$
FNDA:4,_callee5
FNDA:8,_callee5$
FNDA:5,(anonymous_30)
FNDA:5,(anonymous_31)
FNDA:5,(anonymous_32)
FNDA:7,(anonymous_33)
FNDA:10,(anonymous_34)
FNDA:2,(anonymous_35)
FNDA:2,(anonymous_36)
FNDA:1,(anonymous_37)
FNDA:3,_callee7
FNDA:10,_callee7$
FNDA:0,_callee6
FNDA:0,_callee6$
FNDA:2,(anonymous_42)
FNDA:1,_callee8
FNDA:2,_callee8$
FNDA:1,(anonymous_45)
FNDA:98,render
DA:1,2
DA:2,2
DA:3,2
DA:4,2
DA:5,2
DA:6,56
DA:8,2
DA:9,25
DA:10,25
DA:35,6
DA:40,25
DA:43,6
DA:48,25
DA:51,6
DA:57,25
DA:60,10
DA:65,5
DA:66,5
DA:67,4
DA:68,25
DA:71,8
DA:76,25
DA:80,5
DA:81,5
DA:82,4
DA:87,1
DA:91,25
DA:94,5
DA:95,5
DA:96,4
DA:101,1
DA:105,25
DA:108,5
DA:109,5
DA:110,4
DA:115,1
DA:119,25
DA:122,7
DA:123,7
DA:124,6
DA:129,1
DA:133,25
DA:136,10
DA:137,8
DA:142,2
DA:146,25
DA:149,2
DA:150,2
DA:151,1
DA:156,1
DA:160,2
DA:161,25
DA:164,2
DA:165,2
DA:166,1
DA:171,1
DA:175,2
DA:176,25
DA:179,1
DA:180,1
DA:181,1
DA:182,25
DA:184,13
DA:185,3
DA:195,2
DA:197,0
DA:201,0
DA:205,0
DA:208,2
DA:209,1
DA:213,2
DA:216,1
DA:218,1
DA:221,1
DA:223,1
DA:226,1
DA:228,1
DA:231,1
DA:233,1
DA:236,1
DA:242,25
DA:245,2
DA:246,1
DA:250,25
DA:254,1
DA:255,1
DA:256,1
DA:257,25
DA:260,98
DA:388,2
LF:90
LH:87
BRDA:6,0,0,4
BRDA:6,0,1,0
BRDA:6,1,0,4
BRDA:6,1,1,4
BRDA:6,2,0,0
BRDA:6,2,1,2
BRDA:6,3,0,0
BRDA:6,3,1,2
BRDA:6,4,0,2
BRDA:6,4,1,2
BRDA:6,5,0,0
BRDA:6,5,1,2
BRDA:6,6,0,2
BRDA:6,6,1,2
BRDA:6,6,2,0
BRDA:6,7,0,0
BRDA:6,7,1,2
BRDA:6,8,0,2
BRDA:6,8,1,2
BRDA:6,9,0,2
BRDA:6,9,1,2
BRDA:6,10,0,56
BRDA:6,10,1,0
BRDA:6,11,0,56
BRDA:6,11,1,0
BRDA:6,12,0,0
BRDA:6,12,1,56
BRDA:6,13,0,56
BRDA:6,13,1,56
BRDA:6,13,2,56
BRDA:6,14,0,2
BRDA:6,14,1,0
BRDA:6,15,0,0
BRDA:6,15,1,25
BRDA:6,16,0,2
BRDA:6,16,1,2
BRDA:6,17,0,2
BRDA:6,17,1,0
BRDA:6,18,0,2
BRDA:6,18,1,0
BRDA:6,19,0,0
BRDA:6,19,1,2
BRDA:6,20,0,0
BRDA:6,20,1,2
BRDA:6,21,0,2
BRDA:6,21,1,0
BRDA:6,22,0,2
BRDA:6,22,1,2
BRDA:6,23,0,2
BRDA:6,23,1,0
BRDA:6,24,0,2
BRDA:6,24,1,0
BRDA:6,25,0,25
BRDA:6,25,1,0
BRDA:6,26,0,25
BRDA:6,26,1,0
BRDA:6,27,0,25
BRDA:6,27,1,25
BRDA:6,27,2,0
BRDA:6,28,0,0
BRDA:6,28,1,0
BRDA:6,29,0,0
BRDA:6,29,1,2
BRDA:6,30,0,2
BRDA:6,30,1,2
BRDA:6,31,0,0
BRDA:6,31,1,2
BRDA:6,32,0,2
BRDA:6,32,1,0
BRDA:6,33,0,1
BRDA:6,33,1,0
BRDA:6,34,0,0
BRDA:6,34,1,0
BRDA:35,35,0,3
BRDA:35,35,1,3
BRDA:35,35,2,3
BRDA:35,35,3,3
BRDA:43,36,0,3
BRDA:43,36,1,3
BRDA:43,36,2,3
BRDA:43,36,3,3
BRDA:51,37,0,3
BRDA:51,37,1,3
BRDA:51,37,2,3
BRDA:51,37,3,3
BRDA:60,38,0,5
BRDA:60,38,1,5
BRDA:60,38,2,5
BRDA:60,38,3,5
BRDA:66,39,0,4
BRDA:66,39,1,1
BRDA:71,40,0,4
BRDA:71,40,1,4
BRDA:71,40,2,4
BRDA:71,40,3,4
BRDA:81,41,0,4
BRDA:81,41,1,1
BRDA:95,42,0,4
BRDA:95,42,1,1
BRDA:109,43,0,4
BRDA:109,43,1,1
BRDA:123,44,0,6
BRDA:123,44,1,1
BRDA:136,45,0,8
BRDA:136,45,1,2
BRDA:150,46,0,1
BRDA:150,46,1,1
BRDA:160,47,0,0
BRDA:160,47,1,2
BRDA:165,48,0,1
BRDA:165,48,1,1
BRDA:175,49,0,0
BRDA:175,49,1,2
BRDA:184,50,0,3
BRDA:184,50,1,2
BRDA:184,50,2,1
BRDA:184,50,3,1
BRDA:184,50,4,1
BRDA:184,50,5,1
BRDA:184,50,6,1
BRDA:184,50,7,3
BRDA:184,50,8,3
BRDA:184,50,9,3
BRDA:185,51,0,1
BRDA:185,51,1,2
BRDA:186,52,0,3
BRDA:186,52,1,2
BRDA:186,52,2,2
BRDA:186,52,3,2
BRDA:186,52,4,2
BRDA:186,52,5,2
BRDA:186,52,6,2
BRDA:186,52,7,2
BRDA:186,52,8,2
BRDA:186,52,9,2
BRDA:197,53,0,0
BRDA:197,53,1,0
BRDA:197,53,2,0
BRDA:197,53,3,0
BRDA:208,54,0,1
BRDA:208,54,1,1
BRDA:213,55,0,0
BRDA:213,55,1,1
BRDA:218,56,0,0
BRDA:218,56,1,1
BRDA:223,57,0,0
BRDA:223,57,1,1
BRDA:228,58,0,0
BRDA:228,58,1,1
BRDA:233,59,0,0
BRDA:233,59,1,1
BRDA:245,60,0,1
BRDA:245,60,1,1
BRDA:245,60,2,1
BRDA:245,60,3,1
BRDA:280,61,0,5
BRDA:280,61,1,93
BRDA:280,62,0,92
BRDA:280,62,1,1
BRDA:292,63,0,4
BRDA:292,63,1,94
BRDA:292,64,0,93
BRDA:292,64,1,1
BRDA:304,65,0,3
BRDA:304,65,1,95
BRDA:304,66,0,94
BRDA:304,66,1,1
BRDA:304,67,0,1
BRDA:304,67,1,93
BRDA:314,68,0,97
BRDA:314,68,1,1
BRDA:331,69,0,2
BRDA:331,69,1,96
BRDA:331,70,0,95
BRDA:331,70,1,1
BRDA:341,71,0,97
BRDA:341,71,1,1
BRDA:357,72,0,1
BRDA:357,72,1,97
BRDA:357,73,0,95
BRDA:357,73,1,2
BRF:181
BRH:141
end_of_record
TN:
SF:src\components\pages\RegisterScreen.js
FN:2,_interopRequireDefault
FN:4,RegisterScreen
FNF:2
FNH:2
FNDA:2,_interopRequireDefault
FNDA:1,RegisterScreen
DA:1,1
DA:2,2
DA:4,1
DA:5,1
DA:10,1
LF:5
LH:5
BRDA:2,0,0,1
BRDA:2,0,1,1
BRDA:2,1,0,2
BRDA:2,1,1,2
BRF:4
BRH:4
end_of_record
TN:
SF:src\styles\AddNoteScreen.styles.js
FNF:0
FNH:0
DA:1,1
DA:3,1
DA:44,1
LF:3
LH:3
BRF:0
BRH:0
end_of_record
TN:
SF:src\styles\BottomBar.styles.js
FNF:0
FNH:0
DA:1,1
DA:3,1
DA:34,1
LF:3
LH:3
BRF:0
BRH:0
end_of_record
TN:
SF:src\styles\DeletedScreen.style.js
FNF:0
FNH:0
DA:1,1
DA:3,1
DA:24,1
LF:3
LH:3
BRF:0
BRH:0
end_of_record
TN:
SF:src\styles\DrawerContent.styles.js
FNF:0
FNH:0
DA:1,1
DA:3,1
DA:25,1
LF:3
LH:3
BRF:0
BRH:0
end_of_record
TN:
SF:src\styles\ForgotPassword.styles.js
FNF:0
FNH:0
DA:1,2
DA:3,2
DA:88,2
LF:3
LH:3
BRF:0
BRH:0
end_of_record
TN:
SF:src\styles\Login.styles.js
FNF:0
FNH:0
DA:1,2
DA:3,2
DA:143,2
LF:3
LH:3
BRF:0
BRH:0
end_of_record
TN:
SF:src\styles\NoteCard.style.js
FNF:0
FNH:0
DA:1,3
DA:3,3
DA:43,3
LF:3
LH:3
BRF:0
BRH:0
end_of_record
TN:
SF:src\styles\NoteView.style.js
FNF:0
FNH:0
DA:1,1
DA:3,1
DA:14,1
LF:3
LH:3
BRF:0
BRH:0
end_of_record
TN:
SF:src\styles\RBSheetProfileOption.styles.js
FNF:0
FNH:0
DA:1,1
DA:3,1
DA:16,1
LF:3
LH:3
BRF:0
BRH:0
end_of_record
TN:
SF:src\styles\Register.styles.js
FNF:0
FNH:0
DA:1,2
DA:3,2
DA:114,2
LF:3
LH:3
BRF:0
BRH:0
end_of_record
TN:
SF:src\styles\SearchNoteScreen.styles.js
FNF:0
FNH:0
DA:1,1
DA:3,1
DA:55,1
LF:3
LH:3
BRF:0
BRH:0
end_of_record
TN:
SF:src\styles\TopBar.style.js
FNF:0
FNH:0
DA:1,1
DA:3,1
DA:28,1
LF:3
LH:3
BRF:0
BRH:0
end_of_record
