TN:
SF:config\Firebase.js
FN:1,_interopRequireDefault
FNF:1
FNH:1
FNDA:6,_interopRequireDefault
DA:1,6
DA:13,6
DA:24,6
DA:26,6
LF:4
LH:4
BRDA:1,0,0,6
BRDA:1,0,1,0
BRDA:1,1,0,6
BRDA:1,1,1,6
BRF:4
BRH:3
end_of_record
TN:
SF:services\SocialServices.js
FN:2,_interopRequireDefault
FN:2,_classCallCheck
FN:4,SocialServices
FN:5,(anonymous_3)
FN:6,_callee
FN:6,_callee$
FN:17,(anonymous_6)
FN:18,(anonymous_7)
FNF:8
FNH:6
FNDA:2,_interopRequireDefault
FNDA:2,_classCallCheck
FNDA:2,SocialServices
FNDA:2,(anonymous_3)
FNDA:2,_callee
FNDA:4,_callee$
FNDA:0,(anonymous_6)
FNDA:0,(anonymous_7)
DA:1,2
DA:2,2
DA:4,2
DA:6,4
DA:7,0
DA:8,0
DA:9,0
DA:10,0
DA:11,0
DA:12,0
DA:13,0
DA:15,0
DA:16,0
DA:17,0
DA:19,0
DA:20,2
DA:25,2
LF:17
LH:6
BRDA:2,0,0,2
BRDA:2,0,1,0
BRDA:2,1,0,2
BRDA:2,1,1,2
BRDA:2,2,0,0
BRDA:2,2,1,2
BRDA:6,3,0,2
BRDA:6,3,1,0
BRDA:6,3,2,0
BRDA:6,3,3,0
BRDA:6,3,4,2
BRDA:8,4,0,0
BRDA:8,4,1,0
BRDA:12,5,0,0
BRDA:12,5,1,0
BRF:15
BRH:6
end_of_record
TN:
SF:services\UserServices.js
FN:1,_interopRequireDefault
FN:1,_classCallCheck
FN:1,_defineProperties
FN:1,_createClass
FN:3,(anonymous_4)
FN:3,UserServices
FN:3,register
FN:5,(anonymous_7)
FN:7,(anonymous_8)
FN:8,(anonymous_9)
FN:15,login
FN:18,(anonymous_11)
FN:20,(anonymous_12)
FN:21,(anonymous_13)
FN:31,forgotPassword
FN:34,(anonymous_15)
FN:36,(anonymous_16)
FN:37,(anonymous_17)
FNF:18
FNH:18
FNDA:6,_interopRequireDefault
FNDA:6,_classCallCheck
FNDA:6,_defineProperties
FNDA:6,_createClass
FNDA:6,(anonymous_4)
FNDA:6,UserServices
FNDA:4,register
FNDA:4,(anonymous_7)
FNDA:1,(anonymous_8)
FNDA:3,(anonymous_9)
FNDA:6,login
FNDA:6,(anonymous_11)
FNDA:2,(anonymous_12)
FNDA:4,(anonymous_13)
FNDA:4,forgotPassword
FNDA:4,(anonymous_15)
FNDA:2,(anonymous_16)
FNDA:2,(anonymous_17)
DA:1,18
DA:3,6
DA:5,4
DA:6,4
DA:7,1
DA:9,3
DA:10,3
DA:18,6
DA:19,6
DA:20,2
DA:22,4
DA:23,2
DA:25,4
DA:26,2
DA:34,4
DA:35,4
DA:36,2
DA:38,2
DA:39,2
DA:44,6
DA:47,6
LF:21
LH:21
BRDA:1,0,0,6
BRDA:1,0,1,0
BRDA:1,1,0,6
BRDA:1,1,1,6
BRDA:1,2,0,0
BRDA:1,2,1,6
BRDA:1,3,0,18
BRDA:1,3,1,18
BRDA:1,4,0,18
BRDA:1,4,1,0
BRDA:1,5,0,6
BRDA:1,5,1,0
BRDA:1,6,0,0
BRDA:1,6,1,6
BRDA:9,7,0,3
BRDA:9,7,1,0
BRDA:22,8,0,2
BRDA:22,8,1,2
BRDA:25,9,0,2
BRDA:25,9,1,2
BRDA:38,10,0,2
BRDA:38,10,1,0
BRF:22
BRH:15
end_of_record
TN:
SF:src\assets\app-logo.png
FNF:0
FNH:0
DA:1,3
LF:1
LH:1
BRF:0
BRH:0
end_of_record
TN:
SF:src\assets\eye-off.png
FNF:0
FNH:0
DA:1,2
LF:1
LH:1
BRF:0
BRH:0
end_of_record
TN:
SF:src\assets\eye.png
FNF:0
FNH:0
DA:1,2
LF:1
LH:1
BRF:0
BRH:0
end_of_record
TN:
SF:src\components\ForgotPassword.js
FN:4,_interopRequireDefault
FN:4,_getRequireWildcardCache
FN:4,_getRequireWildcardCache
FN:4,_interopRequireWildcard
FN:4,_classCallCheck
FN:4,_defineProperties
FN:4,_createClass
FN:4,_inherits
FN:4,_setPrototypeOf
FN:4,_setPrototypeOf
FN:4,_createSuper
FN:4,_createSuperInternal
FN:4,_possibleConstructorReturn
FN:4,_assertThisInitialized
FN:4,_isNativeReflectConstruct
FN:4,(anonymous_15)
FN:4,_getPrototypeOf
FN:4,_getPrototypeOf
FN:6,(anonymous_18)
FN:7,ForgotPassword
FN:17,_callee
FN:17,_callee$
FN:25,_callee2
FN:25,_callee2$
FN:29,(anonymous_24)
FN:33,(anonymous_25)
FN:48,render
FNF:27
FNH:22
FNDA:4,_interopRequireDefault
FNDA:2,_getRequireWildcardCache
FNDA:0,_getRequireWildcardCache
FNDA:2,_interopRequireWildcard
FNDA:5,_classCallCheck
FNDA:2,_defineProperties
FNDA:2,_createClass
FNDA:2,_inherits
FNDA:2,_setPrototypeOf
FNDA:0,_setPrototypeOf
FNDA:2,_createSuper
FNDA:5,_createSuperInternal
FNDA:5,_possibleConstructorReturn
FNDA:0,_assertThisInitialized
FNDA:2,_isNativeReflectConstruct
FNDA:0,(anonymous_15)
FNDA:1,_getPrototypeOf
FNDA:0,_getPrototypeOf
FNDA:2,(anonymous_18)
FNDA:5,ForgotPassword
FNDA:3,_callee
FNDA:6,_callee$
FNDA:3,_callee2
FNDA:6,_callee2$
FNDA:1,(anonymous_24)
FNDA:1,(anonymous_25)
FNDA:10,render
DA:1,2
DA:2,2
DA:3,2
DA:4,56
DA:6,2
DA:7,5
DA:8,5
DA:17,6
DA:21,5
DA:25,9
DA:26,3
DA:27,2
DA:31,1
DA:34,1
DA:35,1
DA:39,2
DA:42,1
DA:48,5
DA:52,10
DA:85,2
LF:20
LH:20
BRDA:4,0,0,4
BRDA:4,0,1,0
BRDA:4,1,0,4
BRDA:4,1,1,4
BRDA:4,2,0,0
BRDA:4,2,1,2
BRDA:4,3,0,0
BRDA:4,3,1,2
BRDA:4,4,0,2
BRDA:4,4,1,2
BRDA:4,5,0,0
BRDA:4,5,1,2
BRDA:4,6,0,2
BRDA:4,6,1,2
BRDA:4,6,2,0
BRDA:4,7,0,0
BRDA:4,7,1,2
BRDA:4,8,0,2
BRDA:4,8,1,2
BRDA:4,9,0,2
BRDA:4,9,1,2
BRDA:4,10,0,56
BRDA:4,10,1,0
BRDA:4,11,0,56
BRDA:4,11,1,0
BRDA:4,12,0,0
BRDA:4,12,1,56
BRDA:4,13,0,56
BRDA:4,13,1,56
BRDA:4,13,2,56
BRDA:4,14,0,2
BRDA:4,14,1,0
BRDA:4,15,0,0
BRDA:4,15,1,5
BRDA:4,16,0,2
BRDA:4,16,1,2
BRDA:4,17,0,2
BRDA:4,17,1,0
BRDA:4,18,0,2
BRDA:4,18,1,0
BRDA:4,19,0,0
BRDA:4,19,1,2
BRDA:4,20,0,0
BRDA:4,20,1,2
BRDA:4,21,0,2
BRDA:4,21,1,0
BRDA:4,22,0,2
BRDA:4,22,1,2
BRDA:4,23,0,2
BRDA:4,23,1,0
BRDA:4,24,0,2
BRDA:4,24,1,0
BRDA:4,25,0,5
BRDA:4,25,1,0
BRDA:4,26,0,5
BRDA:4,26,1,0
BRDA:4,27,0,5
BRDA:4,27,1,5
BRDA:4,27,2,0
BRDA:4,28,0,0
BRDA:4,28,1,0
BRDA:4,29,0,0
BRDA:4,29,1,2
BRDA:4,30,0,2
BRDA:4,30,1,2
BRDA:4,31,0,0
BRDA:4,31,1,2
BRDA:4,32,0,2
BRDA:4,32,1,0
BRDA:4,33,0,1
BRDA:4,33,1,0
BRDA:4,34,0,0
BRDA:4,34,1,0
BRDA:17,35,0,3
BRDA:17,35,1,3
BRDA:17,35,2,3
BRDA:25,36,0,3
BRDA:25,36,1,2
BRDA:25,36,2,1
BRDA:25,36,3,3
BRDA:25,36,4,3
BRDA:25,36,5,3
BRDA:26,37,0,1
BRDA:26,37,1,2
BRDA:34,38,0,1
BRDA:34,38,1,0
BRDA:39,39,0,0
BRDA:39,39,1,1
BRDA:71,40,0,1
BRDA:71,40,1,9
BRDA:71,41,0,1
BRDA:71,41,1,8
BRF:92
BRH:61
end_of_record
TN:
SF:src\components\ForgotPasswordScreen.js
FN:2,_interopRequireDefault
FN:4,ForgotPasswordScreen
FNF:2
FNH:2
FNDA:2,_interopRequireDefault
FNDA:1,ForgotPasswordScreen
DA:1,1
DA:2,2
DA:4,1
DA:5,1
DA:10,1
LF:5
LH:5
BRDA:2,0,0,1
BRDA:2,0,1,1
BRDA:2,1,0,2
BRDA:2,1,1,2
BRF:4
BRH:4
end_of_record
TN:
SF:src\components\Login.js
FN:6,_interopRequireDefault
FN:6,_getRequireWildcardCache
FN:6,_getRequireWildcardCache
FN:6,_interopRequireWildcard
FN:6,_classCallCheck
FN:6,_defineProperties
FN:6,_createClass
FN:6,_inherits
FN:6,_setPrototypeOf
FN:6,_setPrototypeOf
FN:6,_createSuper
FN:6,_createSuperInternal
FN:6,_possibleConstructorReturn
FN:6,_assertThisInitialized
FN:6,_isNativeReflectConstruct
FN:6,(anonymous_15)
FN:6,_getPrototypeOf
FN:6,_getPrototypeOf
FN:8,(anonymous_18)
FN:9,Login
FN:23,_callee
FN:23,_callee$
FN:32,_callee2
FN:32,_callee2$
FN:41,(anonymous_24)
FN:56,_callee3
FN:56,_callee3$
FN:62,_callee4
FN:62,_callee4$
FN:67,(anonymous_29)
FN:70,(anonymous_30)
FN:98,(anonymous_31)
FN:104,_callee5
FN:104,_callee5$
FN:107,(anonymous_34)
FN:108,(anonymous_35)
FN:111,render
FNF:37
FNH:30
FNDA:6,_interopRequireDefault
FNDA:2,_getRequireWildcardCache
FNDA:0,_getRequireWildcardCache
FNDA:2,_interopRequireWildcard
FNDA:11,_classCallCheck
FNDA:2,_defineProperties
FNDA:2,_createClass
FNDA:2,_inherits
FNDA:2,_setPrototypeOf
FNDA:0,_setPrototypeOf
FNDA:2,_createSuper
FNDA:11,_createSuperInternal
FNDA:11,_possibleConstructorReturn
FNDA:0,_assertThisInitialized
FNDA:2,_isNativeReflectConstruct
FNDA:0,(anonymous_15)
FNDA:1,_getPrototypeOf
FNDA:0,_getPrototypeOf
FNDA:2,(anonymous_18)
FNDA:11,Login
FNDA:4,_callee
FNDA:8,_callee$
FNDA:4,_callee2
FNDA:8,_callee2$
FNDA:2,(anonymous_24)
FNDA:1,_callee3
FNDA:1,_callee3$
FNDA:4,_callee4
FNDA:9,_callee4$
FNDA:1,(anonymous_29)
FNDA:2,(anonymous_30)
FNDA:1,(anonymous_31)
FNDA:1,_callee5
FNDA:1,_callee5$
FNDA:0,(anonymous_34)
FNDA:0,(anonymous_35)
FNDA:25,render
DA:1,2
DA:2,2
DA:3,2
DA:4,2
DA:5,2
DA:6,56
DA:8,2
DA:9,11
DA:10,11
DA:23,8
DA:28,11
DA:32,8
DA:37,11
DA:42,2
DA:43,2
DA:44,1
DA:49,1
DA:53,2
DA:54,11
DA:56,1
DA:57,1
DA:58,1
DA:59,11
DA:62,13
DA:63,4
DA:64,3
DA:68,1
DA:71,2
DA:72,1
DA:76,2
DA:77,1
DA:81,3
DA:84,1
DA:86,1
DA:89,1
DA:95,11
DA:99,1
DA:100,1
DA:101,1
DA:102,11
DA:104,1
DA:105,1
DA:106,1
DA:107,0
DA:109,0
DA:111,11
DA:115,25
DA:200,2
LF:48
LH:46
BRDA:6,0,0,6
BRDA:6,0,1,0
BRDA:6,1,0,6
BRDA:6,1,1,6
BRDA:6,2,0,0
BRDA:6,2,1,2
BRDA:6,3,0,0
BRDA:6,3,1,2
BRDA:6,4,0,2
BRDA:6,4,1,2
BRDA:6,5,0,0
BRDA:6,5,1,2
BRDA:6,6,0,2
BRDA:6,6,1,2
BRDA:6,6,2,0
BRDA:6,7,0,0
BRDA:6,7,1,2
BRDA:6,8,0,2
BRDA:6,8,1,2
BRDA:6,9,0,2
BRDA:6,9,1,2
BRDA:6,10,0,56
BRDA:6,10,1,0
BRDA:6,11,0,56
BRDA:6,11,1,0
BRDA:6,12,0,0
BRDA:6,12,1,56
BRDA:6,13,0,56
BRDA:6,13,1,56
BRDA:6,13,2,56
BRDA:6,14,0,2
BRDA:6,14,1,0
BRDA:6,15,0,0
BRDA:6,15,1,11
BRDA:6,16,0,2
BRDA:6,16,1,2
BRDA:6,17,0,2
BRDA:6,17,1,0
BRDA:6,18,0,2
BRDA:6,18,1,0
BRDA:6,19,0,0
BRDA:6,19,1,2
BRDA:6,20,0,0
BRDA:6,20,1,2
BRDA:6,21,0,2
BRDA:6,21,1,0
BRDA:6,22,0,2
BRDA:6,22,1,2
BRDA:6,23,0,2
BRDA:6,23,1,0
BRDA:6,24,0,2
BRDA:6,24,1,0
BRDA:6,25,0,11
BRDA:6,25,1,0
BRDA:6,26,0,11
BRDA:6,26,1,0
BRDA:6,27,0,11
BRDA:6,27,1,11
BRDA:6,27,2,0
BRDA:6,28,0,0
BRDA:6,28,1,0
BRDA:6,29,0,0
BRDA:6,29,1,2
BRDA:6,30,0,2
BRDA:6,30,1,2
BRDA:6,31,0,0
BRDA:6,31,1,2
BRDA:6,32,0,2
BRDA:6,32,1,0
BRDA:6,33,0,1
BRDA:6,33,1,0
BRDA:6,34,0,0
BRDA:6,34,1,0
BRDA:23,35,0,4
BRDA:23,35,1,4
BRDA:23,35,2,4
BRDA:32,36,0,4
BRDA:32,36,1,4
BRDA:32,36,2,4
BRDA:43,37,0,1
BRDA:43,37,1,1
BRDA:53,38,0,0
BRDA:53,38,1,2
BRDA:56,39,0,1
BRDA:56,39,1,1
BRDA:56,39,2,1
BRDA:62,40,0,4
BRDA:62,40,1,3
BRDA:62,40,2,1
BRDA:62,40,3,1
BRDA:62,40,4,4
BRDA:62,40,5,4
BRDA:62,40,6,4
BRDA:63,41,0,1
BRDA:63,41,1,3
BRDA:64,42,0,4
BRDA:64,42,1,3
BRDA:71,43,0,1
BRDA:71,43,1,1
BRDA:76,44,0,1
BRDA:76,44,1,1
BRDA:81,45,0,0
BRDA:81,45,1,1
BRDA:86,46,0,0
BRDA:86,46,1,1
BRDA:104,47,0,1
BRDA:104,47,1,1
BRDA:104,47,2,1
BRDA:134,48,0,2
BRDA:134,48,1,23
BRDA:134,49,0,1
BRDA:134,49,1,22
BRDA:144,50,0,24
BRDA:144,50,1,1
BRDA:161,51,0,1
BRDA:161,51,1,24
BRDA:161,52,0,1
BRDA:161,52,1,23
BRF:118
BRH:86
end_of_record
TN:
SF:src\components\LoginScreen.js
FN:2,_interopRequireDefault
FN:4,LoginScreen
FNF:2
FNH:2
FNDA:2,_interopRequireDefault
FNDA:1,LoginScreen
DA:1,1
DA:2,2
DA:4,1
DA:5,1
DA:10,1
LF:5
LH:5
BRDA:2,0,0,1
BRDA:2,0,1,1
BRDA:2,1,0,2
BRDA:2,1,1,2
BRF:4
BRH:4
end_of_record
TN:
SF:src\components\Register.js
FN:5,_interopRequireDefault
FN:5,_getRequireWildcardCache
FN:5,_getRequireWildcardCache
FN:5,_interopRequireWildcard
FN:5,_classCallCheck
FN:5,_defineProperties
FN:5,_createClass
FN:5,_inherits
FN:5,_setPrototypeOf
FN:5,_setPrototypeOf
FN:5,_createSuper
FN:5,_createSuperInternal
FN:5,_possibleConstructorReturn
FN:5,_assertThisInitialized
FN:5,_isNativeReflectConstruct
FN:5,(anonymous_15)
FN:5,_getPrototypeOf
FN:5,_getPrototypeOf
FN:7,(anonymous_18)
FN:8,Register
FN:33,_callee
FN:33,_callee$
FN:41,_callee2
FN:41,_callee2$
FN:49,_callee3
FN:49,_callee3$
FN:58,_callee4
FN:58,_callee4$
FN:69,_callee5
FN:69,_callee5$
FN:77,(anonymous_30)
FN:91,(anonymous_31)
FN:105,(anonymous_32)
FN:119,(anonymous_33)
FN:133,(anonymous_34)
FN:146,(anonymous_35)
FN:161,(anonymous_36)
FN:176,(anonymous_37)
FN:182,_callee6
FN:182,_callee6$
FN:195,(anonymous_40)
FN:200,(anonymous_41)
FN:235,render
FNF:43
FNH:38
FNDA:6,_interopRequireDefault
FNDA:2,_getRequireWildcardCache
FNDA:0,_getRequireWildcardCache
FNDA:2,_interopRequireWildcard
FNDA:23,_classCallCheck
FNDA:2,_defineProperties
FNDA:2,_createClass
FNDA:2,_inherits
FNDA:2,_setPrototypeOf
FNDA:0,_setPrototypeOf
FNDA:2,_createSuper
FNDA:23,_createSuperInternal
FNDA:23,_possibleConstructorReturn
FNDA:0,_assertThisInitialized
FNDA:2,_isNativeReflectConstruct
FNDA:0,(anonymous_15)
FNDA:1,_getPrototypeOf
FNDA:0,_getPrototypeOf
FNDA:2,(anonymous_18)
FNDA:23,Register
FNDA:3,_callee
FNDA:6,_callee$
FNDA:3,_callee2
FNDA:6,_callee2$
FNDA:3,_callee3
FNDA:6,_callee3$
FNDA:5,_callee4
FNDA:10,_callee4$
FNDA:4,_callee5
FNDA:8,_callee5$
FNDA:5,(anonymous_30)
FNDA:5,(anonymous_31)
FNDA:5,(anonymous_32)
FNDA:7,(anonymous_33)
FNDA:10,(anonymous_34)
FNDA:2,(anonymous_35)
FNDA:2,(anonymous_36)
FNDA:1,(anonymous_37)
FNDA:3,_callee6
FNDA:10,_callee6$
FNDA:1,(anonymous_40)
FNDA:2,(anonymous_41)
FNDA:95,render
DA:1,2
DA:2,2
DA:3,2
DA:4,2
DA:5,56
DA:7,2
DA:8,23
DA:9,23
DA:33,6
DA:38,23
DA:41,6
DA:46,23
DA:49,6
DA:55,23
DA:58,10
DA:63,5
DA:64,5
DA:65,4
DA:66,23
DA:69,8
DA:74,23
DA:78,5
DA:79,5
DA:80,4
DA:85,1
DA:89,23
DA:92,5
DA:93,5
DA:94,4
DA:99,1
DA:103,23
DA:106,5
DA:107,5
DA:108,4
DA:113,1
DA:117,23
DA:120,7
DA:121,7
DA:122,6
DA:127,1
DA:131,23
DA:134,10
DA:135,8
DA:140,2
DA:144,23
DA:147,2
DA:148,2
DA:149,1
DA:154,1
DA:158,2
DA:159,23
DA:162,2
DA:163,2
DA:164,1
DA:169,1
DA:173,2
DA:174,23
DA:177,1
DA:178,1
DA:179,1
DA:180,23
DA:182,13
DA:183,3
DA:193,2
DA:198,1
DA:201,2
DA:202,1
DA:206,2
DA:209,1
DA:211,1
DA:214,1
DA:216,1
DA:219,1
DA:221,1
DA:224,1
DA:226,1
DA:229,1
DA:235,23
DA:247,95
DA:363,2
LF:80
LH:80
BRDA:5,0,0,6
BRDA:5,0,1,0
BRDA:5,1,0,6
BRDA:5,1,1,6
BRDA:5,2,0,0
BRDA:5,2,1,2
BRDA:5,3,0,0
BRDA:5,3,1,2
BRDA:5,4,0,2
BRDA:5,4,1,2
BRDA:5,5,0,0
BRDA:5,5,1,2
BRDA:5,6,0,2
BRDA:5,6,1,2
BRDA:5,6,2,0
BRDA:5,7,0,0
BRDA:5,7,1,2
BRDA:5,8,0,2
BRDA:5,8,1,2
BRDA:5,9,0,2
BRDA:5,9,1,2
BRDA:5,10,0,56
BRDA:5,10,1,0
BRDA:5,11,0,56
BRDA:5,11,1,0
BRDA:5,12,0,0
BRDA:5,12,1,56
BRDA:5,13,0,56
BRDA:5,13,1,56
BRDA:5,13,2,56
BRDA:5,14,0,2
BRDA:5,14,1,0
BRDA:5,15,0,0
BRDA:5,15,1,23
BRDA:5,16,0,2
BRDA:5,16,1,2
BRDA:5,17,0,2
BRDA:5,17,1,0
BRDA:5,18,0,2
BRDA:5,18,1,0
BRDA:5,19,0,0
BRDA:5,19,1,2
BRDA:5,20,0,0
BRDA:5,20,1,2
BRDA:5,21,0,2
BRDA:5,21,1,0
BRDA:5,22,0,2
BRDA:5,22,1,2
BRDA:5,23,0,2
BRDA:5,23,1,0
BRDA:5,24,0,2
BRDA:5,24,1,0
BRDA:5,25,0,23
BRDA:5,25,1,0
BRDA:5,26,0,23
BRDA:5,26,1,0
BRDA:5,27,0,23
BRDA:5,27,1,23
BRDA:5,27,2,0
BRDA:5,28,0,0
BRDA:5,28,1,0
BRDA:5,29,0,0
BRDA:5,29,1,2
BRDA:5,30,0,2
BRDA:5,30,1,2
BRDA:5,31,0,0
BRDA:5,31,1,2
BRDA:5,32,0,2
BRDA:5,32,1,0
BRDA:5,33,0,1
BRDA:5,33,1,0
BRDA:5,34,0,0
BRDA:5,34,1,0
BRDA:33,35,0,3
BRDA:33,35,1,3
BRDA:33,35,2,3
BRDA:33,35,3,3
BRDA:41,36,0,3
BRDA:41,36,1,3
BRDA:41,36,2,3
BRDA:41,36,3,3
BRDA:49,37,0,3
BRDA:49,37,1,3
BRDA:49,37,2,3
BRDA:49,37,3,3
BRDA:58,38,0,5
BRDA:58,38,1,5
BRDA:58,38,2,5
BRDA:58,38,3,5
BRDA:64,39,0,4
BRDA:64,39,1,1
BRDA:69,40,0,4
BRDA:69,40,1,4
BRDA:69,40,2,4
BRDA:69,40,3,4
BRDA:79,41,0,4
BRDA:79,41,1,1
BRDA:93,42,0,4
BRDA:93,42,1,1
BRDA:107,43,0,4
BRDA:107,43,1,1
BRDA:121,44,0,6
BRDA:121,44,1,1
BRDA:134,45,0,8
BRDA:134,45,1,2
BRDA:148,46,0,1
BRDA:148,46,1,1
BRDA:158,47,0,0
BRDA:158,47,1,2
BRDA:163,48,0,1
BRDA:163,48,1,1
BRDA:173,49,0,0
BRDA:173,49,1,2
BRDA:182,50,0,3
BRDA:182,50,1,2
BRDA:182,50,2,1
BRDA:182,50,3,1
BRDA:182,50,4,1
BRDA:182,50,5,1
BRDA:182,50,6,1
BRDA:182,50,7,3
BRDA:182,50,8,3
BRDA:182,50,9,3
BRDA:183,51,0,1
BRDA:183,51,1,2
BRDA:184,52,0,3
BRDA:184,52,1,2
BRDA:184,52,2,2
BRDA:184,52,3,2
BRDA:184,52,4,2
BRDA:184,52,5,2
BRDA:184,52,6,2
BRDA:184,52,7,2
BRDA:184,52,8,2
BRDA:184,52,9,2
BRDA:201,53,0,1
BRDA:201,53,1,1
BRDA:206,54,0,0
BRDA:206,54,1,1
BRDA:211,55,0,0
BRDA:211,55,1,1
BRDA:216,56,0,0
BRDA:216,56,1,1
BRDA:221,57,0,0
BRDA:221,57,1,1
BRDA:226,58,0,0
BRDA:226,58,1,1
BRDA:266,59,0,5
BRDA:266,59,1,90
BRDA:266,60,0,89
BRDA:266,60,1,1
BRDA:278,61,0,4
BRDA:278,61,1,91
BRDA:278,62,0,90
BRDA:278,62,1,1
BRDA:290,63,0,3
BRDA:290,63,1,92
BRDA:290,64,0,91
BRDA:290,64,1,1
BRDA:290,65,0,1
BRDA:290,65,1,90
BRDA:300,66,0,94
BRDA:300,66,1,1
BRDA:317,67,0,2
BRDA:317,67,1,93
BRDA:317,68,0,92
BRDA:317,68,1,1
BRDA:327,69,0,94
BRDA:327,69,1,1
BRDA:343,70,0,1
BRDA:343,70,1,94
BRDA:343,71,0,92
BRDA:343,71,1,2
BRF:173
BRH:137
end_of_record
TN:
SF:src\components\RegisterScreen.js
FN:2,_interopRequireDefault
FN:4,RegisterScreen
FNF:2
FNH:2
FNDA:2,_interopRequireDefault
FNDA:1,RegisterScreen
DA:1,1
DA:2,2
DA:4,1
DA:5,1
DA:10,1
LF:5
LH:5
BRDA:2,0,0,1
BRDA:2,0,1,1
BRDA:2,1,0,2
BRDA:2,1,1,2
BRF:4
BRH:4
end_of_record
TN:
SF:src\styles\ForgotPassword.styles.js
FNF:0
FNH:0
DA:1,2
DA:3,2
DA:88,2
LF:3
LH:3
BRF:0
BRH:0
end_of_record
TN:
SF:src\styles\Login.styles.js
FNF:0
FNH:0
DA:1,2
DA:3,2
DA:145,2
LF:3
LH:3
BRF:0
BRH:0
end_of_record
TN:
SF:src\styles\Register.styles.js
FNF:0
FNH:0
DA:1,2
DA:3,2
DA:114,2
LF:3
LH:3
BRF:0
BRH:0
end_of_record
